<?xml version="1.0" encoding="UTF-8"?>
<robot generator="Robot 6.0.2 (Python 3.11.0 on win32)" generated="20230222 16:57:13.860" rpa="false" schemaversion="3">
<suite id="s1" name="Connect" source="C:\Users\kruci\Desktop\d0018e\D0018E\tests\db tests\connect.robot">
<test id="s1-t1" name="Initialize Connection" line="9">
<kw name="Set Log Level" library="BuiltIn" type="SETUP">
<arg>TRACE</arg>
<doc>Sets the log threshold to the specified level and returns the old level.</doc>
<msg timestamp="20230222 16:57:14.360" level="INFO">Log level changed from INFO to TRACE.</msg>
<msg timestamp="20230222 16:57:14.360" level="TRACE">Return: 'INFO'</msg>
<status status="PASS" starttime="20230222 16:57:14.359" endtime="20230222 16:57:14.360"/>
</kw>
<kw name="Disconnect from VM" library="vm">
<msg timestamp="20230222 16:57:14.360" level="TRACE">Arguments: [  ]</msg>
<kw name="Close All Connections" library="SSHLibrary">
<doc>Closes all open connections.</doc>
<msg timestamp="20230222 16:57:14.361" level="TRACE">Arguments: [  ]</msg>
<msg timestamp="20230222 16:57:14.361" level="TRACE">Return: None</msg>
<status status="PASS" starttime="20230222 16:57:14.361" endtime="20230222 16:57:14.361"/>
</kw>
<msg timestamp="20230222 16:57:14.361" level="TRACE">Return: None</msg>
<status status="PASS" starttime="20230222 16:57:14.360" endtime="20230222 16:57:14.361"/>
</kw>
<kw name="Disconnect from VM" library="vm">
<msg timestamp="20230222 16:57:14.361" level="TRACE">Arguments: [  ]</msg>
<kw name="Close All Connections" library="SSHLibrary">
<doc>Closes all open connections.</doc>
<msg timestamp="20230222 16:57:14.361" level="TRACE">Arguments: [  ]</msg>
<msg timestamp="20230222 16:57:14.362" level="TRACE">Return: None</msg>
<status status="PASS" starttime="20230222 16:57:14.361" endtime="20230222 16:57:14.362"/>
</kw>
<msg timestamp="20230222 16:57:14.362" level="TRACE">Return: None</msg>
<status status="PASS" starttime="20230222 16:57:14.361" endtime="20230222 16:57:14.362"/>
</kw>
<kw name="Disconnect from VM" library="vm">
<msg timestamp="20230222 16:57:14.363" level="TRACE">Arguments: [  ]</msg>
<kw name="Close All Connections" library="SSHLibrary">
<doc>Closes all open connections.</doc>
<msg timestamp="20230222 16:57:14.363" level="TRACE">Arguments: [  ]</msg>
<msg timestamp="20230222 16:57:14.363" level="TRACE">Return: None</msg>
<status status="PASS" starttime="20230222 16:57:14.363" endtime="20230222 16:57:14.364"/>
</kw>
<msg timestamp="20230222 16:57:14.364" level="TRACE">Return: None</msg>
<status status="PASS" starttime="20230222 16:57:14.363" endtime="20230222 16:57:14.364"/>
</kw>
<kw name="Disconnect from VM" library="vm">
<msg timestamp="20230222 16:57:14.365" level="TRACE">Arguments: [  ]</msg>
<kw name="Close All Connections" library="SSHLibrary">
<doc>Closes all open connections.</doc>
<msg timestamp="20230222 16:57:14.365" level="TRACE">Arguments: [  ]</msg>
<msg timestamp="20230222 16:57:14.365" level="TRACE">Return: None</msg>
<status status="PASS" starttime="20230222 16:57:14.365" endtime="20230222 16:57:14.365"/>
</kw>
<msg timestamp="20230222 16:57:14.366" level="TRACE">Return: None</msg>
<status status="PASS" starttime="20230222 16:57:14.364" endtime="20230222 16:57:14.366"/>
</kw>
<kw name="Disconnect from VM" library="vm">
<msg timestamp="20230222 16:57:14.367" level="TRACE">Arguments: [  ]</msg>
<kw name="Close All Connections" library="SSHLibrary">
<doc>Closes all open connections.</doc>
<msg timestamp="20230222 16:57:14.367" level="TRACE">Arguments: [  ]</msg>
<msg timestamp="20230222 16:57:14.367" level="TRACE">Return: None</msg>
<status status="PASS" starttime="20230222 16:57:14.367" endtime="20230222 16:57:14.367"/>
</kw>
<msg timestamp="20230222 16:57:14.367" level="TRACE">Return: None</msg>
<status status="PASS" starttime="20230222 16:57:14.366" endtime="20230222 16:57:14.367"/>
</kw>
<kw name="Disconnect from VM" library="vm">
<msg timestamp="20230222 16:57:14.368" level="TRACE">Arguments: [  ]</msg>
<kw name="Close All Connections" library="SSHLibrary">
<doc>Closes all open connections.</doc>
<msg timestamp="20230222 16:57:14.369" level="TRACE">Arguments: [  ]</msg>
<msg timestamp="20230222 16:57:14.369" level="TRACE">Return: None</msg>
<status status="PASS" starttime="20230222 16:57:14.369" endtime="20230222 16:57:14.369"/>
</kw>
<msg timestamp="20230222 16:57:14.369" level="TRACE">Return: None</msg>
<status status="PASS" starttime="20230222 16:57:14.368" endtime="20230222 16:57:14.369"/>
</kw>
<kw name="Disconnect from VM" library="vm">
<msg timestamp="20230222 16:57:14.370" level="TRACE">Arguments: [  ]</msg>
<kw name="Close All Connections" library="SSHLibrary">
<doc>Closes all open connections.</doc>
<msg timestamp="20230222 16:57:14.370" level="TRACE">Arguments: [  ]</msg>
<msg timestamp="20230222 16:57:14.370" level="TRACE">Return: None</msg>
<status status="PASS" starttime="20230222 16:57:14.370" endtime="20230222 16:57:14.370"/>
</kw>
<msg timestamp="20230222 16:57:14.370" level="TRACE">Return: None</msg>
<status status="PASS" starttime="20230222 16:57:14.370" endtime="20230222 16:57:14.370"/>
</kw>
<kw name="Disconnect from VM" library="vm">
<msg timestamp="20230222 16:57:14.371" level="TRACE">Arguments: [  ]</msg>
<kw name="Close All Connections" library="SSHLibrary">
<doc>Closes all open connections.</doc>
<msg timestamp="20230222 16:57:14.371" level="TRACE">Arguments: [  ]</msg>
<msg timestamp="20230222 16:57:14.371" level="TRACE">Return: None</msg>
<status status="PASS" starttime="20230222 16:57:14.371" endtime="20230222 16:57:14.371"/>
</kw>
<msg timestamp="20230222 16:57:14.371" level="TRACE">Return: None</msg>
<status status="PASS" starttime="20230222 16:57:14.371" endtime="20230222 16:57:14.371"/>
</kw>
<kw name="Disconnect from VM" library="vm">
<msg timestamp="20230222 16:57:14.372" level="TRACE">Arguments: [  ]</msg>
<kw name="Close All Connections" library="SSHLibrary">
<doc>Closes all open connections.</doc>
<msg timestamp="20230222 16:57:14.372" level="TRACE">Arguments: [  ]</msg>
<msg timestamp="20230222 16:57:14.372" level="TRACE">Return: None</msg>
<status status="PASS" starttime="20230222 16:57:14.372" endtime="20230222 16:57:14.372"/>
</kw>
<msg timestamp="20230222 16:57:14.372" level="TRACE">Return: None</msg>
<status status="PASS" starttime="20230222 16:57:14.372" endtime="20230222 16:57:14.372"/>
</kw>
<kw name="Disconnect from VM" library="vm">
<msg timestamp="20230222 16:57:14.373" level="TRACE">Arguments: [  ]</msg>
<kw name="Close All Connections" library="SSHLibrary">
<doc>Closes all open connections.</doc>
<msg timestamp="20230222 16:57:14.373" level="TRACE">Arguments: [  ]</msg>
<msg timestamp="20230222 16:57:14.373" level="TRACE">Return: None</msg>
<status status="PASS" starttime="20230222 16:57:14.373" endtime="20230222 16:57:14.373"/>
</kw>
<msg timestamp="20230222 16:57:14.373" level="TRACE">Return: None</msg>
<status status="PASS" starttime="20230222 16:57:14.373" endtime="20230222 16:57:14.373"/>
</kw>
<kw name="Disconnect from VM" library="vm">
<msg timestamp="20230222 16:57:14.374" level="TRACE">Arguments: [  ]</msg>
<kw name="Close All Connections" library="SSHLibrary">
<doc>Closes all open connections.</doc>
<msg timestamp="20230222 16:57:14.375" level="TRACE">Arguments: [  ]</msg>
<msg timestamp="20230222 16:57:14.375" level="TRACE">Return: None</msg>
<status status="PASS" starttime="20230222 16:57:14.374" endtime="20230222 16:57:14.375"/>
</kw>
<msg timestamp="20230222 16:57:14.375" level="TRACE">Return: None</msg>
<status status="PASS" starttime="20230222 16:57:14.374" endtime="20230222 16:57:14.375"/>
</kw>
<kw name="Disconnect from VM" library="vm">
<msg timestamp="20230222 16:57:14.376" level="TRACE">Arguments: [  ]</msg>
<kw name="Close All Connections" library="SSHLibrary">
<doc>Closes all open connections.</doc>
<msg timestamp="20230222 16:57:14.377" level="TRACE">Arguments: [  ]</msg>
<msg timestamp="20230222 16:57:14.377" level="TRACE">Return: None</msg>
<status status="PASS" starttime="20230222 16:57:14.377" endtime="20230222 16:57:14.377"/>
</kw>
<msg timestamp="20230222 16:57:14.377" level="TRACE">Return: None</msg>
<status status="PASS" starttime="20230222 16:57:14.376" endtime="20230222 16:57:14.377"/>
</kw>
<kw name="Disconnect from VM" library="vm">
<msg timestamp="20230222 16:57:14.380" level="TRACE">Arguments: [  ]</msg>
<kw name="Close All Connections" library="SSHLibrary">
<doc>Closes all open connections.</doc>
<msg timestamp="20230222 16:57:14.380" level="TRACE">Arguments: [  ]</msg>
<msg timestamp="20230222 16:57:14.380" level="TRACE">Return: None</msg>
<status status="PASS" starttime="20230222 16:57:14.380" endtime="20230222 16:57:14.380"/>
</kw>
<msg timestamp="20230222 16:57:14.380" level="TRACE">Return: None</msg>
<status status="PASS" starttime="20230222 16:57:14.379" endtime="20230222 16:57:14.380"/>
</kw>
<kw name="Connect to VM" library="vm">
<msg timestamp="20230222 16:57:14.381" level="TRACE">Arguments: [  ]</msg>
<kw name="Set Log Level" library="BuiltIn">
<arg>NONE</arg>
<doc>Sets the log threshold to the specified level and returns the old level.</doc>
<msg timestamp="20230222 16:57:14.381" level="TRACE">Arguments: [ 'NONE' ]</msg>
<status status="PASS" starttime="20230222 16:57:14.381" endtime="20230222 16:57:14.382"/>
</kw>
<kw name="Get Value From User" library="Dialogs">
<var>${SSHPassword}</var>
<arg>SSH password:</arg>
<arg>hidden=yes</arg>
<doc>Pauses execution and asks user to input a value.</doc>
<status status="PASS" starttime="20230222 16:57:14.382" endtime="20230222 16:57:20.565"/>
</kw>
<kw name="Open Connection" library="SSHLibrary">
<arg>${SSHHost}</arg>
<arg>port=${SSHPort}</arg>
<doc>Opens a new SSH connection to the given ``host`` and ``port``.</doc>
<status status="PASS" starttime="20230222 16:57:20.565" endtime="20230222 16:57:20.566"/>
</kw>
<kw name="Login" library="SSHLibrary">
<arg>${SSHUser}</arg>
<arg>${SSHPassword}</arg>
<doc>Logs into the SSH server with the given ``username`` and ``password``.</doc>
<status status="PASS" starttime="20230222 16:57:20.567" endtime="20230222 16:57:22.436"/>
</kw>
<kw name="Set Log Level" library="BuiltIn">
<arg>TRACE</arg>
<doc>Sets the log threshold to the specified level and returns the old level.</doc>
<msg timestamp="20230222 16:57:22.437" level="INFO">Log level changed from NONE to TRACE.</msg>
<msg timestamp="20230222 16:57:22.437" level="TRACE">Return: 'NONE'</msg>
<status status="PASS" starttime="20230222 16:57:22.436" endtime="20230222 16:57:22.437"/>
</kw>
<kw name="Create Local Ssh Tunnel" library="SSHLibrary">
<arg>${localPort}</arg>
<arg>${DBHost}</arg>
<arg>${remotePort}</arg>
<doc>The keyword uses the existing connection to set up local port forwarding
(the openssh -L option) from a local port through a tunneled
connection to a destination reachable from the SSH server machine.</doc>
<msg timestamp="20230222 16:57:22.437" level="TRACE">Arguments: [ '33306' | '127.0.0.1' | 3306 ]</msg>
<msg timestamp="20230222 16:57:22.439" level="INFO">Now forwarding port 33306 to 127.0.0.1:3306 ...</msg>
<msg timestamp="20230222 16:57:22.439" level="TRACE">Return: None</msg>
<status status="PASS" starttime="20230222 16:57:22.437" endtime="20230222 16:57:22.439"/>
</kw>
<msg timestamp="20230222 16:57:22.439" level="TRACE">Return: None</msg>
<status status="PASS" starttime="20230222 16:57:14.380" endtime="20230222 16:57:22.439"/>
</kw>
<kw name="Log" library="BuiltIn">
<arg>\n\nConnection to VM established!</arg>
<arg>console=yes</arg>
<doc>Logs the given message with the given level.</doc>
<msg timestamp="20230222 16:57:22.440" level="TRACE">Arguments: [ '\n\nConnection to VM established!' | console=True ]</msg>
<msg timestamp="20230222 16:57:22.440" level="INFO">

Connection to VM established!</msg>
<msg timestamp="20230222 16:57:22.440" level="TRACE">Return: None</msg>
<status status="PASS" starttime="20230222 16:57:22.440" endtime="20230222 16:57:22.441"/>
</kw>
<kw name="Connect to DB" library="db">
<msg timestamp="20230222 16:57:22.441" level="TRACE">Arguments: [  ]</msg>
<kw name="Connect To Database" library="DatabaseLibrary">
<arg>pymysql</arg>
<arg>${DBName}</arg>
<arg>${DBUser}</arg>
<arg>${DBPassword}</arg>
<arg>${DBHost}</arg>
<arg>${DBPort}</arg>
<doc>Loads the DB API 2.0 module given `dbapiModuleName` then uses it to
connect to the database using `dbName`, `dbUsername`, and `dbPassword`.</doc>
<msg timestamp="20230222 16:57:22.442" level="TRACE">Arguments: [ 'pymysql' | 'd0018e_store' | 'root' | '' | '127.0.0.1' | '33306' ]</msg>
<msg timestamp="20230222 16:57:22.483" level="INFO">Connecting using : pymysql.connect(db=d0018e_store, user=root, passwd=, host=127.0.0.1, port=33306, charset=None) </msg>
<msg timestamp="20230222 16:57:22.535" level="TRACE">Return: None</msg>
<status status="PASS" starttime="20230222 16:57:22.441" endtime="20230222 16:57:22.535"/>
</kw>
<msg timestamp="20230222 16:57:22.535" level="TRACE">Return: None</msg>
<status status="PASS" starttime="20230222 16:57:22.441" endtime="20230222 16:57:22.535"/>
</kw>
<kw name="Log" library="BuiltIn">
<arg>\nConnection to DB established!</arg>
<arg>console=yes</arg>
<doc>Logs the given message with the given level.</doc>
<msg timestamp="20230222 16:57:22.537" level="TRACE">Arguments: [ '\nConnection to DB established!' | console=True ]</msg>
<msg timestamp="20230222 16:57:22.537" level="INFO">
Connection to DB established!</msg>
<msg timestamp="20230222 16:57:22.538" level="TRACE">Return: None</msg>
<status status="PASS" starttime="20230222 16:57:22.537" endtime="20230222 16:57:22.538"/>
</kw>
<tag>AddBooks</tag>
<tag>Addusers</tag>
<tag>Admin</tag>
<tag>Connection</tag>
<tag>DeleteBooks</tag>
<tag>Procedures</tag>
<tag>Tables</tag>
<tag>UpdateDB</tag>
<tag>UserBasketRefusal</tag>
<status status="PASS" starttime="20230222 16:57:14.359" endtime="20230222 16:57:22.538"/>
</test>
<test id="s1-t2" name="Update and re-run DB" line="29">
<kw name="Set Log Level" library="BuiltIn" type="SETUP">
<arg>TRACE</arg>
<doc>Sets the log threshold to the specified level and returns the old level.</doc>
<msg timestamp="20230222 16:57:22.541" level="TRACE">Arguments: [ 'TRACE' ]</msg>
<msg timestamp="20230222 16:57:22.541" level="INFO">Log level changed from TRACE to TRACE.</msg>
<msg timestamp="20230222 16:57:22.541" level="TRACE">Return: 'TRACE'</msg>
<status status="PASS" starttime="20230222 16:57:22.541" endtime="20230222 16:57:22.541"/>
</kw>
<kw name="Update DB file" library="db">
<msg timestamp="20230222 16:57:22.542" level="TRACE">Arguments: [  ]</msg>
<kw name="Put File" library="SSHLibrary">
<arg>${dbsql-path}</arg>
<doc>Uploads file(s) from the local machine to the remote machine.</doc>
<msg timestamp="20230222 16:57:22.543" level="TRACE">Arguments: [ './../../db/db.sql' ]</msg>
<msg timestamp="20230222 16:57:22.543" level="DEBUG">[chan 1] Max packet in: 32768 bytes</msg>
<msg timestamp="20230222 16:57:22.587" level="INFO">[chan 1] Opened sftp connection (server version 3)</msg>
<msg timestamp="20230222 16:57:22.588" level="DEBUG">[chan 1] normalize(b'.')</msg>
<msg timestamp="20230222 16:57:22.602" level="DEBUG">[chan 1] stat(b'/home/karruc-9/')</msg>
<msg timestamp="20230222 16:57:22.617" level="DEBUG">[chan 1] stat(b'/')</msg>
<msg timestamp="20230222 16:57:22.631" level="DEBUG">[chan 1] stat(b'/home')</msg>
<msg timestamp="20230222 16:57:22.646" level="DEBUG">[chan 1] stat(b'/home/karruc-9')</msg>
<msg timestamp="20230222 16:57:22.661" level="DEBUG">[chan 1] stat(b'/home/karruc-9')</msg>
<msg timestamp="20230222 16:57:22.676" level="DEBUG">[chan 1] stat(b'/home/karruc-9//db.sql')</msg>
<msg timestamp="20230222 16:57:22.692" level="DEBUG">[chan 1] open(b'/home/karruc-9//db.sql', 'wb')</msg>
<msg timestamp="20230222 16:57:22.706" level="DEBUG">[chan 1] open(b'/home/karruc-9//db.sql', 'wb') -&gt; 00000000</msg>
<msg timestamp="20230222 16:57:22.708" level="DEBUG">[chan 1] close(00000000)</msg>
<msg timestamp="20230222 16:57:22.738" level="INFO">'.\..\..\db\db.sql' -&gt; '/home/karruc-9//db.sql'</msg>
<msg timestamp="20230222 16:57:22.738" level="TRACE">Return: None</msg>
<status status="PASS" starttime="20230222 16:57:22.542" endtime="20230222 16:57:22.738"/>
</kw>
<kw name="File Should Exist" library="SSHLibrary">
<arg>${dbsql-file}</arg>
<doc>Fails if the given ``path`` does NOT point to an existing file.</doc>
<msg timestamp="20230222 16:57:22.739" level="WARN">Keyword 'File Should Exist' found both from a custom library 'SSHLibrary' and a standard library 'OperatingSystem'. The custom keyword is used. To select explicitly, and to get rid of this warning, use either 'SSHLibrary.File Should Exist' or 'OperatingSystem.File Should Exist'.</msg>
<msg timestamp="20230222 16:57:22.741" level="TRACE">Arguments: [ 'db.sql' ]</msg>
<msg timestamp="20230222 16:57:22.741" level="DEBUG">[chan 1] stat(b'db.sql')</msg>
<msg timestamp="20230222 16:57:22.755" level="TRACE">Return: None</msg>
<status status="PASS" starttime="20230222 16:57:22.739" endtime="20230222 16:57:22.755"/>
</kw>
<msg timestamp="20230222 16:57:22.755" level="TRACE">Return: None</msg>
<status status="PASS" starttime="20230222 16:57:22.542" endtime="20230222 16:57:22.755"/>
</kw>
<kw name="Log" library="BuiltIn">
<arg>\ndb.sql updated!</arg>
<arg>console=yes</arg>
<doc>Logs the given message with the given level.</doc>
<msg timestamp="20230222 16:57:22.756" level="TRACE">Arguments: [ '\ndb.sql updated!' | console=True ]</msg>
<msg timestamp="20230222 16:57:22.756" level="INFO">
db.sql updated!</msg>
<msg timestamp="20230222 16:57:22.757" level="TRACE">Return: None</msg>
<status status="PASS" starttime="20230222 16:57:22.756" endtime="20230222 16:57:22.757"/>
</kw>
<kw name="Run DB file" library="db">
<msg timestamp="20230222 16:57:22.757" level="TRACE">Arguments: [  ]</msg>
<kw name="Execute Command" library="SSHLibrary">
<var>${rc}</var>
<arg>mysql &lt; db.sql</arg>
<arg>return_rc=true</arg>
<arg>sudo=true</arg>
<doc>Executes ``command`` on the remote machine and returns its outputs.</doc>
<msg timestamp="20230222 16:57:22.759" level="TRACE">Arguments: [ 'mysql &lt; db.sql' | return_rc=True | sudo=True ]</msg>
<msg timestamp="20230222 16:57:22.759" level="INFO">Executing command 'sudo mysql &lt; db.sql'.</msg>
<msg timestamp="20230222 16:57:22.759" level="DEBUG">[chan 2] Max packet in: 32768 bytes</msg>
<msg timestamp="20230222 16:57:28.136" level="INFO">Command exited with return code 0.</msg>
<msg timestamp="20230222 16:57:28.136" level="TRACE">Return: ['', 0]</msg>
<msg timestamp="20230222 16:57:28.136" level="INFO">${rc} = ['', 0]</msg>
<status status="PASS" starttime="20230222 16:57:22.758" endtime="20230222 16:57:28.136"/>
</kw>
<kw name="Should Be Equal As Integers" library="BuiltIn">
<arg>${rc[1]}</arg>
<arg>0</arg>
<doc>Fails if objects are unequal after converting them to integers.</doc>
<msg timestamp="20230222 16:57:28.138" level="TRACE">Arguments: [ 0 | '0' ]</msg>
<msg timestamp="20230222 16:57:28.139" level="INFO">Argument types are:
&lt;class 'int'&gt;
&lt;class 'str'&gt;</msg>
<msg timestamp="20230222 16:57:28.139" level="TRACE">Return: None</msg>
<status status="PASS" starttime="20230222 16:57:28.136" endtime="20230222 16:57:28.139"/>
</kw>
<msg timestamp="20230222 16:57:28.139" level="TRACE">Return: None</msg>
<status status="PASS" starttime="20230222 16:57:22.757" endtime="20230222 16:57:28.139"/>
</kw>
<kw name="Log" library="BuiltIn">
<arg>\ndb.sql executed!</arg>
<arg>console=yes</arg>
<doc>Logs the given message with the given level.</doc>
<msg timestamp="20230222 16:57:28.140" level="TRACE">Arguments: [ '\ndb.sql executed!' | console=True ]</msg>
<msg timestamp="20230222 16:57:28.140" level="INFO">
db.sql executed!</msg>
<msg timestamp="20230222 16:57:28.140" level="TRACE">Return: None</msg>
<status status="PASS" starttime="20230222 16:57:28.140" endtime="20230222 16:57:28.141"/>
</kw>
<tag>UpdateDB</tag>
<status status="PASS" starttime="20230222 16:57:22.540" endtime="20230222 16:57:28.141"/>
</test>
<test id="s1-t3" name="Disconnect" line="65">
<kw name="Set Log Level" library="BuiltIn" type="SETUP">
<arg>TRACE</arg>
<doc>Sets the log threshold to the specified level and returns the old level.</doc>
<msg timestamp="20230222 16:57:28.144" level="TRACE">Arguments: [ 'TRACE' ]</msg>
<msg timestamp="20230222 16:57:28.144" level="INFO">Log level changed from TRACE to TRACE.</msg>
<msg timestamp="20230222 16:57:28.144" level="TRACE">Return: 'TRACE'</msg>
<status status="PASS" starttime="20230222 16:57:28.144" endtime="20230222 16:57:28.144"/>
</kw>
<kw name="Disconnect from VM" library="vm">
<msg timestamp="20230222 16:57:28.146" level="TRACE">Arguments: [  ]</msg>
<kw name="Close All Connections" library="SSHLibrary">
<doc>Closes all open connections.</doc>
<msg timestamp="20230222 16:57:28.146" level="TRACE">Arguments: [  ]</msg>
<msg timestamp="20230222 16:57:28.570" level="DEBUG">[chan 1] EOF sent (1)</msg>
<msg timestamp="20230222 16:57:28.571" level="DEBUG">[chan 0] EOF sent (0)</msg>
<msg timestamp="20230222 16:57:28.572" level="TRACE">Return: None</msg>
<status status="PASS" starttime="20230222 16:57:28.146" endtime="20230222 16:57:28.572"/>
</kw>
<msg timestamp="20230222 16:57:28.573" level="TRACE">Return: None</msg>
<status status="PASS" starttime="20230222 16:57:28.146" endtime="20230222 16:57:28.573"/>
</kw>
<tag>Admin</tag>
<tag>Connection</tag>
<tag>Procedures</tag>
<tag>Tables</tag>
<tag>UpdateDB</tag>
<status status="PASS" starttime="20230222 16:57:28.143" endtime="20230222 16:57:28.574"/>
</test>
<doc>Connecting to the DB</doc>
<status status="PASS" starttime="20230222 16:57:13.864" endtime="20230222 16:57:28.577"/>
</suite>
<statistics>
<total>
<stat pass="3" fail="0" skip="0">All Tests</stat>
</total>
<tag>
<stat pass="1" fail="0" skip="0">AddBooks</stat>
<stat pass="1" fail="0" skip="0">Addusers</stat>
<stat pass="2" fail="0" skip="0">Admin</stat>
<stat pass="2" fail="0" skip="0">Connection</stat>
<stat pass="1" fail="0" skip="0">DeleteBooks</stat>
<stat pass="2" fail="0" skip="0">Procedures</stat>
<stat pass="2" fail="0" skip="0">Tables</stat>
<stat pass="3" fail="0" skip="0">UpdateDB</stat>
<stat pass="1" fail="0" skip="0">UserBasketRefusal</stat>
</tag>
<suite>
<stat pass="3" fail="0" skip="0" id="s1" name="Connect">Connect</stat>
</suite>
</statistics>
<errors>
<msg timestamp="20230222 16:57:22.739" level="WARN">Keyword 'File Should Exist' found both from a custom library 'SSHLibrary' and a standard library 'OperatingSystem'. The custom keyword is used. To select explicitly, and to get rid of this warning, use either 'SSHLibrary.File Should Exist' or 'OperatingSystem.File Should Exist'.</msg>
</errors>
</robot>
