<?xml version="1.0" encoding="UTF-8"?>
<robot generator="Robot 6.0.2 (Python 3.11.0 on win32)" generated="20230313 19:40:32.637" rpa="false" schemaversion="3">
<suite id="s1" name="Connect" source="C:\Users\kruci\Downloads\D0018E-main\D0018E-main\tests\db tests\connect.robot">
<test id="s1-t1" name="Initialize Connection" line="9">
<kw name="Set Log Level" library="BuiltIn" type="SETUP">
<arg>TRACE</arg>
<doc>Sets the log threshold to the specified level and returns the old level.</doc>
<msg timestamp="20230313 19:40:33.027" level="INFO">Log level changed from INFO to TRACE.</msg>
<msg timestamp="20230313 19:40:33.027" level="TRACE">Return: 'INFO'</msg>
<status status="PASS" starttime="20230313 19:40:33.026" endtime="20230313 19:40:33.027"/>
</kw>
<kw name="Disconnect from VM" library="vm">
<msg timestamp="20230313 19:40:33.028" level="TRACE">Arguments: [  ]</msg>
<kw name="Close All Connections" library="SSHLibrary">
<doc>Closes all open connections.</doc>
<msg timestamp="20230313 19:40:33.028" level="TRACE">Arguments: [  ]</msg>
<msg timestamp="20230313 19:40:33.028" level="TRACE">Return: None</msg>
<status status="PASS" starttime="20230313 19:40:33.028" endtime="20230313 19:40:33.028"/>
</kw>
<msg timestamp="20230313 19:40:33.028" level="TRACE">Return: None</msg>
<status status="PASS" starttime="20230313 19:40:33.027" endtime="20230313 19:40:33.028"/>
</kw>
<kw name="Disconnect from VM" library="vm">
<msg timestamp="20230313 19:40:33.030" level="TRACE">Arguments: [  ]</msg>
<kw name="Close All Connections" library="SSHLibrary">
<doc>Closes all open connections.</doc>
<msg timestamp="20230313 19:40:33.030" level="TRACE">Arguments: [  ]</msg>
<msg timestamp="20230313 19:40:33.031" level="TRACE">Return: None</msg>
<status status="PASS" starttime="20230313 19:40:33.030" endtime="20230313 19:40:33.031"/>
</kw>
<msg timestamp="20230313 19:40:33.031" level="TRACE">Return: None</msg>
<status status="PASS" starttime="20230313 19:40:33.029" endtime="20230313 19:40:33.031"/>
</kw>
<kw name="Disconnect from VM" library="vm">
<msg timestamp="20230313 19:40:33.032" level="TRACE">Arguments: [  ]</msg>
<kw name="Close All Connections" library="SSHLibrary">
<doc>Closes all open connections.</doc>
<msg timestamp="20230313 19:40:33.032" level="TRACE">Arguments: [  ]</msg>
<msg timestamp="20230313 19:40:33.032" level="TRACE">Return: None</msg>
<status status="PASS" starttime="20230313 19:40:33.032" endtime="20230313 19:40:33.033"/>
</kw>
<msg timestamp="20230313 19:40:33.033" level="TRACE">Return: None</msg>
<status status="PASS" starttime="20230313 19:40:33.032" endtime="20230313 19:40:33.033"/>
</kw>
<kw name="Disconnect from VM" library="vm">
<msg timestamp="20230313 19:40:33.034" level="TRACE">Arguments: [  ]</msg>
<kw name="Close All Connections" library="SSHLibrary">
<doc>Closes all open connections.</doc>
<msg timestamp="20230313 19:40:33.034" level="TRACE">Arguments: [  ]</msg>
<msg timestamp="20230313 19:40:33.034" level="TRACE">Return: None</msg>
<status status="PASS" starttime="20230313 19:40:33.034" endtime="20230313 19:40:33.034"/>
</kw>
<msg timestamp="20230313 19:40:33.034" level="TRACE">Return: None</msg>
<status status="PASS" starttime="20230313 19:40:33.033" endtime="20230313 19:40:33.034"/>
</kw>
<kw name="Disconnect from VM" library="vm">
<msg timestamp="20230313 19:40:33.035" level="TRACE">Arguments: [  ]</msg>
<kw name="Close All Connections" library="SSHLibrary">
<doc>Closes all open connections.</doc>
<msg timestamp="20230313 19:40:33.035" level="TRACE">Arguments: [  ]</msg>
<msg timestamp="20230313 19:40:33.035" level="TRACE">Return: None</msg>
<status status="PASS" starttime="20230313 19:40:33.035" endtime="20230313 19:40:33.036"/>
</kw>
<msg timestamp="20230313 19:40:33.036" level="TRACE">Return: None</msg>
<status status="PASS" starttime="20230313 19:40:33.035" endtime="20230313 19:40:33.036"/>
</kw>
<kw name="Disconnect from VM" library="vm">
<msg timestamp="20230313 19:40:33.036" level="TRACE">Arguments: [  ]</msg>
<kw name="Close All Connections" library="SSHLibrary">
<doc>Closes all open connections.</doc>
<msg timestamp="20230313 19:40:33.037" level="TRACE">Arguments: [  ]</msg>
<msg timestamp="20230313 19:40:33.037" level="TRACE">Return: None</msg>
<status status="PASS" starttime="20230313 19:40:33.037" endtime="20230313 19:40:33.037"/>
</kw>
<msg timestamp="20230313 19:40:33.037" level="TRACE">Return: None</msg>
<status status="PASS" starttime="20230313 19:40:33.036" endtime="20230313 19:40:33.037"/>
</kw>
<kw name="Disconnect from VM" library="vm">
<msg timestamp="20230313 19:40:33.038" level="TRACE">Arguments: [  ]</msg>
<kw name="Close All Connections" library="SSHLibrary">
<doc>Closes all open connections.</doc>
<msg timestamp="20230313 19:40:33.038" level="TRACE">Arguments: [  ]</msg>
<msg timestamp="20230313 19:40:33.038" level="TRACE">Return: None</msg>
<status status="PASS" starttime="20230313 19:40:33.038" endtime="20230313 19:40:33.038"/>
</kw>
<msg timestamp="20230313 19:40:33.038" level="TRACE">Return: None</msg>
<status status="PASS" starttime="20230313 19:40:33.038" endtime="20230313 19:40:33.039"/>
</kw>
<kw name="Disconnect from VM" library="vm">
<msg timestamp="20230313 19:40:33.040" level="TRACE">Arguments: [  ]</msg>
<kw name="Close All Connections" library="SSHLibrary">
<doc>Closes all open connections.</doc>
<msg timestamp="20230313 19:40:33.040" level="TRACE">Arguments: [  ]</msg>
<msg timestamp="20230313 19:40:33.040" level="TRACE">Return: None</msg>
<status status="PASS" starttime="20230313 19:40:33.040" endtime="20230313 19:40:33.040"/>
</kw>
<msg timestamp="20230313 19:40:33.040" level="TRACE">Return: None</msg>
<status status="PASS" starttime="20230313 19:40:33.039" endtime="20230313 19:40:33.040"/>
</kw>
<kw name="Disconnect from VM" library="vm">
<msg timestamp="20230313 19:40:33.042" level="TRACE">Arguments: [  ]</msg>
<kw name="Close All Connections" library="SSHLibrary">
<doc>Closes all open connections.</doc>
<msg timestamp="20230313 19:40:33.042" level="TRACE">Arguments: [  ]</msg>
<msg timestamp="20230313 19:40:33.042" level="TRACE">Return: None</msg>
<status status="PASS" starttime="20230313 19:40:33.042" endtime="20230313 19:40:33.042"/>
</kw>
<msg timestamp="20230313 19:40:33.042" level="TRACE">Return: None</msg>
<status status="PASS" starttime="20230313 19:40:33.041" endtime="20230313 19:40:33.042"/>
</kw>
<kw name="Disconnect from VM" library="vm">
<msg timestamp="20230313 19:40:33.043" level="TRACE">Arguments: [  ]</msg>
<kw name="Close All Connections" library="SSHLibrary">
<doc>Closes all open connections.</doc>
<msg timestamp="20230313 19:40:33.044" level="TRACE">Arguments: [  ]</msg>
<msg timestamp="20230313 19:40:33.044" level="TRACE">Return: None</msg>
<status status="PASS" starttime="20230313 19:40:33.044" endtime="20230313 19:40:33.044"/>
</kw>
<msg timestamp="20230313 19:40:33.044" level="TRACE">Return: None</msg>
<status status="PASS" starttime="20230313 19:40:33.043" endtime="20230313 19:40:33.044"/>
</kw>
<kw name="Disconnect from VM" library="vm">
<msg timestamp="20230313 19:40:33.045" level="TRACE">Arguments: [  ]</msg>
<kw name="Close All Connections" library="SSHLibrary">
<doc>Closes all open connections.</doc>
<msg timestamp="20230313 19:40:33.045" level="TRACE">Arguments: [  ]</msg>
<msg timestamp="20230313 19:40:33.045" level="TRACE">Return: None</msg>
<status status="PASS" starttime="20230313 19:40:33.045" endtime="20230313 19:40:33.045"/>
</kw>
<msg timestamp="20230313 19:40:33.046" level="TRACE">Return: None</msg>
<status status="PASS" starttime="20230313 19:40:33.044" endtime="20230313 19:40:33.046"/>
</kw>
<kw name="Disconnect from VM" library="vm">
<msg timestamp="20230313 19:40:33.047" level="TRACE">Arguments: [  ]</msg>
<kw name="Close All Connections" library="SSHLibrary">
<doc>Closes all open connections.</doc>
<msg timestamp="20230313 19:40:33.048" level="TRACE">Arguments: [  ]</msg>
<msg timestamp="20230313 19:40:33.048" level="TRACE">Return: None</msg>
<status status="PASS" starttime="20230313 19:40:33.047" endtime="20230313 19:40:33.048"/>
</kw>
<msg timestamp="20230313 19:40:33.048" level="TRACE">Return: None</msg>
<status status="PASS" starttime="20230313 19:40:33.047" endtime="20230313 19:40:33.048"/>
</kw>
<kw name="Disconnect from VM" library="vm">
<msg timestamp="20230313 19:40:33.049" level="TRACE">Arguments: [  ]</msg>
<kw name="Close All Connections" library="SSHLibrary">
<doc>Closes all open connections.</doc>
<msg timestamp="20230313 19:40:33.049" level="TRACE">Arguments: [  ]</msg>
<msg timestamp="20230313 19:40:33.049" level="TRACE">Return: None</msg>
<status status="PASS" starttime="20230313 19:40:33.049" endtime="20230313 19:40:33.049"/>
</kw>
<msg timestamp="20230313 19:40:33.049" level="TRACE">Return: None</msg>
<status status="PASS" starttime="20230313 19:40:33.049" endtime="20230313 19:40:33.049"/>
</kw>
<kw name="Connect to VM" library="vm">
<msg timestamp="20230313 19:40:33.050" level="TRACE">Arguments: [  ]</msg>
<kw name="Set Log Level" library="BuiltIn">
<arg>NONE</arg>
<doc>Sets the log threshold to the specified level and returns the old level.</doc>
<msg timestamp="20230313 19:40:33.050" level="TRACE">Arguments: [ 'NONE' ]</msg>
<status status="PASS" starttime="20230313 19:40:33.050" endtime="20230313 19:40:33.052"/>
</kw>
<kw name="Get Value From User" library="Dialogs">
<var>${SSHPassword}</var>
<arg>SSH password:</arg>
<arg>hidden=yes</arg>
<doc>Pauses execution and asks user to input a value.</doc>
<status status="PASS" starttime="20230313 19:40:33.052" endtime="20230313 19:40:34.161"/>
</kw>
<kw name="Open Connection" library="SSHLibrary">
<arg>${SSHHost}</arg>
<arg>port=${SSHPort}</arg>
<doc>Opens a new SSH connection to the given ``host`` and ``port``.</doc>
<status status="PASS" starttime="20230313 19:40:34.161" endtime="20230313 19:40:34.162"/>
</kw>
<kw name="Login" library="SSHLibrary">
<arg>${SSHUser}</arg>
<arg>${SSHPassword}</arg>
<doc>Logs into the SSH server with the given ``username`` and ``password``.</doc>
<status status="PASS" starttime="20230313 19:40:34.162" endtime="20230313 19:40:35.908"/>
</kw>
<kw name="Set Log Level" library="BuiltIn">
<arg>TRACE</arg>
<doc>Sets the log threshold to the specified level and returns the old level.</doc>
<msg timestamp="20230313 19:40:35.908" level="INFO">Log level changed from NONE to TRACE.</msg>
<msg timestamp="20230313 19:40:35.908" level="TRACE">Return: 'NONE'</msg>
<status status="PASS" starttime="20230313 19:40:35.908" endtime="20230313 19:40:35.908"/>
</kw>
<kw name="Create Local Ssh Tunnel" library="SSHLibrary">
<arg>${localPort}</arg>
<arg>${DBHost}</arg>
<arg>${remotePort}</arg>
<doc>The keyword uses the existing connection to set up local port forwarding
(the openssh -L option) from a local port through a tunneled
connection to a destination reachable from the SSH server machine.</doc>
<msg timestamp="20230313 19:40:35.909" level="TRACE">Arguments: [ '33306' | '127.0.0.1' | 3306 ]</msg>
<msg timestamp="20230313 19:40:35.910" level="INFO">Now forwarding port 33306 to 127.0.0.1:3306 ...</msg>
<msg timestamp="20230313 19:40:35.910" level="TRACE">Return: None</msg>
<status status="PASS" starttime="20230313 19:40:35.908" endtime="20230313 19:40:35.910"/>
</kw>
<msg timestamp="20230313 19:40:35.910" level="TRACE">Return: None</msg>
<status status="PASS" starttime="20230313 19:40:33.050" endtime="20230313 19:40:35.910"/>
</kw>
<kw name="Log" library="BuiltIn">
<arg>\n\nConnection to VM established!</arg>
<arg>console=yes</arg>
<doc>Logs the given message with the given level.</doc>
<msg timestamp="20230313 19:40:35.912" level="TRACE">Arguments: [ '\n\nConnection to VM established!' | console=True ]</msg>
<msg timestamp="20230313 19:40:35.912" level="INFO">

Connection to VM established!</msg>
<msg timestamp="20230313 19:40:35.912" level="TRACE">Return: None</msg>
<status status="PASS" starttime="20230313 19:40:35.912" endtime="20230313 19:40:35.912"/>
</kw>
<kw name="Connect to DB" library="db">
<msg timestamp="20230313 19:40:35.913" level="TRACE">Arguments: [  ]</msg>
<kw name="Connect To Database" library="DatabaseLibrary">
<arg>pymysql</arg>
<arg>${DBName}</arg>
<arg>${DBUser}</arg>
<arg>${DBPassword}</arg>
<arg>${DBHost}</arg>
<arg>${DBPort}</arg>
<doc>Loads the DB API 2.0 module given `dbapiModuleName` then uses it to
connect to the database using `dbName`, `dbUsername`, and `dbPassword`.</doc>
<msg timestamp="20230313 19:40:35.914" level="TRACE">Arguments: [ 'pymysql' | 'd0018e_store' | 'root' | '' | '127.0.0.1' | '33306' ]</msg>
<msg timestamp="20230313 19:40:35.953" level="INFO">Connecting using : pymysql.connect(db=d0018e_store, user=root, passwd=, host=127.0.0.1, port=33306, charset=None) </msg>
<msg timestamp="20230313 19:40:35.999" level="TRACE">Return: None</msg>
<status status="PASS" starttime="20230313 19:40:35.913" endtime="20230313 19:40:35.999"/>
</kw>
<msg timestamp="20230313 19:40:36.000" level="TRACE">Return: None</msg>
<status status="PASS" starttime="20230313 19:40:35.913" endtime="20230313 19:40:36.000"/>
</kw>
<kw name="Log" library="BuiltIn">
<arg>\nConnection to DB established!</arg>
<arg>console=yes</arg>
<doc>Logs the given message with the given level.</doc>
<msg timestamp="20230313 19:40:36.001" level="TRACE">Arguments: [ '\nConnection to DB established!' | console=True ]</msg>
<msg timestamp="20230313 19:40:36.001" level="INFO">
Connection to DB established!</msg>
<msg timestamp="20230313 19:40:36.001" level="TRACE">Return: None</msg>
<status status="PASS" starttime="20230313 19:40:36.001" endtime="20230313 19:40:36.001"/>
</kw>
<tag>AddBooks</tag>
<tag>Addusers</tag>
<tag>Admin</tag>
<tag>Connection</tag>
<tag>DeleteBooks</tag>
<tag>Procedures</tag>
<tag>Tables</tag>
<tag>UpdateDB</tag>
<tag>UserBasketRefusal</tag>
<status status="PASS" starttime="20230313 19:40:33.025" endtime="20230313 19:40:36.002"/>
</test>
<test id="s1-t2" name="Three More Books" line="44">
<kw name="Set Log Level" library="BuiltIn" type="SETUP">
<arg>TRACE</arg>
<doc>Sets the log threshold to the specified level and returns the old level.</doc>
<msg timestamp="20230313 19:40:36.003" level="TRACE">Arguments: [ 'TRACE' ]</msg>
<msg timestamp="20230313 19:40:36.004" level="INFO">Log level changed from TRACE to TRACE.</msg>
<msg timestamp="20230313 19:40:36.004" level="TRACE">Return: 'TRACE'</msg>
<status status="PASS" starttime="20230313 19:40:36.003" endtime="20230313 19:40:36.004"/>
</kw>
<kw name="Add Three Books" library="db">
<msg timestamp="20230313 19:40:36.004" level="TRACE">Arguments: [  ]</msg>
<kw name="Table Must Exist" library="DatabaseLibrary">
<arg>${asset}</arg>
<doc>Check if the table given exists in the database. Set optional input `sansTran` to True to run command without an
explicit transaction commit or rollback.</doc>
<msg timestamp="20230313 19:40:36.004" level="TRACE">Arguments: [ 'asset' ]</msg>
<msg timestamp="20230313 19:40:36.004" level="INFO">Executing : Table Must Exist  |  asset </msg>
<msg timestamp="20230313 19:40:36.005" level="INFO">Executing : Row Count  |  SELECT * FROM information_schema.tables WHERE table_name='asset' </msg>
<msg timestamp="20230313 19:40:36.036" level="TRACE">Return: None</msg>
<status status="PASS" starttime="20230313 19:40:36.004" endtime="20230313 19:40:36.036"/>
</kw>
<kw name="Row Count" library="DatabaseLibrary">
<var>${book_counter_bef}</var>
<arg>select * from ${asset}</arg>
<doc>Uses the input `selectStatement` to query the database and returns the number of rows from the query. Set
optional input `sansTran` to True to run command without an explicit transaction commit or rollback.</doc>
<msg timestamp="20230313 19:40:36.037" level="TRACE">Arguments: [ 'select * from asset' ]</msg>
<msg timestamp="20230313 19:40:36.037" level="INFO">Executing : Row Count  |  select * from asset </msg>
<msg timestamp="20230313 19:40:36.065" level="TRACE">Return: 3</msg>
<msg timestamp="20230313 19:40:36.065" level="INFO">${book_counter_bef} = 3</msg>
<status status="PASS" starttime="20230313 19:40:36.037" endtime="20230313 19:40:36.065"/>
</kw>
<kw name="Execute Sql String" library="DatabaseLibrary">
<arg>insert into ${asset}(${toInsertAss}) values(${newBook1}),(${newBook2}),(${newBook3});</arg>
<doc>Executes the sqlString as SQL commands. Useful to pass arguments to your sql. Set optional input `sansTran` to
True to run command without an explicit transaction commit or rollback.</doc>
<msg timestamp="20230313 19:40:36.066" level="TRACE">Arguments: [ 'insert into asset(subject_id,title,price,amount,description) values(2,"Digital Stuff",160.89,24,"Diggy wiggy biggy piggy"),(2,"Introduction To Life",299,20,"The most valueable book in the world. It will change your life. Trust us."),(3,"Nightmares For Babies",199,14,"Ever heard of lullabies for babies? Here comes the LTU version of it. Nightmares. We guarantee you not only immediate nightmares but also long term PTSD.");' ]</msg>
<msg timestamp="20230313 19:40:36.067" level="INFO">Executing : Execute SQL String  |  insert into asset(subject_id,title,price,amount,description) values(2,"Digital Stuff",160.89,24,"Diggy wiggy biggy piggy"),(2,"Introduction To Life",299,20,"The most valueable book in the world. It will change your life. Trust us."),(3,"Nightmares For Babies",199,14,"Ever heard of lullabies for babies? Here comes the LTU version of it. Nightmares. We guarantee you not only immediate nightmares but also long term PTSD."); </msg>
<msg timestamp="20230313 19:40:36.421" level="TRACE">Return: None</msg>
<status status="PASS" starttime="20230313 19:40:36.066" endtime="20230313 19:40:36.421"/>
</kw>
<kw name="Evaluate" library="BuiltIn">
<var>${book_counter_expect}</var>
<arg>${book_counter_bef} + 3</arg>
<doc>Evaluates the given expression in Python and returns the result.</doc>
<msg timestamp="20230313 19:40:36.421" level="TRACE">Arguments: [ '3 + 3' ]</msg>
<msg timestamp="20230313 19:40:36.421" level="TRACE">Return: 6</msg>
<msg timestamp="20230313 19:40:36.422" level="INFO">${book_counter_expect} = 6</msg>
<status status="PASS" starttime="20230313 19:40:36.421" endtime="20230313 19:40:36.422"/>
</kw>
<kw name="Row Count" library="DatabaseLibrary">
<var>${book_counter_after}</var>
<arg>select * from ${asset}</arg>
<doc>Uses the input `selectStatement` to query the database and returns the number of rows from the query. Set
optional input `sansTran` to True to run command without an explicit transaction commit or rollback.</doc>
<msg timestamp="20230313 19:40:36.422" level="TRACE">Arguments: [ 'select * from asset' ]</msg>
<msg timestamp="20230313 19:40:36.422" level="INFO">Executing : Row Count  |  select * from asset </msg>
<msg timestamp="20230313 19:40:36.451" level="TRACE">Return: 6</msg>
<msg timestamp="20230313 19:40:36.451" level="INFO">${book_counter_after} = 6</msg>
<status status="PASS" starttime="20230313 19:40:36.422" endtime="20230313 19:40:36.451"/>
</kw>
<kw name="Should Be Equal As Integers" library="BuiltIn">
<arg>${book_counter_expect}</arg>
<arg>${book_counter_after}</arg>
<doc>Fails if objects are unequal after converting them to integers.</doc>
<msg timestamp="20230313 19:40:36.451" level="TRACE">Arguments: [ 6 | 6 ]</msg>
<msg timestamp="20230313 19:40:36.451" level="DEBUG">Argument types are:
&lt;class 'int'&gt;
&lt;class 'int'&gt;</msg>
<msg timestamp="20230313 19:40:36.452" level="TRACE">Return: None</msg>
<status status="PASS" starttime="20230313 19:40:36.451" endtime="20230313 19:40:36.452"/>
</kw>
<msg timestamp="20230313 19:40:36.452" level="TRACE">Return: None</msg>
<status status="PASS" starttime="20230313 19:40:36.004" endtime="20230313 19:40:36.452"/>
</kw>
<kw name="Add Pics To Books" library="db">
<msg timestamp="20230313 19:40:36.453" level="TRACE">Arguments: [  ]</msg>
<kw name="Table Must Exist" library="DatabaseLibrary">
<arg>${asset}</arg>
<doc>Check if the table given exists in the database. Set optional input `sansTran` to True to run command without an
explicit transaction commit or rollback.</doc>
<msg timestamp="20230313 19:40:36.453" level="TRACE">Arguments: [ 'asset' ]</msg>
<msg timestamp="20230313 19:40:36.453" level="INFO">Executing : Table Must Exist  |  asset </msg>
<msg timestamp="20230313 19:40:36.453" level="INFO">Executing : Row Count  |  SELECT * FROM information_schema.tables WHERE table_name='asset' </msg>
<msg timestamp="20230313 19:40:36.483" level="TRACE">Return: None</msg>
<status status="PASS" starttime="20230313 19:40:36.453" endtime="20230313 19:40:36.484"/>
</kw>
<kw name="Query" library="DatabaseLibrary">
<var>${book1_ass_id}</var>
<arg>select asset_id from ${asset} where title="${newBook1_tit}"</arg>
<doc>Uses the input `selectStatement` to query for the values that will be returned as a list of tuples. Set optional
input `sansTran` to True to run command without an explicit transaction commit or rollback.
Set optional input `returnAsDict` to True to return values as a list of dictionaries.</doc>
<msg timestamp="20230313 19:40:36.484" level="TRACE">Arguments: [ 'select asset_id from asset where title="Digital Stuff"' ]</msg>
<msg timestamp="20230313 19:40:36.485" level="INFO">Executing : Query  |  select asset_id from asset where title="Digital Stuff" </msg>
<msg timestamp="20230313 19:40:36.513" level="TRACE">Return: ((4,),)</msg>
<msg timestamp="20230313 19:40:36.513" level="INFO">${book1_ass_id} = ((4,),)</msg>
<status status="PASS" starttime="20230313 19:40:36.484" endtime="20230313 19:40:36.513"/>
</kw>
<kw name="File Should Exist" library="OperatingSystem">
<arg>${newBook_pic_path}${newBook1_pic}</arg>
<doc>Fails unless the given ``path`` points to an existing file.</doc>
<msg timestamp="20230313 19:40:36.514" level="TRACE">Arguments: [ './../../views/img/85.png' ]</msg>
<msg timestamp="20230313 19:40:36.515" level="INFO" html="true">File '&lt;a href="file://C:\Users\kruci\Downloads\D0018E-main\D0018E-main\views\img\85.png"&gt;C:\Users\kruci\Downloads\D0018E-main\D0018E-main\views\img\85.png&lt;/a&gt;' exists.</msg>
<msg timestamp="20230313 19:40:36.515" level="TRACE">Return: None</msg>
<status status="PASS" starttime="20230313 19:40:36.514" endtime="20230313 19:40:36.515"/>
</kw>
<kw name="Move File" library="OperatingSystem">
<arg>${newBook_pic_path}${newBook1_pic}</arg>
<arg>${newBook_pic_path}${book1_ass_id[0][0]}.png</arg>
<doc>Moves the source file into the destination.</doc>
<msg timestamp="20230313 19:40:36.517" level="TRACE">Arguments: [ './../../views/img/85.png' | './../../views/img/4.png' ]</msg>
<msg timestamp="20230313 19:40:36.520" level="INFO" html="true">Moved file from '&lt;a href="file://C:\Users\kruci\Downloads\D0018E-main\D0018E-main\views\img\85.png"&gt;C:\Users\kruci\Downloads\D0018E-main\D0018E-main\views\img\85.png&lt;/a&gt;' to '&lt;a href="file://C:\Users\kruci\Downloads\D0018E-main\D0018E-main\views\img\4.png"&gt;C:\Users\kruci\Downloads\D0018E-main\D0018E-main\views\img\4.png&lt;/a&gt;'.</msg>
<msg timestamp="20230313 19:40:36.520" level="TRACE">Return: 'C:\\Users\\kruci\\Downloads\\D0018E-main\\D0018E-main\\views\\img\\4.png'</msg>
<status status="PASS" starttime="20230313 19:40:36.515" endtime="20230313 19:40:36.520"/>
</kw>
<kw name="Query" library="DatabaseLibrary">
<var>${book2_ass_id}</var>
<arg>select asset_id from ${asset} where title="${newBook2_tit}"</arg>
<doc>Uses the input `selectStatement` to query for the values that will be returned as a list of tuples. Set optional
input `sansTran` to True to run command without an explicit transaction commit or rollback.
Set optional input `returnAsDict` to True to return values as a list of dictionaries.</doc>
<msg timestamp="20230313 19:40:36.521" level="TRACE">Arguments: [ 'select asset_id from asset where title="Introduction To Life"' ]</msg>
<msg timestamp="20230313 19:40:36.521" level="INFO">Executing : Query  |  select asset_id from asset where title="Introduction To Life" </msg>
<msg timestamp="20230313 19:40:36.550" level="TRACE">Return: ((5,),)</msg>
<msg timestamp="20230313 19:40:36.550" level="INFO">${book2_ass_id} = ((5,),)</msg>
<status status="PASS" starttime="20230313 19:40:36.520" endtime="20230313 19:40:36.550"/>
</kw>
<kw name="File Should Exist" library="OperatingSystem">
<arg>${newBook_pic_path}${newBook2_pic}</arg>
<doc>Fails unless the given ``path`` points to an existing file.</doc>
<msg timestamp="20230313 19:40:36.551" level="TRACE">Arguments: [ './../../views/img/86.png' ]</msg>
<msg timestamp="20230313 19:40:36.551" level="INFO" html="true">File '&lt;a href="file://C:\Users\kruci\Downloads\D0018E-main\D0018E-main\views\img\86.png"&gt;C:\Users\kruci\Downloads\D0018E-main\D0018E-main\views\img\86.png&lt;/a&gt;' exists.</msg>
<msg timestamp="20230313 19:40:36.551" level="TRACE">Return: None</msg>
<status status="PASS" starttime="20230313 19:40:36.550" endtime="20230313 19:40:36.551"/>
</kw>
<kw name="Move File" library="OperatingSystem">
<arg>${newBook_pic_path}${newBook2_pic}</arg>
<arg>${newBook_pic_path}${book2_ass_id[0][0]}.png</arg>
<doc>Moves the source file into the destination.</doc>
<msg timestamp="20230313 19:40:36.553" level="TRACE">Arguments: [ './../../views/img/86.png' | './../../views/img/5.png' ]</msg>
<msg timestamp="20230313 19:40:36.556" level="INFO" html="true">Moved file from '&lt;a href="file://C:\Users\kruci\Downloads\D0018E-main\D0018E-main\views\img\86.png"&gt;C:\Users\kruci\Downloads\D0018E-main\D0018E-main\views\img\86.png&lt;/a&gt;' to '&lt;a href="file://C:\Users\kruci\Downloads\D0018E-main\D0018E-main\views\img\5.png"&gt;C:\Users\kruci\Downloads\D0018E-main\D0018E-main\views\img\5.png&lt;/a&gt;'.</msg>
<msg timestamp="20230313 19:40:36.556" level="TRACE">Return: 'C:\\Users\\kruci\\Downloads\\D0018E-main\\D0018E-main\\views\\img\\5.png'</msg>
<status status="PASS" starttime="20230313 19:40:36.551" endtime="20230313 19:40:36.556"/>
</kw>
<kw name="Query" library="DatabaseLibrary">
<var>${book3_ass_id}</var>
<arg>select asset_id from ${asset} where title="${newBook3_tit}"</arg>
<doc>Uses the input `selectStatement` to query for the values that will be returned as a list of tuples. Set optional
input `sansTran` to True to run command without an explicit transaction commit or rollback.
Set optional input `returnAsDict` to True to return values as a list of dictionaries.</doc>
<msg timestamp="20230313 19:40:36.557" level="TRACE">Arguments: [ 'select asset_id from asset where title="Nightmares For Babies"' ]</msg>
<msg timestamp="20230313 19:40:36.557" level="INFO">Executing : Query  |  select asset_id from asset where title="Nightmares For Babies" </msg>
<msg timestamp="20230313 19:40:36.585" level="TRACE">Return: ((6,),)</msg>
<msg timestamp="20230313 19:40:36.585" level="INFO">${book3_ass_id} = ((6,),)</msg>
<status status="PASS" starttime="20230313 19:40:36.556" endtime="20230313 19:40:36.585"/>
</kw>
<kw name="File Should Exist" library="OperatingSystem">
<arg>${newBook_pic_path}${newBook3_pic}</arg>
<doc>Fails unless the given ``path`` points to an existing file.</doc>
<msg timestamp="20230313 19:40:36.586" level="TRACE">Arguments: [ './../../views/img/87.png' ]</msg>
<msg timestamp="20230313 19:40:36.586" level="INFO" html="true">File '&lt;a href="file://C:\Users\kruci\Downloads\D0018E-main\D0018E-main\views\img\87.png"&gt;C:\Users\kruci\Downloads\D0018E-main\D0018E-main\views\img\87.png&lt;/a&gt;' exists.</msg>
<msg timestamp="20230313 19:40:36.586" level="TRACE">Return: None</msg>
<status status="PASS" starttime="20230313 19:40:36.586" endtime="20230313 19:40:36.587"/>
</kw>
<kw name="Move File" library="OperatingSystem">
<arg>${newBook_pic_path}${newBook3_pic}</arg>
<arg>${newBook_pic_path}${book3_ass_id[0][0]}.png</arg>
<doc>Moves the source file into the destination.</doc>
<msg timestamp="20230313 19:40:36.588" level="TRACE">Arguments: [ './../../views/img/87.png' | './../../views/img/6.png' ]</msg>
<msg timestamp="20230313 19:40:36.591" level="INFO" html="true">Moved file from '&lt;a href="file://C:\Users\kruci\Downloads\D0018E-main\D0018E-main\views\img\87.png"&gt;C:\Users\kruci\Downloads\D0018E-main\D0018E-main\views\img\87.png&lt;/a&gt;' to '&lt;a href="file://C:\Users\kruci\Downloads\D0018E-main\D0018E-main\views\img\6.png"&gt;C:\Users\kruci\Downloads\D0018E-main\D0018E-main\views\img\6.png&lt;/a&gt;'.</msg>
<msg timestamp="20230313 19:40:36.591" level="TRACE">Return: 'C:\\Users\\kruci\\Downloads\\D0018E-main\\D0018E-main\\views\\img\\6.png'</msg>
<status status="PASS" starttime="20230313 19:40:36.587" endtime="20230313 19:40:36.591"/>
</kw>
<msg timestamp="20230313 19:40:36.591" level="TRACE">Return: None</msg>
<status status="PASS" starttime="20230313 19:40:36.453" endtime="20230313 19:40:36.591"/>
</kw>
<tag>AddBooks</tag>
<status status="PASS" starttime="20230313 19:40:36.003" endtime="20230313 19:40:36.592"/>
</test>
<doc>Connecting to the DB</doc>
<status status="PASS" starttime="20230313 19:40:32.640" endtime="20230313 19:40:36.593"/>
</suite>
<statistics>
<total>
<stat pass="2" fail="0" skip="0">All Tests</stat>
</total>
<tag>
<stat pass="2" fail="0" skip="0">AddBooks</stat>
<stat pass="1" fail="0" skip="0">Addusers</stat>
<stat pass="1" fail="0" skip="0">Admin</stat>
<stat pass="1" fail="0" skip="0">Connection</stat>
<stat pass="1" fail="0" skip="0">DeleteBooks</stat>
<stat pass="1" fail="0" skip="0">Procedures</stat>
<stat pass="1" fail="0" skip="0">Tables</stat>
<stat pass="1" fail="0" skip="0">UpdateDB</stat>
<stat pass="1" fail="0" skip="0">UserBasketRefusal</stat>
</tag>
<suite>
<stat pass="2" fail="0" skip="0" id="s1" name="Connect">Connect</stat>
</suite>
</statistics>
<errors>
</errors>
</robot>
