<?xml version="1.0" encoding="UTF-8"?>
<robot generator="Robot 6.0.2 (Python 3.11.0 on win32)" generated="20230222 12:32:45.518" rpa="false" schemaversion="3">
<suite id="s1" name="Connect" source="C:\Users\kruci\Desktop\d0018e\D0018E\tests\db tests\connect.robot">
<test id="s1-t1" name="Initialize Connection" line="9">
<kw name="Set Log Level" library="BuiltIn" type="SETUP">
<arg>TRACE</arg>
<doc>Sets the log threshold to the specified level and returns the old level.</doc>
<msg timestamp="20230222 12:32:45.980" level="INFO">Log level changed from INFO to TRACE.</msg>
<msg timestamp="20230222 12:32:45.980" level="TRACE">Return: 'INFO'</msg>
<status status="PASS" starttime="20230222 12:32:45.980" endtime="20230222 12:32:45.980"/>
</kw>
<kw name="Disconnect from VM" library="vm">
<msg timestamp="20230222 12:32:45.981" level="TRACE">Arguments: [  ]</msg>
<kw name="Close All Connections" library="SSHLibrary">
<doc>Closes all open connections.</doc>
<msg timestamp="20230222 12:32:45.981" level="TRACE">Arguments: [  ]</msg>
<msg timestamp="20230222 12:32:45.981" level="TRACE">Return: None</msg>
<status status="PASS" starttime="20230222 12:32:45.981" endtime="20230222 12:32:45.981"/>
</kw>
<msg timestamp="20230222 12:32:45.981" level="TRACE">Return: None</msg>
<status status="PASS" starttime="20230222 12:32:45.981" endtime="20230222 12:32:45.981"/>
</kw>
<kw name="Disconnect from VM" library="vm">
<msg timestamp="20230222 12:32:45.982" level="TRACE">Arguments: [  ]</msg>
<kw name="Close All Connections" library="SSHLibrary">
<doc>Closes all open connections.</doc>
<msg timestamp="20230222 12:32:45.982" level="TRACE">Arguments: [  ]</msg>
<msg timestamp="20230222 12:32:45.982" level="TRACE">Return: None</msg>
<status status="PASS" starttime="20230222 12:32:45.982" endtime="20230222 12:32:45.982"/>
</kw>
<msg timestamp="20230222 12:32:45.982" level="TRACE">Return: None</msg>
<status status="PASS" starttime="20230222 12:32:45.982" endtime="20230222 12:32:45.982"/>
</kw>
<kw name="Disconnect from VM" library="vm">
<msg timestamp="20230222 12:32:45.983" level="TRACE">Arguments: [  ]</msg>
<kw name="Close All Connections" library="SSHLibrary">
<doc>Closes all open connections.</doc>
<msg timestamp="20230222 12:32:45.983" level="TRACE">Arguments: [  ]</msg>
<msg timestamp="20230222 12:32:45.983" level="TRACE">Return: None</msg>
<status status="PASS" starttime="20230222 12:32:45.983" endtime="20230222 12:32:45.983"/>
</kw>
<msg timestamp="20230222 12:32:45.983" level="TRACE">Return: None</msg>
<status status="PASS" starttime="20230222 12:32:45.983" endtime="20230222 12:32:45.983"/>
</kw>
<kw name="Disconnect from VM" library="vm">
<msg timestamp="20230222 12:32:45.984" level="TRACE">Arguments: [  ]</msg>
<kw name="Close All Connections" library="SSHLibrary">
<doc>Closes all open connections.</doc>
<msg timestamp="20230222 12:32:45.984" level="TRACE">Arguments: [  ]</msg>
<msg timestamp="20230222 12:32:45.984" level="TRACE">Return: None</msg>
<status status="PASS" starttime="20230222 12:32:45.984" endtime="20230222 12:32:45.984"/>
</kw>
<msg timestamp="20230222 12:32:45.984" level="TRACE">Return: None</msg>
<status status="PASS" starttime="20230222 12:32:45.983" endtime="20230222 12:32:45.984"/>
</kw>
<kw name="Disconnect from VM" library="vm">
<msg timestamp="20230222 12:32:45.985" level="TRACE">Arguments: [  ]</msg>
<kw name="Close All Connections" library="SSHLibrary">
<doc>Closes all open connections.</doc>
<msg timestamp="20230222 12:32:45.985" level="TRACE">Arguments: [  ]</msg>
<msg timestamp="20230222 12:32:45.985" level="TRACE">Return: None</msg>
<status status="PASS" starttime="20230222 12:32:45.985" endtime="20230222 12:32:45.985"/>
</kw>
<msg timestamp="20230222 12:32:45.985" level="TRACE">Return: None</msg>
<status status="PASS" starttime="20230222 12:32:45.984" endtime="20230222 12:32:45.985"/>
</kw>
<kw name="Connect to VM" library="vm">
<msg timestamp="20230222 12:32:45.986" level="TRACE">Arguments: [  ]</msg>
<kw name="Set Log Level" library="BuiltIn">
<arg>NONE</arg>
<doc>Sets the log threshold to the specified level and returns the old level.</doc>
<msg timestamp="20230222 12:32:45.986" level="TRACE">Arguments: [ 'NONE' ]</msg>
<status status="PASS" starttime="20230222 12:32:45.986" endtime="20230222 12:32:45.986"/>
</kw>
<kw name="Get Value From User" library="Dialogs">
<var>${SSHPassword}</var>
<arg>SSH password:</arg>
<arg>hidden=yes</arg>
<doc>Pauses execution and asks user to input a value.</doc>
<status status="PASS" starttime="20230222 12:32:45.986" endtime="20230222 12:32:48.125"/>
</kw>
<kw name="Open Connection" library="SSHLibrary">
<arg>${SSHHost}</arg>
<arg>port=${SSHPort}</arg>
<doc>Opens a new SSH connection to the given ``host`` and ``port``.</doc>
<status status="PASS" starttime="20230222 12:32:48.125" endtime="20230222 12:32:48.126"/>
</kw>
<kw name="Login" library="SSHLibrary">
<arg>${SSHUser}</arg>
<arg>${SSHPassword}</arg>
<doc>Logs into the SSH server with the given ``username`` and ``password``.</doc>
<status status="PASS" starttime="20230222 12:32:48.126" endtime="20230222 12:32:49.605"/>
</kw>
<kw name="Set Log Level" library="BuiltIn">
<arg>TRACE</arg>
<doc>Sets the log threshold to the specified level and returns the old level.</doc>
<msg timestamp="20230222 12:32:49.607" level="INFO">Log level changed from NONE to TRACE.</msg>
<msg timestamp="20230222 12:32:49.608" level="TRACE">Return: 'NONE'</msg>
<status status="PASS" starttime="20230222 12:32:49.606" endtime="20230222 12:32:49.608"/>
</kw>
<kw name="Create Local Ssh Tunnel" library="SSHLibrary">
<arg>${localPort}</arg>
<arg>${DBHost}</arg>
<arg>${remotePort}</arg>
<doc>The keyword uses the existing connection to set up local port forwarding
(the openssh -L option) from a local port through a tunneled
connection to a destination reachable from the SSH server machine.</doc>
<msg timestamp="20230222 12:32:49.609" level="TRACE">Arguments: [ '33306' | '127.0.0.1' | 3306 ]</msg>
<msg timestamp="20230222 12:32:49.611" level="INFO">Now forwarding port 33306 to 127.0.0.1:3306 ...</msg>
<msg timestamp="20230222 12:32:49.611" level="TRACE">Return: None</msg>
<status status="PASS" starttime="20230222 12:32:49.608" endtime="20230222 12:32:49.611"/>
</kw>
<msg timestamp="20230222 12:32:49.612" level="TRACE">Return: None</msg>
<status status="PASS" starttime="20230222 12:32:45.985" endtime="20230222 12:32:49.612"/>
</kw>
<kw name="Log" library="BuiltIn">
<arg>\n\nConnection to VM established!</arg>
<arg>console=yes</arg>
<doc>Logs the given message with the given level.</doc>
<msg timestamp="20230222 12:32:49.614" level="TRACE">Arguments: [ '\n\nConnection to VM established!' | console=True ]</msg>
<msg timestamp="20230222 12:32:49.614" level="INFO">

Connection to VM established!</msg>
<msg timestamp="20230222 12:32:49.614" level="TRACE">Return: None</msg>
<status status="PASS" starttime="20230222 12:32:49.613" endtime="20230222 12:32:49.614"/>
</kw>
<kw name="Connect to DB" library="db">
<msg timestamp="20230222 12:32:49.616" level="TRACE">Arguments: [  ]</msg>
<kw name="Connect To Database" library="DatabaseLibrary">
<arg>pymysql</arg>
<arg>${DBName}</arg>
<arg>${DBUser}</arg>
<arg>${DBPassword}</arg>
<arg>${DBHost}</arg>
<arg>${DBPort}</arg>
<doc>Loads the DB API 2.0 module given `dbapiModuleName` then uses it to
connect to the database using `dbName`, `dbUsername`, and `dbPassword`.</doc>
<msg timestamp="20230222 12:32:49.616" level="TRACE">Arguments: [ 'pymysql' | 'd0018e_store' | 'root' | '' | '127.0.0.1' | '33306' ]</msg>
<msg timestamp="20230222 12:32:49.647" level="INFO">Connecting using : pymysql.connect(db=d0018e_store, user=root, passwd=, host=127.0.0.1, port=33306, charset=None) </msg>
<msg timestamp="20230222 12:32:49.699" level="TRACE">Return: None</msg>
<status status="PASS" starttime="20230222 12:32:49.616" endtime="20230222 12:32:49.699"/>
</kw>
<msg timestamp="20230222 12:32:49.700" level="TRACE">Return: None</msg>
<status status="PASS" starttime="20230222 12:32:49.615" endtime="20230222 12:32:49.700"/>
</kw>
<kw name="Log" library="BuiltIn">
<arg>\nConnection to DB established!</arg>
<arg>console=yes</arg>
<doc>Logs the given message with the given level.</doc>
<msg timestamp="20230222 12:32:49.702" level="TRACE">Arguments: [ '\nConnection to DB established!' | console=True ]</msg>
<msg timestamp="20230222 12:32:49.702" level="INFO">
Connection to DB established!</msg>
<msg timestamp="20230222 12:32:49.702" level="TRACE">Return: None</msg>
<status status="PASS" starttime="20230222 12:32:49.702" endtime="20230222 12:32:49.702"/>
</kw>
<tag>Addusers</tag>
<tag>Admin</tag>
<tag>Connection</tag>
<tag>Procedures</tag>
<tag>Tables</tag>
<tag>UpdateDB</tag>
<tag>UserBasketRefusal</tag>
<status status="PASS" starttime="20230222 12:32:45.979" endtime="20230222 12:32:49.703"/>
</test>
<test id="s1-t2" name="Update and re-run DB" line="21">
<kw name="Set Log Level" library="BuiltIn" type="SETUP">
<arg>TRACE</arg>
<doc>Sets the log threshold to the specified level and returns the old level.</doc>
<msg timestamp="20230222 12:32:49.705" level="TRACE">Arguments: [ 'TRACE' ]</msg>
<msg timestamp="20230222 12:32:49.706" level="INFO">Log level changed from TRACE to TRACE.</msg>
<msg timestamp="20230222 12:32:49.706" level="TRACE">Return: 'TRACE'</msg>
<status status="PASS" starttime="20230222 12:32:49.705" endtime="20230222 12:32:49.706"/>
</kw>
<kw name="Update DB file" library="db">
<msg timestamp="20230222 12:32:49.706" level="TRACE">Arguments: [  ]</msg>
<kw name="Put File" library="SSHLibrary">
<arg>${dbsql-path}</arg>
<doc>Uploads file(s) from the local machine to the remote machine.</doc>
<msg timestamp="20230222 12:32:49.707" level="TRACE">Arguments: [ './../../db/db.sql' ]</msg>
<msg timestamp="20230222 12:32:49.707" level="DEBUG">[chan 1] Max packet in: 32768 bytes</msg>
<msg timestamp="20230222 12:32:49.751" level="INFO">[chan 1] Opened sftp connection (server version 3)</msg>
<msg timestamp="20230222 12:32:49.751" level="DEBUG">[chan 1] normalize(b'.')</msg>
<msg timestamp="20230222 12:32:49.766" level="DEBUG">[chan 1] stat(b'/home/karruc-9/')</msg>
<msg timestamp="20230222 12:32:49.781" level="DEBUG">[chan 1] stat(b'/')</msg>
<msg timestamp="20230222 12:32:49.796" level="DEBUG">[chan 1] stat(b'/home')</msg>
<msg timestamp="20230222 12:32:49.810" level="DEBUG">[chan 1] stat(b'/home/karruc-9')</msg>
<msg timestamp="20230222 12:32:49.824" level="DEBUG">[chan 1] stat(b'/home/karruc-9')</msg>
<msg timestamp="20230222 12:32:49.840" level="DEBUG">[chan 1] stat(b'/home/karruc-9//db.sql')</msg>
<msg timestamp="20230222 12:32:49.854" level="DEBUG">[chan 1] open(b'/home/karruc-9//db.sql', 'wb')</msg>
<msg timestamp="20230222 12:32:49.869" level="DEBUG">[chan 1] open(b'/home/karruc-9//db.sql', 'wb') -&gt; 00000000</msg>
<msg timestamp="20230222 12:32:49.871" level="DEBUG">[chan 1] close(00000000)</msg>
<msg timestamp="20230222 12:32:49.898" level="INFO">'.\..\..\db\db.sql' -&gt; '/home/karruc-9//db.sql'</msg>
<msg timestamp="20230222 12:32:49.898" level="TRACE">Return: None</msg>
<status status="PASS" starttime="20230222 12:32:49.706" endtime="20230222 12:32:49.898"/>
</kw>
<kw name="File Should Exist" library="SSHLibrary">
<arg>${dbsql-file}</arg>
<doc>Fails if the given ``path`` does NOT point to an existing file.</doc>
<msg timestamp="20230222 12:32:49.899" level="TRACE">Arguments: [ 'db.sql' ]</msg>
<msg timestamp="20230222 12:32:49.899" level="DEBUG">[chan 1] stat(b'db.sql')</msg>
<msg timestamp="20230222 12:32:49.913" level="TRACE">Return: None</msg>
<status status="PASS" starttime="20230222 12:32:49.899" endtime="20230222 12:32:49.914"/>
</kw>
<msg timestamp="20230222 12:32:49.914" level="TRACE">Return: None</msg>
<status status="PASS" starttime="20230222 12:32:49.706" endtime="20230222 12:32:49.914"/>
</kw>
<kw name="Log" library="BuiltIn">
<arg>\ndb.sql updated!</arg>
<arg>console=yes</arg>
<doc>Logs the given message with the given level.</doc>
<msg timestamp="20230222 12:32:49.915" level="TRACE">Arguments: [ '\ndb.sql updated!' | console=True ]</msg>
<msg timestamp="20230222 12:32:49.916" level="INFO">
db.sql updated!</msg>
<msg timestamp="20230222 12:32:49.917" level="TRACE">Return: None</msg>
<status status="PASS" starttime="20230222 12:32:49.915" endtime="20230222 12:32:49.917"/>
</kw>
<kw name="Run DB file" library="db">
<msg timestamp="20230222 12:32:49.921" level="TRACE">Arguments: [  ]</msg>
<kw name="Execute Command" library="SSHLibrary">
<var>${rc}</var>
<arg>mysql &lt; db.sql</arg>
<arg>return_rc=true</arg>
<arg>sudo=true</arg>
<doc>Executes ``command`` on the remote machine and returns its outputs.</doc>
<msg timestamp="20230222 12:32:49.922" level="TRACE">Arguments: [ 'mysql &lt; db.sql' | return_rc=True | sudo=True ]</msg>
<msg timestamp="20230222 12:32:49.922" level="INFO">Executing command 'sudo mysql &lt; db.sql'.</msg>
<msg timestamp="20230222 12:32:49.922" level="DEBUG">[chan 2] Max packet in: 32768 bytes</msg>
<msg timestamp="20230222 12:33:37.015" level="INFO">Command exited with return code 0.</msg>
<msg timestamp="20230222 12:33:37.015" level="TRACE">Return: ['', 0]</msg>
<msg timestamp="20230222 12:33:37.015" level="INFO">${rc} = ['', 0]</msg>
<status status="PASS" starttime="20230222 12:32:49.922" endtime="20230222 12:33:37.015"/>
</kw>
<kw name="Should Be Equal As Integers" library="BuiltIn">
<arg>${rc[1]}</arg>
<arg>0</arg>
<doc>Fails if objects are unequal after converting them to integers.</doc>
<msg timestamp="20230222 12:33:37.017" level="TRACE">Arguments: [ 0 | '0' ]</msg>
<msg timestamp="20230222 12:33:37.018" level="INFO">Argument types are:
&lt;class 'int'&gt;
&lt;class 'str'&gt;</msg>
<msg timestamp="20230222 12:33:37.018" level="TRACE">Return: None</msg>
<status status="PASS" starttime="20230222 12:33:37.015" endtime="20230222 12:33:37.018"/>
</kw>
<msg timestamp="20230222 12:33:37.018" level="TRACE">Return: None</msg>
<status status="PASS" starttime="20230222 12:32:49.921" endtime="20230222 12:33:37.018"/>
</kw>
<kw name="Log" library="BuiltIn">
<arg>\ndb.sql executed!</arg>
<arg>console=yes</arg>
<doc>Logs the given message with the given level.</doc>
<msg timestamp="20230222 12:33:37.019" level="TRACE">Arguments: [ '\ndb.sql executed!' | console=True ]</msg>
<msg timestamp="20230222 12:33:37.019" level="INFO">
db.sql executed!</msg>
<msg timestamp="20230222 12:33:37.020" level="TRACE">Return: None</msg>
<status status="PASS" starttime="20230222 12:33:37.019" endtime="20230222 12:33:37.020"/>
</kw>
<tag>UpdateDB</tag>
<status status="PASS" starttime="20230222 12:32:49.704" endtime="20230222 12:33:37.020"/>
</test>
<test id="s1-t3" name="Disconnect" line="48">
<kw name="Set Log Level" library="BuiltIn" type="SETUP">
<arg>TRACE</arg>
<doc>Sets the log threshold to the specified level and returns the old level.</doc>
<msg timestamp="20230222 12:33:37.022" level="TRACE">Arguments: [ 'TRACE' ]</msg>
<msg timestamp="20230222 12:33:37.022" level="INFO">Log level changed from TRACE to TRACE.</msg>
<msg timestamp="20230222 12:33:37.022" level="TRACE">Return: 'TRACE'</msg>
<status status="PASS" starttime="20230222 12:33:37.022" endtime="20230222 12:33:37.022"/>
</kw>
<kw name="Disconnect from VM" library="vm">
<msg timestamp="20230222 12:33:37.023" level="TRACE">Arguments: [  ]</msg>
<kw name="Close All Connections" library="SSHLibrary">
<doc>Closes all open connections.</doc>
<msg timestamp="20230222 12:33:37.023" level="TRACE">Arguments: [  ]</msg>
<msg timestamp="20230222 12:33:37.043" level="DEBUG">[chan 1] EOF sent (1)</msg>
<msg timestamp="20230222 12:33:37.044" level="DEBUG">[chan 0] EOF sent (0)</msg>
<msg timestamp="20230222 12:33:37.046" level="TRACE">Return: None</msg>
<status status="PASS" starttime="20230222 12:33:37.023" endtime="20230222 12:33:37.046"/>
</kw>
<msg timestamp="20230222 12:33:37.046" level="TRACE">Return: None</msg>
<status status="PASS" starttime="20230222 12:33:37.023" endtime="20230222 12:33:37.046"/>
</kw>
<tag>Admin</tag>
<tag>Connection</tag>
<tag>Procedures</tag>
<tag>Tables</tag>
<tag>UpdateDB</tag>
<status status="PASS" starttime="20230222 12:33:37.021" endtime="20230222 12:33:37.047"/>
</test>
<doc>Connecting to the DB</doc>
<status status="PASS" starttime="20230222 12:32:45.522" endtime="20230222 12:33:37.049"/>
</suite>
<statistics>
<total>
<stat pass="3" fail="0" skip="0">All Tests</stat>
</total>
<tag>
<stat pass="1" fail="0" skip="0">Addusers</stat>
<stat pass="2" fail="0" skip="0">Admin</stat>
<stat pass="2" fail="0" skip="0">Connection</stat>
<stat pass="2" fail="0" skip="0">Procedures</stat>
<stat pass="2" fail="0" skip="0">Tables</stat>
<stat pass="3" fail="0" skip="0">UpdateDB</stat>
<stat pass="1" fail="0" skip="0">UserBasketRefusal</stat>
</tag>
<suite>
<stat pass="3" fail="0" skip="0" id="s1" name="Connect">Connect</stat>
</suite>
</statistics>
<errors>
</errors>
</robot>
