<?xml version="1.0" encoding="UTF-8"?>
<robot generator="Robot 6.0.2 (Python 3.11.0 on win32)" generated="20230313 22:56:59.091" rpa="false" schemaversion="3">
<suite id="s1" name="Connect" source="C:\Users\kruci\Desktop\d0018e\D0018E\tests\db tests\connect.robot">
<test id="s1-t1" name="Initialize Connection" line="9">
<kw name="Set Log Level" library="BuiltIn" type="SETUP">
<arg>TRACE</arg>
<doc>Sets the log threshold to the specified level and returns the old level.</doc>
<msg timestamp="20230313 22:56:59.426" level="INFO">Log level changed from INFO to TRACE.</msg>
<msg timestamp="20230313 22:56:59.426" level="TRACE">Return: 'INFO'</msg>
<status status="PASS" starttime="20230313 22:56:59.426" endtime="20230313 22:56:59.426"/>
</kw>
<kw name="Disconnect from VM" library="vm">
<msg timestamp="20230313 22:56:59.427" level="TRACE">Arguments: [  ]</msg>
<kw name="Close All Connections" library="SSHLibrary">
<doc>Closes all open connections.</doc>
<msg timestamp="20230313 22:56:59.428" level="TRACE">Arguments: [  ]</msg>
<msg timestamp="20230313 22:56:59.428" level="TRACE">Return: None</msg>
<status status="PASS" starttime="20230313 22:56:59.428" endtime="20230313 22:56:59.428"/>
</kw>
<msg timestamp="20230313 22:56:59.428" level="TRACE">Return: None</msg>
<status status="PASS" starttime="20230313 22:56:59.427" endtime="20230313 22:56:59.428"/>
</kw>
<kw name="Disconnect from VM" library="vm">
<msg timestamp="20230313 22:56:59.429" level="TRACE">Arguments: [  ]</msg>
<kw name="Close All Connections" library="SSHLibrary">
<doc>Closes all open connections.</doc>
<msg timestamp="20230313 22:56:59.429" level="TRACE">Arguments: [  ]</msg>
<msg timestamp="20230313 22:56:59.429" level="TRACE">Return: None</msg>
<status status="PASS" starttime="20230313 22:56:59.429" endtime="20230313 22:56:59.429"/>
</kw>
<msg timestamp="20230313 22:56:59.429" level="TRACE">Return: None</msg>
<status status="PASS" starttime="20230313 22:56:59.429" endtime="20230313 22:56:59.429"/>
</kw>
<kw name="Disconnect from VM" library="vm">
<msg timestamp="20230313 22:56:59.430" level="TRACE">Arguments: [  ]</msg>
<kw name="Close All Connections" library="SSHLibrary">
<doc>Closes all open connections.</doc>
<msg timestamp="20230313 22:56:59.430" level="TRACE">Arguments: [  ]</msg>
<msg timestamp="20230313 22:56:59.430" level="TRACE">Return: None</msg>
<status status="PASS" starttime="20230313 22:56:59.430" endtime="20230313 22:56:59.430"/>
</kw>
<msg timestamp="20230313 22:56:59.430" level="TRACE">Return: None</msg>
<status status="PASS" starttime="20230313 22:56:59.430" endtime="20230313 22:56:59.431"/>
</kw>
<kw name="Disconnect from VM" library="vm">
<msg timestamp="20230313 22:56:59.431" level="TRACE">Arguments: [  ]</msg>
<kw name="Close All Connections" library="SSHLibrary">
<doc>Closes all open connections.</doc>
<msg timestamp="20230313 22:56:59.431" level="TRACE">Arguments: [  ]</msg>
<msg timestamp="20230313 22:56:59.431" level="TRACE">Return: None</msg>
<status status="PASS" starttime="20230313 22:56:59.431" endtime="20230313 22:56:59.432"/>
</kw>
<msg timestamp="20230313 22:56:59.432" level="TRACE">Return: None</msg>
<status status="PASS" starttime="20230313 22:56:59.431" endtime="20230313 22:56:59.432"/>
</kw>
<kw name="Disconnect from VM" library="vm">
<msg timestamp="20230313 22:56:59.432" level="TRACE">Arguments: [  ]</msg>
<kw name="Close All Connections" library="SSHLibrary">
<doc>Closes all open connections.</doc>
<msg timestamp="20230313 22:56:59.432" level="TRACE">Arguments: [  ]</msg>
<msg timestamp="20230313 22:56:59.433" level="TRACE">Return: None</msg>
<status status="PASS" starttime="20230313 22:56:59.432" endtime="20230313 22:56:59.433"/>
</kw>
<msg timestamp="20230313 22:56:59.433" level="TRACE">Return: None</msg>
<status status="PASS" starttime="20230313 22:56:59.432" endtime="20230313 22:56:59.433"/>
</kw>
<kw name="Disconnect from VM" library="vm">
<msg timestamp="20230313 22:56:59.433" level="TRACE">Arguments: [  ]</msg>
<kw name="Close All Connections" library="SSHLibrary">
<doc>Closes all open connections.</doc>
<msg timestamp="20230313 22:56:59.434" level="TRACE">Arguments: [  ]</msg>
<msg timestamp="20230313 22:56:59.434" level="TRACE">Return: None</msg>
<status status="PASS" starttime="20230313 22:56:59.434" endtime="20230313 22:56:59.434"/>
</kw>
<msg timestamp="20230313 22:56:59.434" level="TRACE">Return: None</msg>
<status status="PASS" starttime="20230313 22:56:59.433" endtime="20230313 22:56:59.434"/>
</kw>
<kw name="Disconnect from VM" library="vm">
<msg timestamp="20230313 22:56:59.434" level="TRACE">Arguments: [  ]</msg>
<kw name="Close All Connections" library="SSHLibrary">
<doc>Closes all open connections.</doc>
<msg timestamp="20230313 22:56:59.435" level="TRACE">Arguments: [  ]</msg>
<msg timestamp="20230313 22:56:59.435" level="TRACE">Return: None</msg>
<status status="PASS" starttime="20230313 22:56:59.435" endtime="20230313 22:56:59.435"/>
</kw>
<msg timestamp="20230313 22:56:59.435" level="TRACE">Return: None</msg>
<status status="PASS" starttime="20230313 22:56:59.434" endtime="20230313 22:56:59.435"/>
</kw>
<kw name="Disconnect from VM" library="vm">
<msg timestamp="20230313 22:56:59.436" level="TRACE">Arguments: [  ]</msg>
<kw name="Close All Connections" library="SSHLibrary">
<doc>Closes all open connections.</doc>
<msg timestamp="20230313 22:56:59.436" level="TRACE">Arguments: [  ]</msg>
<msg timestamp="20230313 22:56:59.436" level="TRACE">Return: None</msg>
<status status="PASS" starttime="20230313 22:56:59.436" endtime="20230313 22:56:59.436"/>
</kw>
<msg timestamp="20230313 22:56:59.436" level="TRACE">Return: None</msg>
<status status="PASS" starttime="20230313 22:56:59.435" endtime="20230313 22:56:59.436"/>
</kw>
<kw name="Disconnect from VM" library="vm">
<msg timestamp="20230313 22:56:59.437" level="TRACE">Arguments: [  ]</msg>
<kw name="Close All Connections" library="SSHLibrary">
<doc>Closes all open connections.</doc>
<msg timestamp="20230313 22:56:59.437" level="TRACE">Arguments: [  ]</msg>
<msg timestamp="20230313 22:56:59.437" level="TRACE">Return: None</msg>
<status status="PASS" starttime="20230313 22:56:59.437" endtime="20230313 22:56:59.437"/>
</kw>
<msg timestamp="20230313 22:56:59.438" level="TRACE">Return: None</msg>
<status status="PASS" starttime="20230313 22:56:59.437" endtime="20230313 22:56:59.438"/>
</kw>
<kw name="Disconnect from VM" library="vm">
<msg timestamp="20230313 22:56:59.438" level="TRACE">Arguments: [  ]</msg>
<kw name="Close All Connections" library="SSHLibrary">
<doc>Closes all open connections.</doc>
<msg timestamp="20230313 22:56:59.438" level="TRACE">Arguments: [  ]</msg>
<msg timestamp="20230313 22:56:59.439" level="TRACE">Return: None</msg>
<status status="PASS" starttime="20230313 22:56:59.438" endtime="20230313 22:56:59.439"/>
</kw>
<msg timestamp="20230313 22:56:59.439" level="TRACE">Return: None</msg>
<status status="PASS" starttime="20230313 22:56:59.438" endtime="20230313 22:56:59.439"/>
</kw>
<kw name="Disconnect from VM" library="vm">
<msg timestamp="20230313 22:56:59.439" level="TRACE">Arguments: [  ]</msg>
<kw name="Close All Connections" library="SSHLibrary">
<doc>Closes all open connections.</doc>
<msg timestamp="20230313 22:56:59.440" level="TRACE">Arguments: [  ]</msg>
<msg timestamp="20230313 22:56:59.440" level="TRACE">Return: None</msg>
<status status="PASS" starttime="20230313 22:56:59.440" endtime="20230313 22:56:59.440"/>
</kw>
<msg timestamp="20230313 22:56:59.440" level="TRACE">Return: None</msg>
<status status="PASS" starttime="20230313 22:56:59.439" endtime="20230313 22:56:59.440"/>
</kw>
<kw name="Disconnect from VM" library="vm">
<msg timestamp="20230313 22:56:59.441" level="TRACE">Arguments: [  ]</msg>
<kw name="Close All Connections" library="SSHLibrary">
<doc>Closes all open connections.</doc>
<msg timestamp="20230313 22:56:59.441" level="TRACE">Arguments: [  ]</msg>
<msg timestamp="20230313 22:56:59.441" level="TRACE">Return: None</msg>
<status status="PASS" starttime="20230313 22:56:59.441" endtime="20230313 22:56:59.441"/>
</kw>
<msg timestamp="20230313 22:56:59.441" level="TRACE">Return: None</msg>
<status status="PASS" starttime="20230313 22:56:59.440" endtime="20230313 22:56:59.441"/>
</kw>
<kw name="Disconnect from VM" library="vm">
<msg timestamp="20230313 22:56:59.441" level="TRACE">Arguments: [  ]</msg>
<kw name="Close All Connections" library="SSHLibrary">
<doc>Closes all open connections.</doc>
<msg timestamp="20230313 22:56:59.442" level="TRACE">Arguments: [  ]</msg>
<msg timestamp="20230313 22:56:59.442" level="TRACE">Return: None</msg>
<status status="PASS" starttime="20230313 22:56:59.442" endtime="20230313 22:56:59.442"/>
</kw>
<msg timestamp="20230313 22:56:59.442" level="TRACE">Return: None</msg>
<status status="PASS" starttime="20230313 22:56:59.441" endtime="20230313 22:56:59.442"/>
</kw>
<kw name="Connect to VM" library="vm">
<msg timestamp="20230313 22:56:59.442" level="TRACE">Arguments: [  ]</msg>
<kw name="Set Log Level" library="BuiltIn">
<arg>NONE</arg>
<doc>Sets the log threshold to the specified level and returns the old level.</doc>
<msg timestamp="20230313 22:56:59.443" level="TRACE">Arguments: [ 'NONE' ]</msg>
<status status="PASS" starttime="20230313 22:56:59.442" endtime="20230313 22:56:59.444"/>
</kw>
<kw name="Get Value From User" library="Dialogs">
<var>${SSHPassword}</var>
<arg>SSH password:</arg>
<arg>hidden=yes</arg>
<doc>Pauses execution and asks user to input a value.</doc>
<status status="PASS" starttime="20230313 22:56:59.445" endtime="20230313 22:57:00.700"/>
</kw>
<kw name="Open Connection" library="SSHLibrary">
<arg>${SSHHost}</arg>
<arg>port=${SSHPort}</arg>
<doc>Opens a new SSH connection to the given ``host`` and ``port``.</doc>
<status status="PASS" starttime="20230313 22:57:00.700" endtime="20230313 22:57:00.701"/>
</kw>
<kw name="Login" library="SSHLibrary">
<arg>${SSHUser}</arg>
<arg>${SSHPassword}</arg>
<doc>Logs into the SSH server with the given ``username`` and ``password``.</doc>
<status status="PASS" starttime="20230313 22:57:00.701" endtime="20230313 22:57:02.550"/>
</kw>
<kw name="Set Log Level" library="BuiltIn">
<arg>TRACE</arg>
<doc>Sets the log threshold to the specified level and returns the old level.</doc>
<msg timestamp="20230313 22:57:02.551" level="INFO">Log level changed from NONE to TRACE.</msg>
<msg timestamp="20230313 22:57:02.551" level="TRACE">Return: 'NONE'</msg>
<status status="PASS" starttime="20230313 22:57:02.550" endtime="20230313 22:57:02.551"/>
</kw>
<kw name="Create Local Ssh Tunnel" library="SSHLibrary">
<arg>${localPort}</arg>
<arg>${DBHost}</arg>
<arg>${remotePort}</arg>
<doc>The keyword uses the existing connection to set up local port forwarding
(the openssh -L option) from a local port through a tunneled
connection to a destination reachable from the SSH server machine.</doc>
<msg timestamp="20230313 22:57:02.552" level="TRACE">Arguments: [ '33306' | '127.0.0.1' | 3306 ]</msg>
<msg timestamp="20230313 22:57:02.553" level="INFO">Now forwarding port 33306 to 127.0.0.1:3306 ...</msg>
<msg timestamp="20230313 22:57:02.553" level="TRACE">Return: None</msg>
<status status="PASS" starttime="20230313 22:57:02.551" endtime="20230313 22:57:02.553"/>
</kw>
<msg timestamp="20230313 22:57:02.553" level="TRACE">Return: None</msg>
<status status="PASS" starttime="20230313 22:56:59.442" endtime="20230313 22:57:02.553"/>
</kw>
<kw name="Log" library="BuiltIn">
<arg>\n\nConnection to VM established!</arg>
<arg>console=yes</arg>
<doc>Logs the given message with the given level.</doc>
<msg timestamp="20230313 22:57:02.561" level="TRACE">Arguments: [ '\n\nConnection to VM established!' | console=True ]</msg>
<msg timestamp="20230313 22:57:02.561" level="INFO">

Connection to VM established!</msg>
<msg timestamp="20230313 22:57:02.564" level="TRACE">Return: None</msg>
<status status="PASS" starttime="20230313 22:57:02.560" endtime="20230313 22:57:02.564"/>
</kw>
<kw name="Connect to DB" library="db">
<msg timestamp="20230313 22:57:02.565" level="TRACE">Arguments: [  ]</msg>
<kw name="Connect To Database" library="DatabaseLibrary">
<arg>pymysql</arg>
<arg>${DBName}</arg>
<arg>${DBUser}</arg>
<arg>${DBPassword}</arg>
<arg>${DBHost}</arg>
<arg>${DBPort}</arg>
<doc>Loads the DB API 2.0 module given `dbapiModuleName` then uses it to
connect to the database using `dbName`, `dbUsername`, and `dbPassword`.</doc>
<msg timestamp="20230313 22:57:02.566" level="TRACE">Arguments: [ 'pymysql' | 'd0018e_store' | 'root' | '' | '127.0.0.1' | '33306' ]</msg>
<msg timestamp="20230313 22:57:02.611" level="INFO">Connecting using : pymysql.connect(db=d0018e_store, user=root, passwd=, host=127.0.0.1, port=33306, charset=None) </msg>
<msg timestamp="20230313 22:57:02.656" level="TRACE">Return: None</msg>
<status status="PASS" starttime="20230313 22:57:02.565" endtime="20230313 22:57:02.656"/>
</kw>
<msg timestamp="20230313 22:57:02.656" level="TRACE">Return: None</msg>
<status status="PASS" starttime="20230313 22:57:02.564" endtime="20230313 22:57:02.656"/>
</kw>
<kw name="Log" library="BuiltIn">
<arg>\nConnection to DB established!</arg>
<arg>console=yes</arg>
<doc>Logs the given message with the given level.</doc>
<msg timestamp="20230313 22:57:02.658" level="TRACE">Arguments: [ '\nConnection to DB established!' | console=True ]</msg>
<msg timestamp="20230313 22:57:02.658" level="INFO">
Connection to DB established!</msg>
<msg timestamp="20230313 22:57:02.658" level="TRACE">Return: None</msg>
<status status="PASS" starttime="20230313 22:57:02.657" endtime="20230313 22:57:02.658"/>
</kw>
<tag>AddBooks</tag>
<tag>Addusers</tag>
<tag>Admin</tag>
<tag>Connection</tag>
<tag>DeleteBooks</tag>
<tag>Procedures</tag>
<tag>Tables</tag>
<tag>UpdateDB</tag>
<tag>UserBasketRefusal</tag>
<status status="PASS" starttime="20230313 22:56:59.425" endtime="20230313 22:57:02.659"/>
</test>
<test id="s1-t2" name="Update and re-run DB" line="29">
<kw name="Set Log Level" library="BuiltIn" type="SETUP">
<arg>TRACE</arg>
<doc>Sets the log threshold to the specified level and returns the old level.</doc>
<msg timestamp="20230313 22:57:02.661" level="TRACE">Arguments: [ 'TRACE' ]</msg>
<msg timestamp="20230313 22:57:02.662" level="INFO">Log level changed from TRACE to TRACE.</msg>
<msg timestamp="20230313 22:57:02.662" level="TRACE">Return: 'TRACE'</msg>
<status status="PASS" starttime="20230313 22:57:02.661" endtime="20230313 22:57:02.662"/>
</kw>
<kw name="Update DB file" library="db">
<msg timestamp="20230313 22:57:02.663" level="TRACE">Arguments: [  ]</msg>
<kw name="Put File" library="SSHLibrary">
<arg>${dbsql-path}</arg>
<doc>Uploads file(s) from the local machine to the remote machine.</doc>
<msg timestamp="20230313 22:57:02.663" level="TRACE">Arguments: [ './../../db/db.sql' ]</msg>
<msg timestamp="20230313 22:57:02.663" level="DEBUG">[chan 1] Max packet in: 32768 bytes</msg>
<msg timestamp="20230313 22:57:02.707" level="INFO">[chan 1] Opened sftp connection (server version 3)</msg>
<msg timestamp="20230313 22:57:02.708" level="DEBUG">[chan 1] normalize(b'.')</msg>
<msg timestamp="20230313 22:57:02.722" level="DEBUG">[chan 1] stat(b'/home/karruc-9/')</msg>
<msg timestamp="20230313 22:57:02.737" level="DEBUG">[chan 1] stat(b'/')</msg>
<msg timestamp="20230313 22:57:02.751" level="DEBUG">[chan 1] stat(b'/home')</msg>
<msg timestamp="20230313 22:57:02.766" level="DEBUG">[chan 1] stat(b'/home/karruc-9')</msg>
<msg timestamp="20230313 22:57:02.780" level="DEBUG">[chan 1] stat(b'/home/karruc-9')</msg>
<msg timestamp="20230313 22:57:02.795" level="DEBUG">[chan 1] stat(b'/home/karruc-9//db.sql')</msg>
<msg timestamp="20230313 22:57:02.810" level="DEBUG">[chan 1] open(b'/home/karruc-9//db.sql', 'wb')</msg>
<msg timestamp="20230313 22:57:02.837" level="DEBUG">[chan 1] open(b'/home/karruc-9//db.sql', 'wb') -&gt; 00000000</msg>
<msg timestamp="20230313 22:57:02.839" level="DEBUG">[chan 1] close(00000000)</msg>
<msg timestamp="20230313 22:57:02.866" level="INFO">'.\..\..\db\db.sql' -&gt; '/home/karruc-9//db.sql'</msg>
<msg timestamp="20230313 22:57:02.867" level="TRACE">Return: None</msg>
<status status="PASS" starttime="20230313 22:57:02.663" endtime="20230313 22:57:02.867"/>
</kw>
<kw name="File Should Exist" library="SSHLibrary">
<arg>${dbsql-file}</arg>
<doc>Fails if the given ``path`` does NOT point to an existing file.</doc>
<msg timestamp="20230313 22:57:02.867" level="WARN">Keyword 'File Should Exist' found both from a custom library 'SSHLibrary' and a standard library 'OperatingSystem'. The custom keyword is used. To select explicitly, and to get rid of this warning, use either 'SSHLibrary.File Should Exist' or 'OperatingSystem.File Should Exist'.</msg>
<msg timestamp="20230313 22:57:02.868" level="TRACE">Arguments: [ 'db.sql' ]</msg>
<msg timestamp="20230313 22:57:02.869" level="DEBUG">[chan 1] stat(b'db.sql')</msg>
<msg timestamp="20230313 22:57:02.883" level="TRACE">Return: None</msg>
<status status="PASS" starttime="20230313 22:57:02.867" endtime="20230313 22:57:02.883"/>
</kw>
<msg timestamp="20230313 22:57:02.883" level="TRACE">Return: None</msg>
<status status="PASS" starttime="20230313 22:57:02.662" endtime="20230313 22:57:02.883"/>
</kw>
<kw name="Log" library="BuiltIn">
<arg>\ndb.sql updated!</arg>
<arg>console=yes</arg>
<doc>Logs the given message with the given level.</doc>
<msg timestamp="20230313 22:57:02.884" level="TRACE">Arguments: [ '\ndb.sql updated!' | console=True ]</msg>
<msg timestamp="20230313 22:57:02.884" level="INFO">
db.sql updated!</msg>
<msg timestamp="20230313 22:57:02.885" level="TRACE">Return: None</msg>
<status status="PASS" starttime="20230313 22:57:02.884" endtime="20230313 22:57:02.885"/>
</kw>
<kw name="Run DB file" library="db">
<msg timestamp="20230313 22:57:02.886" level="TRACE">Arguments: [  ]</msg>
<kw name="Execute Command" library="SSHLibrary">
<var>${rc}</var>
<arg>mysql &lt; db.sql</arg>
<arg>return_rc=true</arg>
<arg>sudo=true</arg>
<doc>Executes ``command`` on the remote machine and returns its outputs.</doc>
<msg timestamp="20230313 22:57:02.886" level="TRACE">Arguments: [ 'mysql &lt; db.sql' | return_rc=True | sudo=True ]</msg>
<msg timestamp="20230313 22:57:02.886" level="INFO">Executing command 'sudo mysql &lt; db.sql'.</msg>
<msg timestamp="20230313 22:57:02.887" level="DEBUG">[chan 2] Max packet in: 32768 bytes</msg>
<msg timestamp="20230313 22:57:32.626" level="INFO">Command exited with return code 0.</msg>
<msg timestamp="20230313 22:57:32.626" level="TRACE">Return: ['', 0]</msg>
<msg timestamp="20230313 22:57:32.626" level="INFO">${rc} = ['', 0]</msg>
<status status="PASS" starttime="20230313 22:57:02.886" endtime="20230313 22:57:32.626"/>
</kw>
<kw name="Should Be Equal As Integers" library="BuiltIn">
<arg>${rc[1]}</arg>
<arg>0</arg>
<doc>Fails if objects are unequal after converting them to integers.</doc>
<msg timestamp="20230313 22:57:32.628" level="TRACE">Arguments: [ 0 | '0' ]</msg>
<msg timestamp="20230313 22:57:32.628" level="INFO">Argument types are:
&lt;class 'int'&gt;
&lt;class 'str'&gt;</msg>
<msg timestamp="20230313 22:57:32.628" level="TRACE">Return: None</msg>
<status status="PASS" starttime="20230313 22:57:32.626" endtime="20230313 22:57:32.628"/>
</kw>
<msg timestamp="20230313 22:57:32.628" level="TRACE">Return: None</msg>
<status status="PASS" starttime="20230313 22:57:02.885" endtime="20230313 22:57:32.628"/>
</kw>
<kw name="Log" library="BuiltIn">
<arg>\ndb.sql executed!</arg>
<arg>console=yes</arg>
<doc>Logs the given message with the given level.</doc>
<msg timestamp="20230313 22:57:32.629" level="TRACE">Arguments: [ '\ndb.sql executed!' | console=True ]</msg>
<msg timestamp="20230313 22:57:32.629" level="INFO">
db.sql executed!</msg>
<msg timestamp="20230313 22:57:32.629" level="TRACE">Return: None</msg>
<status status="PASS" starttime="20230313 22:57:32.629" endtime="20230313 22:57:32.629"/>
</kw>
<tag>UpdateDB</tag>
<status status="PASS" starttime="20230313 22:57:02.660" endtime="20230313 22:57:32.630"/>
</test>
<test id="s1-t3" name="Disconnect" line="65">
<kw name="Set Log Level" library="BuiltIn" type="SETUP">
<arg>TRACE</arg>
<doc>Sets the log threshold to the specified level and returns the old level.</doc>
<msg timestamp="20230313 22:57:32.632" level="TRACE">Arguments: [ 'TRACE' ]</msg>
<msg timestamp="20230313 22:57:32.632" level="INFO">Log level changed from TRACE to TRACE.</msg>
<msg timestamp="20230313 22:57:32.632" level="TRACE">Return: 'TRACE'</msg>
<status status="PASS" starttime="20230313 22:57:32.632" endtime="20230313 22:57:32.632"/>
</kw>
<kw name="Disconnect from VM" library="vm">
<msg timestamp="20230313 22:57:32.633" level="TRACE">Arguments: [  ]</msg>
<kw name="Close All Connections" library="SSHLibrary">
<doc>Closes all open connections.</doc>
<msg timestamp="20230313 22:57:32.633" level="TRACE">Arguments: [  ]</msg>
<msg timestamp="20230313 22:57:32.989" level="DEBUG">[chan 1] EOF sent (1)</msg>
<msg timestamp="20230313 22:57:32.989" level="DEBUG">[chan 0] EOF sent (0)</msg>
<msg timestamp="20230313 22:57:32.990" level="TRACE">Return: None</msg>
<status status="PASS" starttime="20230313 22:57:32.633" endtime="20230313 22:57:32.990"/>
</kw>
<msg timestamp="20230313 22:57:32.990" level="TRACE">Return: None</msg>
<status status="PASS" starttime="20230313 22:57:32.632" endtime="20230313 22:57:32.990"/>
</kw>
<tag>Admin</tag>
<tag>Connection</tag>
<tag>Procedures</tag>
<tag>Tables</tag>
<tag>UpdateDB</tag>
<status status="PASS" starttime="20230313 22:57:32.631" endtime="20230313 22:57:32.991"/>
</test>
<doc>Connecting to the DB</doc>
<status status="PASS" starttime="20230313 22:56:59.095" endtime="20230313 22:57:32.992"/>
</suite>
<statistics>
<total>
<stat pass="3" fail="0" skip="0">All Tests</stat>
</total>
<tag>
<stat pass="1" fail="0" skip="0">AddBooks</stat>
<stat pass="1" fail="0" skip="0">Addusers</stat>
<stat pass="2" fail="0" skip="0">Admin</stat>
<stat pass="2" fail="0" skip="0">Connection</stat>
<stat pass="1" fail="0" skip="0">DeleteBooks</stat>
<stat pass="2" fail="0" skip="0">Procedures</stat>
<stat pass="2" fail="0" skip="0">Tables</stat>
<stat pass="3" fail="0" skip="0">UpdateDB</stat>
<stat pass="1" fail="0" skip="0">UserBasketRefusal</stat>
</tag>
<suite>
<stat pass="3" fail="0" skip="0" id="s1" name="Connect">Connect</stat>
</suite>
</statistics>
<errors>
<msg timestamp="20230313 22:57:02.867" level="WARN">Keyword 'File Should Exist' found both from a custom library 'SSHLibrary' and a standard library 'OperatingSystem'. The custom keyword is used. To select explicitly, and to get rid of this warning, use either 'SSHLibrary.File Should Exist' or 'OperatingSystem.File Should Exist'.</msg>
</errors>
</robot>
