<?xml version="1.0" encoding="UTF-8"?>
<robot generator="Robot 6.0.2 (Python 3.11.0 on win32)" generated="20230222 16:25:24.498" rpa="false" schemaversion="3">
<suite id="s1" name="Connect" source="C:\Users\kruci\Desktop\d0018e\D0018E\tests\db tests\connect.robot">
<test id="s1-t1" name="Initialize Connection" line="9">
<kw name="Set Log Level" library="BuiltIn" type="SETUP">
<arg>TRACE</arg>
<doc>Sets the log threshold to the specified level and returns the old level.</doc>
<msg timestamp="20230222 16:25:25.047" level="INFO">Log level changed from INFO to TRACE.</msg>
<msg timestamp="20230222 16:25:25.047" level="TRACE">Return: 'INFO'</msg>
<status status="PASS" starttime="20230222 16:25:25.047" endtime="20230222 16:25:25.047"/>
</kw>
<kw name="Disconnect from VM" library="vm">
<msg timestamp="20230222 16:25:25.048" level="TRACE">Arguments: [  ]</msg>
<kw name="Close All Connections" library="SSHLibrary">
<doc>Closes all open connections.</doc>
<msg timestamp="20230222 16:25:25.049" level="TRACE">Arguments: [  ]</msg>
<msg timestamp="20230222 16:25:25.049" level="TRACE">Return: None</msg>
<status status="PASS" starttime="20230222 16:25:25.048" endtime="20230222 16:25:25.049"/>
</kw>
<msg timestamp="20230222 16:25:25.049" level="TRACE">Return: None</msg>
<status status="PASS" starttime="20230222 16:25:25.048" endtime="20230222 16:25:25.049"/>
</kw>
<kw name="Disconnect from VM" library="vm">
<msg timestamp="20230222 16:25:25.050" level="TRACE">Arguments: [  ]</msg>
<kw name="Close All Connections" library="SSHLibrary">
<doc>Closes all open connections.</doc>
<msg timestamp="20230222 16:25:25.050" level="TRACE">Arguments: [  ]</msg>
<msg timestamp="20230222 16:25:25.051" level="TRACE">Return: None</msg>
<status status="PASS" starttime="20230222 16:25:25.050" endtime="20230222 16:25:25.051"/>
</kw>
<msg timestamp="20230222 16:25:25.051" level="TRACE">Return: None</msg>
<status status="PASS" starttime="20230222 16:25:25.050" endtime="20230222 16:25:25.051"/>
</kw>
<kw name="Disconnect from VM" library="vm">
<msg timestamp="20230222 16:25:25.052" level="TRACE">Arguments: [  ]</msg>
<kw name="Close All Connections" library="SSHLibrary">
<doc>Closes all open connections.</doc>
<msg timestamp="20230222 16:25:25.052" level="TRACE">Arguments: [  ]</msg>
<msg timestamp="20230222 16:25:25.052" level="TRACE">Return: None</msg>
<status status="PASS" starttime="20230222 16:25:25.052" endtime="20230222 16:25:25.052"/>
</kw>
<msg timestamp="20230222 16:25:25.052" level="TRACE">Return: None</msg>
<status status="PASS" starttime="20230222 16:25:25.051" endtime="20230222 16:25:25.053"/>
</kw>
<kw name="Disconnect from VM" library="vm">
<msg timestamp="20230222 16:25:25.053" level="TRACE">Arguments: [  ]</msg>
<kw name="Close All Connections" library="SSHLibrary">
<doc>Closes all open connections.</doc>
<msg timestamp="20230222 16:25:25.054" level="TRACE">Arguments: [  ]</msg>
<msg timestamp="20230222 16:25:25.054" level="TRACE">Return: None</msg>
<status status="PASS" starttime="20230222 16:25:25.054" endtime="20230222 16:25:25.054"/>
</kw>
<msg timestamp="20230222 16:25:25.055" level="TRACE">Return: None</msg>
<status status="PASS" starttime="20230222 16:25:25.053" endtime="20230222 16:25:25.055"/>
</kw>
<kw name="Disconnect from VM" library="vm">
<msg timestamp="20230222 16:25:25.058" level="TRACE">Arguments: [  ]</msg>
<kw name="Close All Connections" library="SSHLibrary">
<doc>Closes all open connections.</doc>
<msg timestamp="20230222 16:25:25.058" level="TRACE">Arguments: [  ]</msg>
<msg timestamp="20230222 16:25:25.058" level="TRACE">Return: None</msg>
<status status="PASS" starttime="20230222 16:25:25.058" endtime="20230222 16:25:25.058"/>
</kw>
<msg timestamp="20230222 16:25:25.059" level="TRACE">Return: None</msg>
<status status="PASS" starttime="20230222 16:25:25.057" endtime="20230222 16:25:25.059"/>
</kw>
<kw name="Disconnect from VM" library="vm">
<msg timestamp="20230222 16:25:25.060" level="TRACE">Arguments: [  ]</msg>
<kw name="Close All Connections" library="SSHLibrary">
<doc>Closes all open connections.</doc>
<msg timestamp="20230222 16:25:25.060" level="TRACE">Arguments: [  ]</msg>
<msg timestamp="20230222 16:25:25.061" level="TRACE">Return: None</msg>
<status status="PASS" starttime="20230222 16:25:25.060" endtime="20230222 16:25:25.061"/>
</kw>
<msg timestamp="20230222 16:25:25.061" level="TRACE">Return: None</msg>
<status status="PASS" starttime="20230222 16:25:25.059" endtime="20230222 16:25:25.061"/>
</kw>
<kw name="Disconnect from VM" library="vm">
<msg timestamp="20230222 16:25:25.062" level="TRACE">Arguments: [  ]</msg>
<kw name="Close All Connections" library="SSHLibrary">
<doc>Closes all open connections.</doc>
<msg timestamp="20230222 16:25:25.063" level="TRACE">Arguments: [  ]</msg>
<msg timestamp="20230222 16:25:25.063" level="TRACE">Return: None</msg>
<status status="PASS" starttime="20230222 16:25:25.062" endtime="20230222 16:25:25.063"/>
</kw>
<msg timestamp="20230222 16:25:25.063" level="TRACE">Return: None</msg>
<status status="PASS" starttime="20230222 16:25:25.062" endtime="20230222 16:25:25.063"/>
</kw>
<kw name="Disconnect from VM" library="vm">
<msg timestamp="20230222 16:25:25.064" level="TRACE">Arguments: [  ]</msg>
<kw name="Close All Connections" library="SSHLibrary">
<doc>Closes all open connections.</doc>
<msg timestamp="20230222 16:25:25.064" level="TRACE">Arguments: [  ]</msg>
<msg timestamp="20230222 16:25:25.064" level="TRACE">Return: None</msg>
<status status="PASS" starttime="20230222 16:25:25.064" endtime="20230222 16:25:25.064"/>
</kw>
<msg timestamp="20230222 16:25:25.064" level="TRACE">Return: None</msg>
<status status="PASS" starttime="20230222 16:25:25.063" endtime="20230222 16:25:25.065"/>
</kw>
<kw name="Disconnect from VM" library="vm">
<msg timestamp="20230222 16:25:25.065" level="TRACE">Arguments: [  ]</msg>
<kw name="Close All Connections" library="SSHLibrary">
<doc>Closes all open connections.</doc>
<msg timestamp="20230222 16:25:25.066" level="TRACE">Arguments: [  ]</msg>
<msg timestamp="20230222 16:25:25.066" level="TRACE">Return: None</msg>
<status status="PASS" starttime="20230222 16:25:25.066" endtime="20230222 16:25:25.066"/>
</kw>
<msg timestamp="20230222 16:25:25.066" level="TRACE">Return: None</msg>
<status status="PASS" starttime="20230222 16:25:25.065" endtime="20230222 16:25:25.066"/>
</kw>
<kw name="Disconnect from VM" library="vm">
<msg timestamp="20230222 16:25:25.067" level="TRACE">Arguments: [  ]</msg>
<kw name="Close All Connections" library="SSHLibrary">
<doc>Closes all open connections.</doc>
<msg timestamp="20230222 16:25:25.067" level="TRACE">Arguments: [  ]</msg>
<msg timestamp="20230222 16:25:25.067" level="TRACE">Return: None</msg>
<status status="PASS" starttime="20230222 16:25:25.067" endtime="20230222 16:25:25.067"/>
</kw>
<msg timestamp="20230222 16:25:25.067" level="TRACE">Return: None</msg>
<status status="PASS" starttime="20230222 16:25:25.066" endtime="20230222 16:25:25.067"/>
</kw>
<kw name="Disconnect from VM" library="vm">
<msg timestamp="20230222 16:25:25.068" level="TRACE">Arguments: [  ]</msg>
<kw name="Close All Connections" library="SSHLibrary">
<doc>Closes all open connections.</doc>
<msg timestamp="20230222 16:25:25.068" level="TRACE">Arguments: [  ]</msg>
<msg timestamp="20230222 16:25:25.068" level="TRACE">Return: None</msg>
<status status="PASS" starttime="20230222 16:25:25.068" endtime="20230222 16:25:25.068"/>
</kw>
<msg timestamp="20230222 16:25:25.068" level="TRACE">Return: None</msg>
<status status="PASS" starttime="20230222 16:25:25.068" endtime="20230222 16:25:25.068"/>
</kw>
<kw name="Disconnect from VM" library="vm">
<msg timestamp="20230222 16:25:25.069" level="TRACE">Arguments: [  ]</msg>
<kw name="Close All Connections" library="SSHLibrary">
<doc>Closes all open connections.</doc>
<msg timestamp="20230222 16:25:25.069" level="TRACE">Arguments: [  ]</msg>
<msg timestamp="20230222 16:25:25.069" level="TRACE">Return: None</msg>
<status status="PASS" starttime="20230222 16:25:25.069" endtime="20230222 16:25:25.069"/>
</kw>
<msg timestamp="20230222 16:25:25.070" level="TRACE">Return: None</msg>
<status status="PASS" starttime="20230222 16:25:25.069" endtime="20230222 16:25:25.070"/>
</kw>
<kw name="Disconnect from VM" library="vm">
<msg timestamp="20230222 16:25:25.071" level="TRACE">Arguments: [  ]</msg>
<kw name="Close All Connections" library="SSHLibrary">
<doc>Closes all open connections.</doc>
<msg timestamp="20230222 16:25:25.071" level="TRACE">Arguments: [  ]</msg>
<msg timestamp="20230222 16:25:25.071" level="TRACE">Return: None</msg>
<status status="PASS" starttime="20230222 16:25:25.071" endtime="20230222 16:25:25.071"/>
</kw>
<msg timestamp="20230222 16:25:25.071" level="TRACE">Return: None</msg>
<status status="PASS" starttime="20230222 16:25:25.071" endtime="20230222 16:25:25.071"/>
</kw>
<kw name="Connect to VM" library="vm">
<msg timestamp="20230222 16:25:25.072" level="TRACE">Arguments: [  ]</msg>
<kw name="Set Log Level" library="BuiltIn">
<arg>NONE</arg>
<doc>Sets the log threshold to the specified level and returns the old level.</doc>
<msg timestamp="20230222 16:25:25.072" level="TRACE">Arguments: [ 'NONE' ]</msg>
<status status="PASS" starttime="20230222 16:25:25.072" endtime="20230222 16:25:25.072"/>
</kw>
<kw name="Get Value From User" library="Dialogs">
<var>${SSHPassword}</var>
<arg>SSH password:</arg>
<arg>hidden=yes</arg>
<doc>Pauses execution and asks user to input a value.</doc>
<status status="PASS" starttime="20230222 16:25:25.072" endtime="20230222 16:25:26.877"/>
</kw>
<kw name="Open Connection" library="SSHLibrary">
<arg>${SSHHost}</arg>
<arg>port=${SSHPort}</arg>
<doc>Opens a new SSH connection to the given ``host`` and ``port``.</doc>
<status status="PASS" starttime="20230222 16:25:26.878" endtime="20230222 16:25:26.879"/>
</kw>
<kw name="Login" library="SSHLibrary">
<arg>${SSHUser}</arg>
<arg>${SSHPassword}</arg>
<doc>Logs into the SSH server with the given ``username`` and ``password``.</doc>
<status status="PASS" starttime="20230222 16:25:26.879" endtime="20230222 16:25:28.755"/>
</kw>
<kw name="Set Log Level" library="BuiltIn">
<arg>TRACE</arg>
<doc>Sets the log threshold to the specified level and returns the old level.</doc>
<msg timestamp="20230222 16:25:28.756" level="INFO">Log level changed from NONE to TRACE.</msg>
<msg timestamp="20230222 16:25:28.756" level="TRACE">Return: 'NONE'</msg>
<status status="PASS" starttime="20230222 16:25:28.755" endtime="20230222 16:25:28.756"/>
</kw>
<kw name="Create Local Ssh Tunnel" library="SSHLibrary">
<arg>${localPort}</arg>
<arg>${DBHost}</arg>
<arg>${remotePort}</arg>
<doc>The keyword uses the existing connection to set up local port forwarding
(the openssh -L option) from a local port through a tunneled
connection to a destination reachable from the SSH server machine.</doc>
<msg timestamp="20230222 16:25:28.756" level="TRACE">Arguments: [ '33306' | '127.0.0.1' | 3306 ]</msg>
<msg timestamp="20230222 16:25:28.757" level="INFO">Now forwarding port 33306 to 127.0.0.1:3306 ...</msg>
<msg timestamp="20230222 16:25:28.758" level="TRACE">Return: None</msg>
<status status="PASS" starttime="20230222 16:25:28.756" endtime="20230222 16:25:28.758"/>
</kw>
<msg timestamp="20230222 16:25:28.758" level="TRACE">Return: None</msg>
<status status="PASS" starttime="20230222 16:25:25.072" endtime="20230222 16:25:28.758"/>
</kw>
<kw name="Log" library="BuiltIn">
<arg>\n\nConnection to VM established!</arg>
<arg>console=yes</arg>
<doc>Logs the given message with the given level.</doc>
<msg timestamp="20230222 16:25:28.759" level="TRACE">Arguments: [ '\n\nConnection to VM established!' | console=True ]</msg>
<msg timestamp="20230222 16:25:28.759" level="INFO">

Connection to VM established!</msg>
<msg timestamp="20230222 16:25:28.759" level="TRACE">Return: None</msg>
<status status="PASS" starttime="20230222 16:25:28.759" endtime="20230222 16:25:28.759"/>
</kw>
<kw name="Connect to DB" library="db">
<msg timestamp="20230222 16:25:28.760" level="TRACE">Arguments: [  ]</msg>
<kw name="Connect To Database" library="DatabaseLibrary">
<arg>pymysql</arg>
<arg>${DBName}</arg>
<arg>${DBUser}</arg>
<arg>${DBPassword}</arg>
<arg>${DBHost}</arg>
<arg>${DBPort}</arg>
<doc>Loads the DB API 2.0 module given `dbapiModuleName` then uses it to
connect to the database using `dbName`, `dbUsername`, and `dbPassword`.</doc>
<msg timestamp="20230222 16:25:28.761" level="TRACE">Arguments: [ 'pymysql' | 'd0018e_store' | 'root' | '' | '127.0.0.1' | '33306' ]</msg>
<msg timestamp="20230222 16:25:28.796" level="INFO">Connecting using : pymysql.connect(db=d0018e_store, user=root, passwd=, host=127.0.0.1, port=33306, charset=None) </msg>
<msg timestamp="20230222 16:25:28.844" level="TRACE">Return: None</msg>
<status status="PASS" starttime="20230222 16:25:28.760" endtime="20230222 16:25:28.844"/>
</kw>
<msg timestamp="20230222 16:25:28.844" level="TRACE">Return: None</msg>
<status status="PASS" starttime="20230222 16:25:28.760" endtime="20230222 16:25:28.844"/>
</kw>
<kw name="Log" library="BuiltIn">
<arg>\nConnection to DB established!</arg>
<arg>console=yes</arg>
<doc>Logs the given message with the given level.</doc>
<msg timestamp="20230222 16:25:28.846" level="TRACE">Arguments: [ '\nConnection to DB established!' | console=True ]</msg>
<msg timestamp="20230222 16:25:28.846" level="INFO">
Connection to DB established!</msg>
<msg timestamp="20230222 16:25:28.846" level="TRACE">Return: None</msg>
<status status="PASS" starttime="20230222 16:25:28.846" endtime="20230222 16:25:28.847"/>
</kw>
<tag>Addbooks</tag>
<tag>Addusers</tag>
<tag>Admin</tag>
<tag>Connection</tag>
<tag>Procedures</tag>
<tag>Tables</tag>
<tag>UpdateDB</tag>
<tag>UserBasketRefusal</tag>
<status status="PASS" starttime="20230222 16:25:25.046" endtime="20230222 16:25:28.848"/>
</test>
<test id="s1-t2" name="Three More Books" line="44">
<kw name="Set Log Level" library="BuiltIn" type="SETUP">
<arg>TRACE</arg>
<doc>Sets the log threshold to the specified level and returns the old level.</doc>
<msg timestamp="20230222 16:25:28.850" level="TRACE">Arguments: [ 'TRACE' ]</msg>
<msg timestamp="20230222 16:25:28.851" level="INFO">Log level changed from TRACE to TRACE.</msg>
<msg timestamp="20230222 16:25:28.851" level="TRACE">Return: 'TRACE'</msg>
<status status="PASS" starttime="20230222 16:25:28.850" endtime="20230222 16:25:28.851"/>
</kw>
<kw name="Add Three Books" library="db">
<msg timestamp="20230222 16:25:28.851" level="TRACE">Arguments: [  ]</msg>
<kw name="Table Must Exist" library="DatabaseLibrary">
<arg>${asset}</arg>
<doc>Check if the table given exists in the database. Set optional input `sansTran` to True to run command without an
explicit transaction commit or rollback.</doc>
<msg timestamp="20230222 16:25:28.852" level="TRACE">Arguments: [ 'asset' ]</msg>
<msg timestamp="20230222 16:25:28.852" level="INFO">Executing : Table Must Exist  |  asset </msg>
<msg timestamp="20230222 16:25:28.852" level="INFO">Executing : Row Count  |  SELECT * FROM information_schema.tables WHERE table_name='asset' </msg>
<msg timestamp="20230222 16:25:28.883" level="TRACE">Return: None</msg>
<status status="PASS" starttime="20230222 16:25:28.852" endtime="20230222 16:25:28.883"/>
</kw>
<kw name="Row Count" library="DatabaseLibrary">
<var>${book_counter_bef}</var>
<arg>select * from ${asset}</arg>
<doc>Uses the input `selectStatement` to query the database and returns the number of rows from the query. Set
optional input `sansTran` to True to run command without an explicit transaction commit or rollback.</doc>
<msg timestamp="20230222 16:25:28.884" level="TRACE">Arguments: [ 'select * from asset' ]</msg>
<msg timestamp="20230222 16:25:28.884" level="INFO">Executing : Row Count  |  select * from asset </msg>
<msg timestamp="20230222 16:25:28.913" level="TRACE">Return: 3</msg>
<msg timestamp="20230222 16:25:28.913" level="INFO">${book_counter_bef} = 3</msg>
<status status="PASS" starttime="20230222 16:25:28.884" endtime="20230222 16:25:28.913"/>
</kw>
<kw name="Execute Sql String" library="DatabaseLibrary">
<arg>insert into ${asset}(${toInsertAss}) values(${newBook1}),(${newBook2}),(${newBook3});</arg>
<doc>Executes the sqlString as SQL commands. Useful to pass arguments to your sql. Set optional input `sansTran` to
True to run command without an explicit transaction commit or rollback.</doc>
<msg timestamp="20230222 16:25:28.915" level="TRACE">Arguments: [ 'insert into asset(subject_id,title,price,amount,description) values(2,"Digital Stuff",160.89,24,"Diggy wiggy biggy piggy"),(2,"Introduction To Life",299,20,"The most valueable book in the world. It will change your life. Trust us."),(3,"Nightmares For Babies",199,14,"Ever heard of lullabies for babies? Here comes the LTU version of it. Nightmares. We guarantee you not only immediate nightmares but also long term PTSD.");' ]</msg>
<msg timestamp="20230222 16:25:28.915" level="INFO">Executing : Execute SQL String  |  insert into asset(subject_id,title,price,amount,description) values(2,"Digital Stuff",160.89,24,"Diggy wiggy biggy piggy"),(2,"Introduction To Life",299,20,"The most valueable book in the world. It will change your life. Trust us."),(3,"Nightmares For Babies",199,14,"Ever heard of lullabies for babies? Here comes the LTU version of it. Nightmares. We guarantee you not only immediate nightmares but also long term PTSD."); </msg>
<msg timestamp="20230222 16:25:29.086" level="TRACE">Return: None</msg>
<status status="PASS" starttime="20230222 16:25:28.914" endtime="20230222 16:25:29.086"/>
</kw>
<kw name="Evaluate" library="BuiltIn">
<var>${book_counter_expect}</var>
<arg>${book_counter_bef} + 3</arg>
<doc>Evaluates the given expression in Python and returns the result.</doc>
<msg timestamp="20230222 16:25:29.086" level="TRACE">Arguments: [ '3 + 3' ]</msg>
<msg timestamp="20230222 16:25:29.086" level="TRACE">Return: 6</msg>
<msg timestamp="20230222 16:25:29.086" level="INFO">${book_counter_expect} = 6</msg>
<status status="PASS" starttime="20230222 16:25:29.086" endtime="20230222 16:25:29.086"/>
</kw>
<kw name="Row Count" library="DatabaseLibrary">
<var>${book_counter_after}</var>
<arg>select * from ${asset}</arg>
<doc>Uses the input `selectStatement` to query the database and returns the number of rows from the query. Set
optional input `sansTran` to True to run command without an explicit transaction commit or rollback.</doc>
<msg timestamp="20230222 16:25:29.087" level="TRACE">Arguments: [ 'select * from asset' ]</msg>
<msg timestamp="20230222 16:25:29.087" level="INFO">Executing : Row Count  |  select * from asset </msg>
<msg timestamp="20230222 16:25:29.117" level="TRACE">Return: 6</msg>
<msg timestamp="20230222 16:25:29.117" level="INFO">${book_counter_after} = 6</msg>
<status status="PASS" starttime="20230222 16:25:29.087" endtime="20230222 16:25:29.117"/>
</kw>
<kw name="Should Be Equal As Integers" library="BuiltIn">
<arg>${book_counter_expect}</arg>
<arg>${book_counter_after}</arg>
<doc>Fails if objects are unequal after converting them to integers.</doc>
<msg timestamp="20230222 16:25:29.118" level="TRACE">Arguments: [ 6 | 6 ]</msg>
<msg timestamp="20230222 16:25:29.118" level="DEBUG">Argument types are:
&lt;class 'int'&gt;
&lt;class 'int'&gt;</msg>
<msg timestamp="20230222 16:25:29.118" level="TRACE">Return: None</msg>
<status status="PASS" starttime="20230222 16:25:29.117" endtime="20230222 16:25:29.118"/>
</kw>
<msg timestamp="20230222 16:25:29.119" level="TRACE">Return: None</msg>
<status status="PASS" starttime="20230222 16:25:28.851" endtime="20230222 16:25:29.119"/>
</kw>
<kw name="Add Pics To Books" library="db">
<msg timestamp="20230222 16:25:29.120" level="TRACE">Arguments: [  ]</msg>
<kw name="Table Must Exist" library="DatabaseLibrary">
<arg>${asset}</arg>
<doc>Check if the table given exists in the database. Set optional input `sansTran` to True to run command without an
explicit transaction commit or rollback.</doc>
<msg timestamp="20230222 16:25:29.120" level="TRACE">Arguments: [ 'asset' ]</msg>
<msg timestamp="20230222 16:25:29.120" level="INFO">Executing : Table Must Exist  |  asset </msg>
<msg timestamp="20230222 16:25:29.120" level="INFO">Executing : Row Count  |  SELECT * FROM information_schema.tables WHERE table_name='asset' </msg>
<msg timestamp="20230222 16:25:29.151" level="TRACE">Return: None</msg>
<status status="PASS" starttime="20230222 16:25:29.120" endtime="20230222 16:25:29.151"/>
</kw>
<kw name="Query" library="DatabaseLibrary">
<var>${book1_ass_id}</var>
<arg>select asset_id from ${asset} where title="${newBook1_tit}"</arg>
<doc>Uses the input `selectStatement` to query for the values that will be returned as a list of tuples. Set optional
input `sansTran` to True to run command without an explicit transaction commit or rollback.
Set optional input `returnAsDict` to True to return values as a list of dictionaries.</doc>
<msg timestamp="20230222 16:25:29.152" level="TRACE">Arguments: [ 'select asset_id from asset where title="Digital Stuff"' ]</msg>
<msg timestamp="20230222 16:25:29.152" level="INFO">Executing : Query  |  select asset_id from asset where title="Digital Stuff" </msg>
<msg timestamp="20230222 16:25:29.182" level="TRACE">Return: ((79,),)</msg>
<msg timestamp="20230222 16:25:29.182" level="INFO">${book1_ass_id} = ((79,),)</msg>
<status status="PASS" starttime="20230222 16:25:29.151" endtime="20230222 16:25:29.182"/>
</kw>
<kw name="File Should Exist" library="OperatingSystem">
<arg>${newBook_pic_path}${newBook1_pic}</arg>
<doc>Fails unless the given ``path`` points to an existing file.</doc>
<msg timestamp="20230222 16:25:29.183" level="TRACE">Arguments: [ './../../views/img/D0011E.png' ]</msg>
<msg timestamp="20230222 16:25:29.184" level="INFO" html="true">File '&lt;a href="file://C:\Users\kruci\Desktop\d0018e\D0018E\views\img\D0011E.png"&gt;C:\Users\kruci\Desktop\d0018e\D0018E\views\img\D0011E.png&lt;/a&gt;' exists.</msg>
<msg timestamp="20230222 16:25:29.184" level="TRACE">Return: None</msg>
<status status="PASS" starttime="20230222 16:25:29.183" endtime="20230222 16:25:29.184"/>
</kw>
<kw name="Move File" library="OperatingSystem">
<arg>${newBook_pic_path}${newBook1_pic}</arg>
<arg>${newBook_pic_path}${book1_ass_id[0][0]}.png</arg>
<doc>Moves the source file into the destination.</doc>
<msg timestamp="20230222 16:25:29.187" level="TRACE">Arguments: [ './../../views/img/D0011E.png' | './../../views/img/79.png' ]</msg>
<msg timestamp="20230222 16:25:29.191" level="INFO" html="true">Moved file from '&lt;a href="file://C:\Users\kruci\Desktop\d0018e\D0018E\views\img\D0011E.png"&gt;C:\Users\kruci\Desktop\d0018e\D0018E\views\img\D0011E.png&lt;/a&gt;' to '&lt;a href="file://C:\Users\kruci\Desktop\d0018e\D0018E\views\img\79.png"&gt;C:\Users\kruci\Desktop\d0018e\D0018E\views\img\79.png&lt;/a&gt;'.</msg>
<msg timestamp="20230222 16:25:29.192" level="TRACE">Return: 'C:\\Users\\kruci\\Desktop\\d0018e\\D0018E\\views\\img\\79.png'</msg>
<status status="PASS" starttime="20230222 16:25:29.184" endtime="20230222 16:25:29.192"/>
</kw>
<msg timestamp="20230222 16:25:29.192" level="TRACE">Return: None</msg>
<status status="PASS" starttime="20230222 16:25:29.119" endtime="20230222 16:25:29.192"/>
</kw>
<tag>Addbooks</tag>
<status status="PASS" starttime="20230222 16:25:28.849" endtime="20230222 16:25:29.193"/>
</test>
<doc>Connecting to the DB</doc>
<status status="PASS" starttime="20230222 16:25:24.504" endtime="20230222 16:25:29.196"/>
</suite>
<statistics>
<total>
<stat pass="2" fail="0" skip="0">All Tests</stat>
</total>
<tag>
<stat pass="2" fail="0" skip="0">Addbooks</stat>
<stat pass="1" fail="0" skip="0">Addusers</stat>
<stat pass="1" fail="0" skip="0">Admin</stat>
<stat pass="1" fail="0" skip="0">Connection</stat>
<stat pass="1" fail="0" skip="0">Procedures</stat>
<stat pass="1" fail="0" skip="0">Tables</stat>
<stat pass="1" fail="0" skip="0">UpdateDB</stat>
<stat pass="1" fail="0" skip="0">UserBasketRefusal</stat>
</tag>
<suite>
<stat pass="2" fail="0" skip="0" id="s1" name="Connect">Connect</stat>
</suite>
</statistics>
<errors>
</errors>
</robot>
