<?xml version="1.0" encoding="UTF-8"?>
<robot generator="Robot 6.0.2 (Python 3.11.0 on win32)" generated="20230307 22:53:11.623" rpa="false" schemaversion="3">
<suite id="s1" name="Connect" source="C:\Users\kruci\Desktop\d0018e\D0018E\tests\db tests\connect.robot">
<test id="s1-t1" name="Initialize Connection" line="9">
<kw name="Set Log Level" library="BuiltIn" type="SETUP">
<arg>TRACE</arg>
<doc>Sets the log threshold to the specified level and returns the old level.</doc>
<msg timestamp="20230307 22:53:12.522" level="INFO">Log level changed from INFO to TRACE.</msg>
<msg timestamp="20230307 22:53:12.522" level="TRACE">Return: 'INFO'</msg>
<status status="PASS" starttime="20230307 22:53:12.522" endtime="20230307 22:53:12.522"/>
</kw>
<kw name="Disconnect from VM" library="vm">
<msg timestamp="20230307 22:53:12.523" level="TRACE">Arguments: [  ]</msg>
<kw name="Close All Connections" library="SSHLibrary">
<doc>Closes all open connections.</doc>
<msg timestamp="20230307 22:53:12.523" level="TRACE">Arguments: [  ]</msg>
<msg timestamp="20230307 22:53:12.523" level="TRACE">Return: None</msg>
<status status="PASS" starttime="20230307 22:53:12.523" endtime="20230307 22:53:12.523"/>
</kw>
<msg timestamp="20230307 22:53:12.523" level="TRACE">Return: None</msg>
<status status="PASS" starttime="20230307 22:53:12.523" endtime="20230307 22:53:12.523"/>
</kw>
<kw name="Disconnect from VM" library="vm">
<msg timestamp="20230307 22:53:12.524" level="TRACE">Arguments: [  ]</msg>
<kw name="Close All Connections" library="SSHLibrary">
<doc>Closes all open connections.</doc>
<msg timestamp="20230307 22:53:12.524" level="TRACE">Arguments: [  ]</msg>
<msg timestamp="20230307 22:53:12.524" level="TRACE">Return: None</msg>
<status status="PASS" starttime="20230307 22:53:12.524" endtime="20230307 22:53:12.524"/>
</kw>
<msg timestamp="20230307 22:53:12.524" level="TRACE">Return: None</msg>
<status status="PASS" starttime="20230307 22:53:12.524" endtime="20230307 22:53:12.524"/>
</kw>
<kw name="Disconnect from VM" library="vm">
<msg timestamp="20230307 22:53:12.525" level="TRACE">Arguments: [  ]</msg>
<kw name="Close All Connections" library="SSHLibrary">
<doc>Closes all open connections.</doc>
<msg timestamp="20230307 22:53:12.525" level="TRACE">Arguments: [  ]</msg>
<msg timestamp="20230307 22:53:12.526" level="TRACE">Return: None</msg>
<status status="PASS" starttime="20230307 22:53:12.525" endtime="20230307 22:53:12.526"/>
</kw>
<msg timestamp="20230307 22:53:12.526" level="TRACE">Return: None</msg>
<status status="PASS" starttime="20230307 22:53:12.525" endtime="20230307 22:53:12.526"/>
</kw>
<kw name="Disconnect from VM" library="vm">
<msg timestamp="20230307 22:53:12.526" level="TRACE">Arguments: [  ]</msg>
<kw name="Close All Connections" library="SSHLibrary">
<doc>Closes all open connections.</doc>
<msg timestamp="20230307 22:53:12.527" level="TRACE">Arguments: [  ]</msg>
<msg timestamp="20230307 22:53:12.527" level="TRACE">Return: None</msg>
<status status="PASS" starttime="20230307 22:53:12.527" endtime="20230307 22:53:12.527"/>
</kw>
<msg timestamp="20230307 22:53:12.527" level="TRACE">Return: None</msg>
<status status="PASS" starttime="20230307 22:53:12.526" endtime="20230307 22:53:12.527"/>
</kw>
<kw name="Disconnect from VM" library="vm">
<msg timestamp="20230307 22:53:12.528" level="TRACE">Arguments: [  ]</msg>
<kw name="Close All Connections" library="SSHLibrary">
<doc>Closes all open connections.</doc>
<msg timestamp="20230307 22:53:12.528" level="TRACE">Arguments: [  ]</msg>
<msg timestamp="20230307 22:53:12.528" level="TRACE">Return: None</msg>
<status status="PASS" starttime="20230307 22:53:12.528" endtime="20230307 22:53:12.528"/>
</kw>
<msg timestamp="20230307 22:53:12.528" level="TRACE">Return: None</msg>
<status status="PASS" starttime="20230307 22:53:12.527" endtime="20230307 22:53:12.528"/>
</kw>
<kw name="Disconnect from VM" library="vm">
<msg timestamp="20230307 22:53:12.529" level="TRACE">Arguments: [  ]</msg>
<kw name="Close All Connections" library="SSHLibrary">
<doc>Closes all open connections.</doc>
<msg timestamp="20230307 22:53:12.529" level="TRACE">Arguments: [  ]</msg>
<msg timestamp="20230307 22:53:12.529" level="TRACE">Return: None</msg>
<status status="PASS" starttime="20230307 22:53:12.529" endtime="20230307 22:53:12.529"/>
</kw>
<msg timestamp="20230307 22:53:12.529" level="TRACE">Return: None</msg>
<status status="PASS" starttime="20230307 22:53:12.528" endtime="20230307 22:53:12.529"/>
</kw>
<kw name="Disconnect from VM" library="vm">
<msg timestamp="20230307 22:53:12.530" level="TRACE">Arguments: [  ]</msg>
<kw name="Close All Connections" library="SSHLibrary">
<doc>Closes all open connections.</doc>
<msg timestamp="20230307 22:53:12.530" level="TRACE">Arguments: [  ]</msg>
<msg timestamp="20230307 22:53:12.530" level="TRACE">Return: None</msg>
<status status="PASS" starttime="20230307 22:53:12.530" endtime="20230307 22:53:12.530"/>
</kw>
<msg timestamp="20230307 22:53:12.530" level="TRACE">Return: None</msg>
<status status="PASS" starttime="20230307 22:53:12.529" endtime="20230307 22:53:12.530"/>
</kw>
<kw name="Disconnect from VM" library="vm">
<msg timestamp="20230307 22:53:12.531" level="TRACE">Arguments: [  ]</msg>
<kw name="Close All Connections" library="SSHLibrary">
<doc>Closes all open connections.</doc>
<msg timestamp="20230307 22:53:12.531" level="TRACE">Arguments: [  ]</msg>
<msg timestamp="20230307 22:53:12.531" level="TRACE">Return: None</msg>
<status status="PASS" starttime="20230307 22:53:12.531" endtime="20230307 22:53:12.531"/>
</kw>
<msg timestamp="20230307 22:53:12.531" level="TRACE">Return: None</msg>
<status status="PASS" starttime="20230307 22:53:12.530" endtime="20230307 22:53:12.531"/>
</kw>
<kw name="Disconnect from VM" library="vm">
<msg timestamp="20230307 22:53:12.532" level="TRACE">Arguments: [  ]</msg>
<kw name="Close All Connections" library="SSHLibrary">
<doc>Closes all open connections.</doc>
<msg timestamp="20230307 22:53:12.532" level="TRACE">Arguments: [  ]</msg>
<msg timestamp="20230307 22:53:12.532" level="TRACE">Return: None</msg>
<status status="PASS" starttime="20230307 22:53:12.532" endtime="20230307 22:53:12.532"/>
</kw>
<msg timestamp="20230307 22:53:12.532" level="TRACE">Return: None</msg>
<status status="PASS" starttime="20230307 22:53:12.532" endtime="20230307 22:53:12.532"/>
</kw>
<kw name="Disconnect from VM" library="vm">
<msg timestamp="20230307 22:53:12.533" level="TRACE">Arguments: [  ]</msg>
<kw name="Close All Connections" library="SSHLibrary">
<doc>Closes all open connections.</doc>
<msg timestamp="20230307 22:53:12.533" level="TRACE">Arguments: [  ]</msg>
<msg timestamp="20230307 22:53:12.533" level="TRACE">Return: None</msg>
<status status="PASS" starttime="20230307 22:53:12.533" endtime="20230307 22:53:12.533"/>
</kw>
<msg timestamp="20230307 22:53:12.533" level="TRACE">Return: None</msg>
<status status="PASS" starttime="20230307 22:53:12.532" endtime="20230307 22:53:12.533"/>
</kw>
<kw name="Disconnect from VM" library="vm">
<msg timestamp="20230307 22:53:12.534" level="TRACE">Arguments: [  ]</msg>
<kw name="Close All Connections" library="SSHLibrary">
<doc>Closes all open connections.</doc>
<msg timestamp="20230307 22:53:12.534" level="TRACE">Arguments: [  ]</msg>
<msg timestamp="20230307 22:53:12.534" level="TRACE">Return: None</msg>
<status status="PASS" starttime="20230307 22:53:12.534" endtime="20230307 22:53:12.534"/>
</kw>
<msg timestamp="20230307 22:53:12.534" level="TRACE">Return: None</msg>
<status status="PASS" starttime="20230307 22:53:12.533" endtime="20230307 22:53:12.534"/>
</kw>
<kw name="Disconnect from VM" library="vm">
<msg timestamp="20230307 22:53:12.535" level="TRACE">Arguments: [  ]</msg>
<kw name="Close All Connections" library="SSHLibrary">
<doc>Closes all open connections.</doc>
<msg timestamp="20230307 22:53:12.535" level="TRACE">Arguments: [  ]</msg>
<msg timestamp="20230307 22:53:12.535" level="TRACE">Return: None</msg>
<status status="PASS" starttime="20230307 22:53:12.535" endtime="20230307 22:53:12.535"/>
</kw>
<msg timestamp="20230307 22:53:12.536" level="TRACE">Return: None</msg>
<status status="PASS" starttime="20230307 22:53:12.534" endtime="20230307 22:53:12.536"/>
</kw>
<kw name="Disconnect from VM" library="vm">
<msg timestamp="20230307 22:53:12.537" level="TRACE">Arguments: [  ]</msg>
<kw name="Close All Connections" library="SSHLibrary">
<doc>Closes all open connections.</doc>
<msg timestamp="20230307 22:53:12.537" level="TRACE">Arguments: [  ]</msg>
<msg timestamp="20230307 22:53:12.537" level="TRACE">Return: None</msg>
<status status="PASS" starttime="20230307 22:53:12.537" endtime="20230307 22:53:12.537"/>
</kw>
<msg timestamp="20230307 22:53:12.538" level="TRACE">Return: None</msg>
<status status="PASS" starttime="20230307 22:53:12.536" endtime="20230307 22:53:12.538"/>
</kw>
<kw name="Connect to VM" library="vm">
<msg timestamp="20230307 22:53:12.539" level="TRACE">Arguments: [  ]</msg>
<kw name="Set Log Level" library="BuiltIn">
<arg>NONE</arg>
<doc>Sets the log threshold to the specified level and returns the old level.</doc>
<msg timestamp="20230307 22:53:12.539" level="TRACE">Arguments: [ 'NONE' ]</msg>
<status status="PASS" starttime="20230307 22:53:12.539" endtime="20230307 22:53:12.541"/>
</kw>
<kw name="Get Value From User" library="Dialogs">
<var>${SSHPassword}</var>
<arg>SSH password:</arg>
<arg>hidden=yes</arg>
<doc>Pauses execution and asks user to input a value.</doc>
<status status="FAIL" starttime="20230307 22:53:12.542" endtime="20230307 22:53:18.640"/>
</kw>
<kw name="Open Connection" library="SSHLibrary">
<arg>${SSHHost}</arg>
<arg>port=${SSHPort}</arg>
<doc>Opens a new SSH connection to the given ``host`` and ``port``.</doc>
<status status="NOT RUN" starttime="20230307 22:53:18.640" endtime="20230307 22:53:18.640"/>
</kw>
<kw name="Login" library="SSHLibrary">
<arg>${SSHUser}</arg>
<arg>${SSHPassword}</arg>
<doc>Logs into the SSH server with the given ``username`` and ``password``.</doc>
<status status="NOT RUN" starttime="20230307 22:53:18.640" endtime="20230307 22:53:18.640"/>
</kw>
<kw name="Set Log Level" library="BuiltIn">
<arg>TRACE</arg>
<doc>Sets the log threshold to the specified level and returns the old level.</doc>
<status status="NOT RUN" starttime="20230307 22:53:18.640" endtime="20230307 22:53:18.640"/>
</kw>
<kw name="Create Local Ssh Tunnel" library="SSHLibrary">
<arg>${localPort}</arg>
<arg>${DBHost}</arg>
<arg>${remotePort}</arg>
<doc>The keyword uses the existing connection to set up local port forwarding
(the openssh -L option) from a local port through a tunneled
connection to a destination reachable from the SSH server machine.</doc>
<status status="NOT RUN" starttime="20230307 22:53:18.640" endtime="20230307 22:53:18.640"/>
</kw>
<status status="FAIL" starttime="20230307 22:53:12.538" endtime="20230307 22:53:18.641"/>
</kw>
<kw name="Log" library="BuiltIn">
<arg>\n\nConnection to VM established!</arg>
<arg>console=yes</arg>
<doc>Logs the given message with the given level.</doc>
<status status="NOT RUN" starttime="20230307 22:53:18.644" endtime="20230307 22:53:18.644"/>
</kw>
<kw name="Connect to DB" library="db">
<status status="NOT RUN" starttime="20230307 22:53:18.645" endtime="20230307 22:53:18.645"/>
</kw>
<kw name="Log" library="BuiltIn">
<arg>\nConnection to DB established!</arg>
<arg>console=yes</arg>
<doc>Logs the given message with the given level.</doc>
<status status="NOT RUN" starttime="20230307 22:53:18.646" endtime="20230307 22:53:18.646"/>
</kw>
<tag>AddBooks</tag>
<tag>Addusers</tag>
<tag>Admin</tag>
<tag>Connection</tag>
<tag>DeleteBooks</tag>
<tag>Procedures</tag>
<tag>Tables</tag>
<tag>UpdateDB</tag>
<tag>UserBasketRefusal</tag>
<status status="FAIL" starttime="20230307 22:53:12.521" endtime="20230307 22:53:18.647">No value provided by user.</status>
</test>
<test id="s1-t2" name="Update and re-run DB" line="29">
<kw name="Set Log Level" library="BuiltIn" type="SETUP">
<arg>TRACE</arg>
<doc>Sets the log threshold to the specified level and returns the old level.</doc>
<msg timestamp="20230307 22:53:18.650" level="INFO">Log level changed from NONE to TRACE.</msg>
<msg timestamp="20230307 22:53:18.650" level="TRACE">Return: 'NONE'</msg>
<status status="PASS" starttime="20230307 22:53:18.650" endtime="20230307 22:53:18.650"/>
</kw>
<kw name="Update DB file" library="db">
<msg timestamp="20230307 22:53:18.651" level="TRACE">Arguments: [  ]</msg>
<kw name="Put File" library="SSHLibrary">
<arg>${dbsql-path}</arg>
<doc>Uploads file(s) from the local machine to the remote machine.</doc>
<msg timestamp="20230307 22:53:18.652" level="TRACE">Arguments: [ './../../db/db.sql' ]</msg>
<msg timestamp="20230307 22:53:18.653" level="FAIL">No open connection.</msg>
<msg timestamp="20230307 22:53:18.705" level="DEBUG">Traceback (most recent call last):
  File "C:\Python311\Lib\site-packages\SSHLibrary\library.py", line 1764, in put_file
    return self._run_command(self.current.put_file, source,
                             ^^^^^^^^^^^^^^^^^^^^^
  File "C:\Python311\Lib\site-packages\robot\utils\connectioncache.py", line 169, in __getattr__
    self.raise_error()
  File "C:\Python311\Lib\site-packages\robot\utils\connectioncache.py", line 172, in raise_error
    raise RuntimeError(self.message)
RuntimeError: No open connection.</msg>
<status status="FAIL" starttime="20230307 22:53:18.652" endtime="20230307 22:53:18.705"/>
</kw>
<kw name="File Should Exist" library="SSHLibrary">
<arg>${dbsql-file}</arg>
<doc>Fails if the given ``path`` does NOT point to an existing file.</doc>
<status status="NOT RUN" starttime="20230307 22:53:18.706" endtime="20230307 22:53:18.706"/>
</kw>
<status status="FAIL" starttime="20230307 22:53:18.651" endtime="20230307 22:53:18.706"/>
</kw>
<kw name="Log" library="BuiltIn">
<arg>\ndb.sql updated!</arg>
<arg>console=yes</arg>
<doc>Logs the given message with the given level.</doc>
<status status="NOT RUN" starttime="20230307 22:53:18.708" endtime="20230307 22:53:18.708"/>
</kw>
<kw name="Run DB file" library="db">
<status status="NOT RUN" starttime="20230307 22:53:18.708" endtime="20230307 22:53:18.709"/>
</kw>
<kw name="Log" library="BuiltIn">
<arg>\ndb.sql executed!</arg>
<arg>console=yes</arg>
<doc>Logs the given message with the given level.</doc>
<status status="NOT RUN" starttime="20230307 22:53:18.709" endtime="20230307 22:53:18.710"/>
</kw>
<tag>UpdateDB</tag>
<status status="FAIL" starttime="20230307 22:53:18.648" endtime="20230307 22:53:18.711">No open connection.</status>
</test>
<test id="s1-t3" name="Disconnect" line="65">
<kw name="Set Log Level" library="BuiltIn" type="SETUP">
<arg>TRACE</arg>
<doc>Sets the log threshold to the specified level and returns the old level.</doc>
<msg timestamp="20230307 22:53:18.716" level="TRACE">Arguments: [ 'TRACE' ]</msg>
<msg timestamp="20230307 22:53:18.716" level="INFO">Log level changed from TRACE to TRACE.</msg>
<msg timestamp="20230307 22:53:18.716" level="TRACE">Return: 'TRACE'</msg>
<status status="PASS" starttime="20230307 22:53:18.716" endtime="20230307 22:53:18.716"/>
</kw>
<kw name="Disconnect from VM" library="vm">
<msg timestamp="20230307 22:53:18.717" level="TRACE">Arguments: [  ]</msg>
<kw name="Close All Connections" library="SSHLibrary">
<doc>Closes all open connections.</doc>
<msg timestamp="20230307 22:53:18.717" level="TRACE">Arguments: [  ]</msg>
<msg timestamp="20230307 22:53:18.718" level="TRACE">Return: None</msg>
<status status="PASS" starttime="20230307 22:53:18.717" endtime="20230307 22:53:18.718"/>
</kw>
<msg timestamp="20230307 22:53:18.718" level="TRACE">Return: None</msg>
<status status="PASS" starttime="20230307 22:53:18.717" endtime="20230307 22:53:18.718"/>
</kw>
<tag>Admin</tag>
<tag>Connection</tag>
<tag>Procedures</tag>
<tag>Tables</tag>
<tag>UpdateDB</tag>
<status status="PASS" starttime="20230307 22:53:18.714" endtime="20230307 22:53:18.718"/>
</test>
<doc>Connecting to the DB</doc>
<status status="FAIL" starttime="20230307 22:53:11.626" endtime="20230307 22:53:18.721"/>
</suite>
<statistics>
<total>
<stat pass="1" fail="2" skip="0">All Tests</stat>
</total>
<tag>
<stat pass="0" fail="1" skip="0">AddBooks</stat>
<stat pass="0" fail="1" skip="0">Addusers</stat>
<stat pass="1" fail="1" skip="0">Admin</stat>
<stat pass="1" fail="1" skip="0">Connection</stat>
<stat pass="0" fail="1" skip="0">DeleteBooks</stat>
<stat pass="1" fail="1" skip="0">Procedures</stat>
<stat pass="1" fail="1" skip="0">Tables</stat>
<stat pass="1" fail="2" skip="0">UpdateDB</stat>
<stat pass="0" fail="1" skip="0">UserBasketRefusal</stat>
</tag>
<suite>
<stat pass="1" fail="2" skip="0" id="s1" name="Connect">Connect</stat>
</suite>
</statistics>
<errors>
</errors>
</robot>
