<?xml version="1.0" encoding="UTF-8"?>
<robot generator="Robot 6.0.2 (Python 3.11.0 on win32)" generated="20230310 11:01:25.862" rpa="false" schemaversion="3">
<suite id="s1" name="Connect" source="C:\Users\kruci\Desktop\d0018e\D0018E\tests\db tests\connect.robot">
<test id="s1-t1" name="Initialize Connection" line="9">
<kw name="Set Log Level" library="BuiltIn" type="SETUP">
<arg>TRACE</arg>
<doc>Sets the log threshold to the specified level and returns the old level.</doc>
<msg timestamp="20230310 11:01:26.280" level="INFO">Log level changed from INFO to TRACE.</msg>
<msg timestamp="20230310 11:01:26.280" level="TRACE">Return: 'INFO'</msg>
<status status="PASS" starttime="20230310 11:01:26.279" endtime="20230310 11:01:26.280"/>
</kw>
<kw name="Disconnect from VM" library="vm">
<msg timestamp="20230310 11:01:26.280" level="TRACE">Arguments: [  ]</msg>
<kw name="Close All Connections" library="SSHLibrary">
<doc>Closes all open connections.</doc>
<msg timestamp="20230310 11:01:26.281" level="TRACE">Arguments: [  ]</msg>
<msg timestamp="20230310 11:01:26.281" level="TRACE">Return: None</msg>
<status status="PASS" starttime="20230310 11:01:26.281" endtime="20230310 11:01:26.281"/>
</kw>
<msg timestamp="20230310 11:01:26.281" level="TRACE">Return: None</msg>
<status status="PASS" starttime="20230310 11:01:26.280" endtime="20230310 11:01:26.281"/>
</kw>
<kw name="Disconnect from VM" library="vm">
<msg timestamp="20230310 11:01:26.282" level="TRACE">Arguments: [  ]</msg>
<kw name="Close All Connections" library="SSHLibrary">
<doc>Closes all open connections.</doc>
<msg timestamp="20230310 11:01:26.283" level="TRACE">Arguments: [  ]</msg>
<msg timestamp="20230310 11:01:26.283" level="TRACE">Return: None</msg>
<status status="PASS" starttime="20230310 11:01:26.282" endtime="20230310 11:01:26.283"/>
</kw>
<msg timestamp="20230310 11:01:26.283" level="TRACE">Return: None</msg>
<status status="PASS" starttime="20230310 11:01:26.282" endtime="20230310 11:01:26.283"/>
</kw>
<kw name="Disconnect from VM" library="vm">
<msg timestamp="20230310 11:01:26.284" level="TRACE">Arguments: [  ]</msg>
<kw name="Close All Connections" library="SSHLibrary">
<doc>Closes all open connections.</doc>
<msg timestamp="20230310 11:01:26.284" level="TRACE">Arguments: [  ]</msg>
<msg timestamp="20230310 11:01:26.284" level="TRACE">Return: None</msg>
<status status="PASS" starttime="20230310 11:01:26.284" endtime="20230310 11:01:26.285"/>
</kw>
<msg timestamp="20230310 11:01:26.285" level="TRACE">Return: None</msg>
<status status="PASS" starttime="20230310 11:01:26.284" endtime="20230310 11:01:26.285"/>
</kw>
<kw name="Disconnect from VM" library="vm">
<msg timestamp="20230310 11:01:26.286" level="TRACE">Arguments: [  ]</msg>
<kw name="Close All Connections" library="SSHLibrary">
<doc>Closes all open connections.</doc>
<msg timestamp="20230310 11:01:26.286" level="TRACE">Arguments: [  ]</msg>
<msg timestamp="20230310 11:01:26.286" level="TRACE">Return: None</msg>
<status status="PASS" starttime="20230310 11:01:26.286" endtime="20230310 11:01:26.286"/>
</kw>
<msg timestamp="20230310 11:01:26.286" level="TRACE">Return: None</msg>
<status status="PASS" starttime="20230310 11:01:26.285" endtime="20230310 11:01:26.286"/>
</kw>
<kw name="Disconnect from VM" library="vm">
<msg timestamp="20230310 11:01:26.287" level="TRACE">Arguments: [  ]</msg>
<kw name="Close All Connections" library="SSHLibrary">
<doc>Closes all open connections.</doc>
<msg timestamp="20230310 11:01:26.287" level="TRACE">Arguments: [  ]</msg>
<msg timestamp="20230310 11:01:26.287" level="TRACE">Return: None</msg>
<status status="PASS" starttime="20230310 11:01:26.287" endtime="20230310 11:01:26.287"/>
</kw>
<msg timestamp="20230310 11:01:26.288" level="TRACE">Return: None</msg>
<status status="PASS" starttime="20230310 11:01:26.286" endtime="20230310 11:01:26.288"/>
</kw>
<kw name="Disconnect from VM" library="vm">
<msg timestamp="20230310 11:01:26.288" level="TRACE">Arguments: [  ]</msg>
<kw name="Close All Connections" library="SSHLibrary">
<doc>Closes all open connections.</doc>
<msg timestamp="20230310 11:01:26.289" level="TRACE">Arguments: [  ]</msg>
<msg timestamp="20230310 11:01:26.289" level="TRACE">Return: None</msg>
<status status="PASS" starttime="20230310 11:01:26.288" endtime="20230310 11:01:26.289"/>
</kw>
<msg timestamp="20230310 11:01:26.289" level="TRACE">Return: None</msg>
<status status="PASS" starttime="20230310 11:01:26.288" endtime="20230310 11:01:26.289"/>
</kw>
<kw name="Disconnect from VM" library="vm">
<msg timestamp="20230310 11:01:26.289" level="TRACE">Arguments: [  ]</msg>
<kw name="Close All Connections" library="SSHLibrary">
<doc>Closes all open connections.</doc>
<msg timestamp="20230310 11:01:26.290" level="TRACE">Arguments: [  ]</msg>
<msg timestamp="20230310 11:01:26.290" level="TRACE">Return: None</msg>
<status status="PASS" starttime="20230310 11:01:26.290" endtime="20230310 11:01:26.290"/>
</kw>
<msg timestamp="20230310 11:01:26.290" level="TRACE">Return: None</msg>
<status status="PASS" starttime="20230310 11:01:26.289" endtime="20230310 11:01:26.290"/>
</kw>
<kw name="Disconnect from VM" library="vm">
<msg timestamp="20230310 11:01:26.291" level="TRACE">Arguments: [  ]</msg>
<kw name="Close All Connections" library="SSHLibrary">
<doc>Closes all open connections.</doc>
<msg timestamp="20230310 11:01:26.292" level="TRACE">Arguments: [  ]</msg>
<msg timestamp="20230310 11:01:26.292" level="TRACE">Return: None</msg>
<status status="PASS" starttime="20230310 11:01:26.291" endtime="20230310 11:01:26.292"/>
</kw>
<msg timestamp="20230310 11:01:26.292" level="TRACE">Return: None</msg>
<status status="PASS" starttime="20230310 11:01:26.291" endtime="20230310 11:01:26.292"/>
</kw>
<kw name="Disconnect from VM" library="vm">
<msg timestamp="20230310 11:01:26.293" level="TRACE">Arguments: [  ]</msg>
<kw name="Close All Connections" library="SSHLibrary">
<doc>Closes all open connections.</doc>
<msg timestamp="20230310 11:01:26.293" level="TRACE">Arguments: [  ]</msg>
<msg timestamp="20230310 11:01:26.293" level="TRACE">Return: None</msg>
<status status="PASS" starttime="20230310 11:01:26.293" endtime="20230310 11:01:26.293"/>
</kw>
<msg timestamp="20230310 11:01:26.293" level="TRACE">Return: None</msg>
<status status="PASS" starttime="20230310 11:01:26.293" endtime="20230310 11:01:26.294"/>
</kw>
<kw name="Disconnect from VM" library="vm">
<msg timestamp="20230310 11:01:26.294" level="TRACE">Arguments: [  ]</msg>
<kw name="Close All Connections" library="SSHLibrary">
<doc>Closes all open connections.</doc>
<msg timestamp="20230310 11:01:26.294" level="TRACE">Arguments: [  ]</msg>
<msg timestamp="20230310 11:01:26.294" level="TRACE">Return: None</msg>
<status status="PASS" starttime="20230310 11:01:26.294" endtime="20230310 11:01:26.294"/>
</kw>
<msg timestamp="20230310 11:01:26.294" level="TRACE">Return: None</msg>
<status status="PASS" starttime="20230310 11:01:26.294" endtime="20230310 11:01:26.294"/>
</kw>
<kw name="Disconnect from VM" library="vm">
<msg timestamp="20230310 11:01:26.295" level="TRACE">Arguments: [  ]</msg>
<kw name="Close All Connections" library="SSHLibrary">
<doc>Closes all open connections.</doc>
<msg timestamp="20230310 11:01:26.295" level="TRACE">Arguments: [  ]</msg>
<msg timestamp="20230310 11:01:26.295" level="TRACE">Return: None</msg>
<status status="PASS" starttime="20230310 11:01:26.295" endtime="20230310 11:01:26.295"/>
</kw>
<msg timestamp="20230310 11:01:26.295" level="TRACE">Return: None</msg>
<status status="PASS" starttime="20230310 11:01:26.295" endtime="20230310 11:01:26.295"/>
</kw>
<kw name="Disconnect from VM" library="vm">
<msg timestamp="20230310 11:01:26.296" level="TRACE">Arguments: [  ]</msg>
<kw name="Close All Connections" library="SSHLibrary">
<doc>Closes all open connections.</doc>
<msg timestamp="20230310 11:01:26.296" level="TRACE">Arguments: [  ]</msg>
<msg timestamp="20230310 11:01:26.296" level="TRACE">Return: None</msg>
<status status="PASS" starttime="20230310 11:01:26.296" endtime="20230310 11:01:26.296"/>
</kw>
<msg timestamp="20230310 11:01:26.296" level="TRACE">Return: None</msg>
<status status="PASS" starttime="20230310 11:01:26.295" endtime="20230310 11:01:26.296"/>
</kw>
<kw name="Disconnect from VM" library="vm">
<msg timestamp="20230310 11:01:26.297" level="TRACE">Arguments: [  ]</msg>
<kw name="Close All Connections" library="SSHLibrary">
<doc>Closes all open connections.</doc>
<msg timestamp="20230310 11:01:26.297" level="TRACE">Arguments: [  ]</msg>
<msg timestamp="20230310 11:01:26.297" level="TRACE">Return: None</msg>
<status status="PASS" starttime="20230310 11:01:26.297" endtime="20230310 11:01:26.297"/>
</kw>
<msg timestamp="20230310 11:01:26.297" level="TRACE">Return: None</msg>
<status status="PASS" starttime="20230310 11:01:26.296" endtime="20230310 11:01:26.297"/>
</kw>
<kw name="Connect to VM" library="vm">
<msg timestamp="20230310 11:01:26.298" level="TRACE">Arguments: [  ]</msg>
<kw name="Set Log Level" library="BuiltIn">
<arg>NONE</arg>
<doc>Sets the log threshold to the specified level and returns the old level.</doc>
<msg timestamp="20230310 11:01:26.298" level="TRACE">Arguments: [ 'NONE' ]</msg>
<status status="PASS" starttime="20230310 11:01:26.298" endtime="20230310 11:01:26.302"/>
</kw>
<kw name="Get Value From User" library="Dialogs">
<var>${SSHPassword}</var>
<arg>SSH password:</arg>
<arg>hidden=yes</arg>
<doc>Pauses execution and asks user to input a value.</doc>
<status status="PASS" starttime="20230310 11:01:26.302" endtime="20230310 11:01:27.752"/>
</kw>
<kw name="Open Connection" library="SSHLibrary">
<arg>${SSHHost}</arg>
<arg>port=${SSHPort}</arg>
<doc>Opens a new SSH connection to the given ``host`` and ``port``.</doc>
<status status="PASS" starttime="20230310 11:01:27.752" endtime="20230310 11:01:27.753"/>
</kw>
<kw name="Login" library="SSHLibrary">
<arg>${SSHUser}</arg>
<arg>${SSHPassword}</arg>
<doc>Logs into the SSH server with the given ``username`` and ``password``.</doc>
<status status="PASS" starttime="20230310 11:01:27.753" endtime="20230310 11:01:29.612"/>
</kw>
<kw name="Set Log Level" library="BuiltIn">
<arg>TRACE</arg>
<doc>Sets the log threshold to the specified level and returns the old level.</doc>
<msg timestamp="20230310 11:01:29.612" level="INFO">Log level changed from NONE to TRACE.</msg>
<msg timestamp="20230310 11:01:29.612" level="TRACE">Return: 'NONE'</msg>
<status status="PASS" starttime="20230310 11:01:29.612" endtime="20230310 11:01:29.612"/>
</kw>
<kw name="Create Local Ssh Tunnel" library="SSHLibrary">
<arg>${localPort}</arg>
<arg>${DBHost}</arg>
<arg>${remotePort}</arg>
<doc>The keyword uses the existing connection to set up local port forwarding
(the openssh -L option) from a local port through a tunneled
connection to a destination reachable from the SSH server machine.</doc>
<msg timestamp="20230310 11:01:29.613" level="TRACE">Arguments: [ '33306' | '127.0.0.1' | 3306 ]</msg>
<msg timestamp="20230310 11:01:29.614" level="INFO">Now forwarding port 33306 to 127.0.0.1:3306 ...</msg>
<msg timestamp="20230310 11:01:29.614" level="TRACE">Return: None</msg>
<status status="PASS" starttime="20230310 11:01:29.613" endtime="20230310 11:01:29.614"/>
</kw>
<msg timestamp="20230310 11:01:29.614" level="TRACE">Return: None</msg>
<status status="PASS" starttime="20230310 11:01:26.298" endtime="20230310 11:01:29.614"/>
</kw>
<kw name="Log" library="BuiltIn">
<arg>\n\nConnection to VM established!</arg>
<arg>console=yes</arg>
<doc>Logs the given message with the given level.</doc>
<msg timestamp="20230310 11:01:29.615" level="TRACE">Arguments: [ '\n\nConnection to VM established!' | console=True ]</msg>
<msg timestamp="20230310 11:01:29.615" level="INFO">

Connection to VM established!</msg>
<msg timestamp="20230310 11:01:29.615" level="TRACE">Return: None</msg>
<status status="PASS" starttime="20230310 11:01:29.615" endtime="20230310 11:01:29.615"/>
</kw>
<kw name="Connect to DB" library="db">
<msg timestamp="20230310 11:01:29.616" level="TRACE">Arguments: [  ]</msg>
<kw name="Connect To Database" library="DatabaseLibrary">
<arg>pymysql</arg>
<arg>${DBName}</arg>
<arg>${DBUser}</arg>
<arg>${DBPassword}</arg>
<arg>${DBHost}</arg>
<arg>${DBPort}</arg>
<doc>Loads the DB API 2.0 module given `dbapiModuleName` then uses it to
connect to the database using `dbName`, `dbUsername`, and `dbPassword`.</doc>
<msg timestamp="20230310 11:01:29.617" level="TRACE">Arguments: [ 'pymysql' | 'd0018e_store' | 'root' | '' | '127.0.0.1' | '33306' ]</msg>
<msg timestamp="20230310 11:01:29.652" level="INFO">Connecting using : pymysql.connect(db=d0018e_store, user=root, passwd=, host=127.0.0.1, port=33306, charset=None) </msg>
<msg timestamp="20230310 11:01:29.695" level="TRACE">Return: None</msg>
<status status="PASS" starttime="20230310 11:01:29.617" endtime="20230310 11:01:29.696"/>
</kw>
<msg timestamp="20230310 11:01:29.696" level="TRACE">Return: None</msg>
<status status="PASS" starttime="20230310 11:01:29.616" endtime="20230310 11:01:29.696"/>
</kw>
<kw name="Log" library="BuiltIn">
<arg>\nConnection to DB established!</arg>
<arg>console=yes</arg>
<doc>Logs the given message with the given level.</doc>
<msg timestamp="20230310 11:01:29.698" level="TRACE">Arguments: [ '\nConnection to DB established!' | console=True ]</msg>
<msg timestamp="20230310 11:01:29.698" level="INFO">
Connection to DB established!</msg>
<msg timestamp="20230310 11:01:29.698" level="TRACE">Return: None</msg>
<status status="PASS" starttime="20230310 11:01:29.698" endtime="20230310 11:01:29.699"/>
</kw>
<tag>AddBooks</tag>
<tag>Addusers</tag>
<tag>Admin</tag>
<tag>Connection</tag>
<tag>DeleteBooks</tag>
<tag>Procedures</tag>
<tag>Tables</tag>
<tag>UpdateDB</tag>
<tag>UserBasketRefusal</tag>
<status status="PASS" starttime="20230310 11:01:26.278" endtime="20230310 11:01:29.699"/>
</test>
<test id="s1-t2" name="Three More Books" line="44">
<kw name="Set Log Level" library="BuiltIn" type="SETUP">
<arg>TRACE</arg>
<doc>Sets the log threshold to the specified level and returns the old level.</doc>
<msg timestamp="20230310 11:01:29.702" level="TRACE">Arguments: [ 'TRACE' ]</msg>
<msg timestamp="20230310 11:01:29.702" level="INFO">Log level changed from TRACE to TRACE.</msg>
<msg timestamp="20230310 11:01:29.703" level="TRACE">Return: 'TRACE'</msg>
<status status="PASS" starttime="20230310 11:01:29.702" endtime="20230310 11:01:29.703"/>
</kw>
<kw name="Add Three Books" library="db">
<msg timestamp="20230310 11:01:29.705" level="TRACE">Arguments: [  ]</msg>
<kw name="Table Must Exist" library="DatabaseLibrary">
<arg>${asset}</arg>
<doc>Check if the table given exists in the database. Set optional input `sansTran` to True to run command without an
explicit transaction commit or rollback.</doc>
<msg timestamp="20230310 11:01:29.705" level="TRACE">Arguments: [ 'asset' ]</msg>
<msg timestamp="20230310 11:01:29.705" level="INFO">Executing : Table Must Exist  |  asset </msg>
<msg timestamp="20230310 11:01:29.705" level="INFO">Executing : Row Count  |  SELECT * FROM information_schema.tables WHERE table_name='asset' </msg>
<msg timestamp="20230310 11:01:29.737" level="TRACE">Return: None</msg>
<status status="PASS" starttime="20230310 11:01:29.705" endtime="20230310 11:01:29.737"/>
</kw>
<kw name="Row Count" library="DatabaseLibrary">
<var>${book_counter_bef}</var>
<arg>select * from ${asset}</arg>
<doc>Uses the input `selectStatement` to query the database and returns the number of rows from the query. Set
optional input `sansTran` to True to run command without an explicit transaction commit or rollback.</doc>
<msg timestamp="20230310 11:01:29.738" level="TRACE">Arguments: [ 'select * from asset' ]</msg>
<msg timestamp="20230310 11:01:29.738" level="INFO">Executing : Row Count  |  select * from asset </msg>
<msg timestamp="20230310 11:01:29.766" level="TRACE">Return: 3</msg>
<msg timestamp="20230310 11:01:29.767" level="INFO">${book_counter_bef} = 3</msg>
<status status="PASS" starttime="20230310 11:01:29.737" endtime="20230310 11:01:29.767"/>
</kw>
<kw name="Execute Sql String" library="DatabaseLibrary">
<arg>insert into ${asset}(${toInsertAss}) values(${newBook1}),(${newBook2}),(${newBook3});</arg>
<doc>Executes the sqlString as SQL commands. Useful to pass arguments to your sql. Set optional input `sansTran` to
True to run command without an explicit transaction commit or rollback.</doc>
<msg timestamp="20230310 11:01:29.768" level="TRACE">Arguments: [ 'insert into asset(subject_id,title,price,amount,description) values(2,"Digital Stuff",160.89,24,"Diggy wiggy biggy piggy"),(2,"Introduction To Life",299,20,"The most valueable book in the world. It will change your life. Trust us."),(3,"Nightmares For Babies",199,14,"Ever heard of lullabies for babies? Here comes the LTU version of it. Nightmares. We guarantee you not only immediate nightmares but also long term PTSD.");' ]</msg>
<msg timestamp="20230310 11:01:29.768" level="INFO">Executing : Execute SQL String  |  insert into asset(subject_id,title,price,amount,description) values(2,"Digital Stuff",160.89,24,"Diggy wiggy biggy piggy"),(2,"Introduction To Life",299,20,"The most valueable book in the world. It will change your life. Trust us."),(3,"Nightmares For Babies",199,14,"Ever heard of lullabies for babies? Here comes the LTU version of it. Nightmares. We guarantee you not only immediate nightmares but also long term PTSD."); </msg>
<msg timestamp="20230310 11:01:30.310" level="TRACE">Return: None</msg>
<status status="PASS" starttime="20230310 11:01:29.767" endtime="20230310 11:01:30.310"/>
</kw>
<kw name="Evaluate" library="BuiltIn">
<var>${book_counter_expect}</var>
<arg>${book_counter_bef} + 3</arg>
<doc>Evaluates the given expression in Python and returns the result.</doc>
<msg timestamp="20230310 11:01:30.310" level="TRACE">Arguments: [ '3 + 3' ]</msg>
<msg timestamp="20230310 11:01:30.310" level="TRACE">Return: 6</msg>
<msg timestamp="20230310 11:01:30.310" level="INFO">${book_counter_expect} = 6</msg>
<status status="PASS" starttime="20230310 11:01:30.310" endtime="20230310 11:01:30.311"/>
</kw>
<kw name="Row Count" library="DatabaseLibrary">
<var>${book_counter_after}</var>
<arg>select * from ${asset}</arg>
<doc>Uses the input `selectStatement` to query the database and returns the number of rows from the query. Set
optional input `sansTran` to True to run command without an explicit transaction commit or rollback.</doc>
<msg timestamp="20230310 11:01:30.311" level="TRACE">Arguments: [ 'select * from asset' ]</msg>
<msg timestamp="20230310 11:01:30.311" level="INFO">Executing : Row Count  |  select * from asset </msg>
<msg timestamp="20230310 11:01:30.340" level="TRACE">Return: 6</msg>
<msg timestamp="20230310 11:01:30.340" level="INFO">${book_counter_after} = 6</msg>
<status status="PASS" starttime="20230310 11:01:30.311" endtime="20230310 11:01:30.340"/>
</kw>
<kw name="Should Be Equal As Integers" library="BuiltIn">
<arg>${book_counter_expect}</arg>
<arg>${book_counter_after}</arg>
<doc>Fails if objects are unequal after converting them to integers.</doc>
<msg timestamp="20230310 11:01:30.341" level="TRACE">Arguments: [ 6 | 6 ]</msg>
<msg timestamp="20230310 11:01:30.341" level="DEBUG">Argument types are:
&lt;class 'int'&gt;
&lt;class 'int'&gt;</msg>
<msg timestamp="20230310 11:01:30.341" level="TRACE">Return: None</msg>
<status status="PASS" starttime="20230310 11:01:30.340" endtime="20230310 11:01:30.341"/>
</kw>
<msg timestamp="20230310 11:01:30.341" level="TRACE">Return: None</msg>
<status status="PASS" starttime="20230310 11:01:29.704" endtime="20230310 11:01:30.341"/>
</kw>
<kw name="Add Pics To Books" library="db">
<msg timestamp="20230310 11:01:30.342" level="TRACE">Arguments: [  ]</msg>
<kw name="Table Must Exist" library="DatabaseLibrary">
<arg>${asset}</arg>
<doc>Check if the table given exists in the database. Set optional input `sansTran` to True to run command without an
explicit transaction commit or rollback.</doc>
<msg timestamp="20230310 11:01:30.342" level="TRACE">Arguments: [ 'asset' ]</msg>
<msg timestamp="20230310 11:01:30.342" level="INFO">Executing : Table Must Exist  |  asset </msg>
<msg timestamp="20230310 11:01:30.342" level="INFO">Executing : Row Count  |  SELECT * FROM information_schema.tables WHERE table_name='asset' </msg>
<msg timestamp="20230310 11:01:30.372" level="TRACE">Return: None</msg>
<status status="PASS" starttime="20230310 11:01:30.342" endtime="20230310 11:01:30.372"/>
</kw>
<kw name="Query" library="DatabaseLibrary">
<var>${book1_ass_id}</var>
<arg>select asset_id from ${asset} where title="${newBook1_tit}"</arg>
<doc>Uses the input `selectStatement` to query for the values that will be returned as a list of tuples. Set optional
input `sansTran` to True to run command without an explicit transaction commit or rollback.
Set optional input `returnAsDict` to True to return values as a list of dictionaries.</doc>
<msg timestamp="20230310 11:01:30.372" level="TRACE">Arguments: [ 'select asset_id from asset where title="Digital Stuff"' ]</msg>
<msg timestamp="20230310 11:01:30.372" level="INFO">Executing : Query  |  select asset_id from asset where title="Digital Stuff" </msg>
<msg timestamp="20230310 11:01:30.401" level="TRACE">Return: ((4,),)</msg>
<msg timestamp="20230310 11:01:30.401" level="INFO">${book1_ass_id} = ((4,),)</msg>
<status status="PASS" starttime="20230310 11:01:30.372" endtime="20230310 11:01:30.401"/>
</kw>
<kw name="File Should Exist" library="OperatingSystem">
<arg>${newBook_pic_path}${newBook1_pic}</arg>
<doc>Fails unless the given ``path`` points to an existing file.</doc>
<msg timestamp="20230310 11:01:30.402" level="TRACE">Arguments: [ './../../views/img/85.png' ]</msg>
<msg timestamp="20230310 11:01:30.402" level="INFO" html="true">File '&lt;a href="file://C:\Users\kruci\Desktop\d0018e\D0018E\views\img\85.png"&gt;C:\Users\kruci\Desktop\d0018e\D0018E\views\img\85.png&lt;/a&gt;' exists.</msg>
<msg timestamp="20230310 11:01:30.402" level="TRACE">Return: None</msg>
<status status="PASS" starttime="20230310 11:01:30.401" endtime="20230310 11:01:30.402"/>
</kw>
<kw name="Move File" library="OperatingSystem">
<arg>${newBook_pic_path}${newBook1_pic}</arg>
<arg>${newBook_pic_path}${book1_ass_id[0][0]}.png</arg>
<doc>Moves the source file into the destination.</doc>
<msg timestamp="20230310 11:01:30.403" level="TRACE">Arguments: [ './../../views/img/85.png' | './../../views/img/4.png' ]</msg>
<msg timestamp="20230310 11:01:30.406" level="INFO" html="true">Moved file from '&lt;a href="file://C:\Users\kruci\Desktop\d0018e\D0018E\views\img\85.png"&gt;C:\Users\kruci\Desktop\d0018e\D0018E\views\img\85.png&lt;/a&gt;' to '&lt;a href="file://C:\Users\kruci\Desktop\d0018e\D0018E\views\img\4.png"&gt;C:\Users\kruci\Desktop\d0018e\D0018E\views\img\4.png&lt;/a&gt;'.</msg>
<msg timestamp="20230310 11:01:30.406" level="TRACE">Return: 'C:\\Users\\kruci\\Desktop\\d0018e\\D0018E\\views\\img\\4.png'</msg>
<status status="PASS" starttime="20230310 11:01:30.402" endtime="20230310 11:01:30.406"/>
</kw>
<kw name="Query" library="DatabaseLibrary">
<var>${book2_ass_id}</var>
<arg>select asset_id from ${asset} where title="${newBook2_tit}"</arg>
<doc>Uses the input `selectStatement` to query for the values that will be returned as a list of tuples. Set optional
input `sansTran` to True to run command without an explicit transaction commit or rollback.
Set optional input `returnAsDict` to True to return values as a list of dictionaries.</doc>
<msg timestamp="20230310 11:01:30.407" level="TRACE">Arguments: [ 'select asset_id from asset where title="Introduction To Life"' ]</msg>
<msg timestamp="20230310 11:01:30.407" level="INFO">Executing : Query  |  select asset_id from asset where title="Introduction To Life" </msg>
<msg timestamp="20230310 11:01:30.435" level="TRACE">Return: ((5,),)</msg>
<msg timestamp="20230310 11:01:30.435" level="INFO">${book2_ass_id} = ((5,),)</msg>
<status status="PASS" starttime="20230310 11:01:30.406" endtime="20230310 11:01:30.435"/>
</kw>
<kw name="File Should Exist" library="OperatingSystem">
<arg>${newBook_pic_path}${newBook2_pic}</arg>
<doc>Fails unless the given ``path`` points to an existing file.</doc>
<msg timestamp="20230310 11:01:30.436" level="TRACE">Arguments: [ './../../views/img/86.png' ]</msg>
<msg timestamp="20230310 11:01:30.437" level="INFO" html="true">File '&lt;a href="file://C:\Users\kruci\Desktop\d0018e\D0018E\views\img\86.png"&gt;C:\Users\kruci\Desktop\d0018e\D0018E\views\img\86.png&lt;/a&gt;' exists.</msg>
<msg timestamp="20230310 11:01:30.437" level="TRACE">Return: None</msg>
<status status="PASS" starttime="20230310 11:01:30.436" endtime="20230310 11:01:30.437"/>
</kw>
<kw name="Move File" library="OperatingSystem">
<arg>${newBook_pic_path}${newBook2_pic}</arg>
<arg>${newBook_pic_path}${book2_ass_id[0][0]}.png</arg>
<doc>Moves the source file into the destination.</doc>
<msg timestamp="20230310 11:01:30.438" level="TRACE">Arguments: [ './../../views/img/86.png' | './../../views/img/5.png' ]</msg>
<msg timestamp="20230310 11:01:30.440" level="INFO" html="true">Moved file from '&lt;a href="file://C:\Users\kruci\Desktop\d0018e\D0018E\views\img\86.png"&gt;C:\Users\kruci\Desktop\d0018e\D0018E\views\img\86.png&lt;/a&gt;' to '&lt;a href="file://C:\Users\kruci\Desktop\d0018e\D0018E\views\img\5.png"&gt;C:\Users\kruci\Desktop\d0018e\D0018E\views\img\5.png&lt;/a&gt;'.</msg>
<msg timestamp="20230310 11:01:30.441" level="TRACE">Return: 'C:\\Users\\kruci\\Desktop\\d0018e\\D0018E\\views\\img\\5.png'</msg>
<status status="PASS" starttime="20230310 11:01:30.437" endtime="20230310 11:01:30.441"/>
</kw>
<kw name="Query" library="DatabaseLibrary">
<var>${book3_ass_id}</var>
<arg>select asset_id from ${asset} where title="${newBook3_tit}"</arg>
<doc>Uses the input `selectStatement` to query for the values that will be returned as a list of tuples. Set optional
input `sansTran` to True to run command without an explicit transaction commit or rollback.
Set optional input `returnAsDict` to True to return values as a list of dictionaries.</doc>
<msg timestamp="20230310 11:01:30.441" level="TRACE">Arguments: [ 'select asset_id from asset where title="Nightmares For Babies"' ]</msg>
<msg timestamp="20230310 11:01:30.442" level="INFO">Executing : Query  |  select asset_id from asset where title="Nightmares For Babies" </msg>
<msg timestamp="20230310 11:01:30.473" level="TRACE">Return: ((6,),)</msg>
<msg timestamp="20230310 11:01:30.473" level="INFO">${book3_ass_id} = ((6,),)</msg>
<status status="PASS" starttime="20230310 11:01:30.441" endtime="20230310 11:01:30.473"/>
</kw>
<kw name="File Should Exist" library="OperatingSystem">
<arg>${newBook_pic_path}${newBook3_pic}</arg>
<doc>Fails unless the given ``path`` points to an existing file.</doc>
<msg timestamp="20230310 11:01:30.474" level="TRACE">Arguments: [ './../../views/img/87.png' ]</msg>
<msg timestamp="20230310 11:01:30.474" level="INFO" html="true">File '&lt;a href="file://C:\Users\kruci\Desktop\d0018e\D0018E\views\img\87.png"&gt;C:\Users\kruci\Desktop\d0018e\D0018E\views\img\87.png&lt;/a&gt;' exists.</msg>
<msg timestamp="20230310 11:01:30.474" level="TRACE">Return: None</msg>
<status status="PASS" starttime="20230310 11:01:30.473" endtime="20230310 11:01:30.474"/>
</kw>
<kw name="Move File" library="OperatingSystem">
<arg>${newBook_pic_path}${newBook3_pic}</arg>
<arg>${newBook_pic_path}${book3_ass_id[0][0]}.png</arg>
<doc>Moves the source file into the destination.</doc>
<msg timestamp="20230310 11:01:30.476" level="TRACE">Arguments: [ './../../views/img/87.png' | './../../views/img/6.png' ]</msg>
<msg timestamp="20230310 11:01:30.479" level="INFO" html="true">Moved file from '&lt;a href="file://C:\Users\kruci\Desktop\d0018e\D0018E\views\img\87.png"&gt;C:\Users\kruci\Desktop\d0018e\D0018E\views\img\87.png&lt;/a&gt;' to '&lt;a href="file://C:\Users\kruci\Desktop\d0018e\D0018E\views\img\6.png"&gt;C:\Users\kruci\Desktop\d0018e\D0018E\views\img\6.png&lt;/a&gt;'.</msg>
<msg timestamp="20230310 11:01:30.479" level="TRACE">Return: 'C:\\Users\\kruci\\Desktop\\d0018e\\D0018E\\views\\img\\6.png'</msg>
<status status="PASS" starttime="20230310 11:01:30.474" endtime="20230310 11:01:30.479"/>
</kw>
<msg timestamp="20230310 11:01:30.479" level="TRACE">Return: None</msg>
<status status="PASS" starttime="20230310 11:01:30.342" endtime="20230310 11:01:30.479"/>
</kw>
<tag>AddBooks</tag>
<status status="PASS" starttime="20230310 11:01:29.701" endtime="20230310 11:01:30.480"/>
</test>
<doc>Connecting to the DB</doc>
<status status="PASS" starttime="20230310 11:01:25.866" endtime="20230310 11:01:30.482"/>
</suite>
<statistics>
<total>
<stat pass="2" fail="0" skip="0">All Tests</stat>
</total>
<tag>
<stat pass="2" fail="0" skip="0">AddBooks</stat>
<stat pass="1" fail="0" skip="0">Addusers</stat>
<stat pass="1" fail="0" skip="0">Admin</stat>
<stat pass="1" fail="0" skip="0">Connection</stat>
<stat pass="1" fail="0" skip="0">DeleteBooks</stat>
<stat pass="1" fail="0" skip="0">Procedures</stat>
<stat pass="1" fail="0" skip="0">Tables</stat>
<stat pass="1" fail="0" skip="0">UpdateDB</stat>
<stat pass="1" fail="0" skip="0">UserBasketRefusal</stat>
</tag>
<suite>
<stat pass="2" fail="0" skip="0" id="s1" name="Connect">Connect</stat>
</suite>
</statistics>
<errors>
</errors>
</robot>
