<?xml version="1.0" encoding="UTF-8"?>
<robot generator="Robot 6.0.2 (Python 3.11.0 on win32)" generated="20230216 22:21:08.158" rpa="false" schemaversion="3">
<suite id="s1" name="Gui-Connect" source="C:\Users\kruci\Desktop\d0018e\D0018E\tests\gui tests\gui-connect.robot">
<test id="s1-t1" name="Run Website" line="15">
<kw name="Set Log Level" library="BuiltIn" type="SETUP">
<arg>TRACE</arg>
<doc>Sets the log threshold to the specified level and returns the old level.</doc>
<msg timestamp="20230216 22:21:09.261" level="INFO">Log level changed from INFO to TRACE.</msg>
<msg timestamp="20230216 22:21:09.261" level="TRACE">Return: 'INFO'</msg>
<status status="PASS" starttime="20230216 22:21:09.260" endtime="20230216 22:21:09.261"/>
</kw>
<kw name="Start Website" library="gui">
<msg timestamp="20230216 22:21:09.262" level="TRACE">Arguments: [  ]</msg>
<kw name="Open Browser" library="SeleniumLibrary">
<arg>${noWebsite}</arg>
<arg>${browser}</arg>
<doc>Opens a new browser instance to the optional ``url``.</doc>
<msg timestamp="20230216 22:21:09.263" level="TRACE">Arguments: [ 'about:blank' | 'chrome' ]</msg>
<msg timestamp="20230216 22:21:09.263" level="INFO">Opening browser 'chrome' to base url 'about:blank'.</msg>
<msg timestamp="20230216 22:21:09.296" level="DEBUG">driver not found in PATH, trying Selenium Manager</msg>
<msg timestamp="20230216 22:21:09.297" level="DEBUG">Executing: C:\Python311\Lib\site-packages\selenium\webdriver\common\windows\selenium-manager.exe --browser chrome</msg>
<msg timestamp="20230216 22:21:09.543" level="DEBUG">Using driver at: C:\Users\kruci\.cache\selenium\chromedriver\win32\109.0.5414.74\chromedriver.exe</msg>
<msg timestamp="20230216 22:21:09.554" level="DEBUG">Started executable: `chromedriver` in a child process with pid: 16040</msg>
<msg timestamp="20230216 22:21:10.084" level="DEBUG">POST http://localhost:59214/session {"capabilities": {"firstMatch": [{}], "alwaysMatch": {"browserName": "chrome", "pageLoadStrategy": "normal", "goog:chromeOptions": {"extensions": [], "args": []}}}}</msg>
<msg timestamp="20230216 22:21:10.085" level="DEBUG">Starting new HTTP connection (1): localhost:59214</msg>
<msg timestamp="20230216 22:21:10.817" level="DEBUG">http://localhost:59214 "POST /session HTTP/1.1" 200 792</msg>
<msg timestamp="20230216 22:21:10.817" level="DEBUG">Remote response: status=200 | data={"value":{"capabilities":{"acceptInsecureCerts":false,"browserName":"chrome","browserVersion":"109.0.5414.122","chrome":{"chromedriverVersion":"109.0.5414.74 (e7c5703604daa9cc128ccf5a5d3e993513758913-refs/branch-heads/5414@{#1172})","userDataDir":"C:\\Users\\kruci\\AppData\\Local\\Temp\\scoped_dir16040_1357976310"},"goog:chromeOptions":{"debuggerAddress":"localhost:59217"},"networkConnectionEnabled":false,"pageLoadStrategy":"normal","platformName":"windows","proxy":{},"setWindowRect":true,"strictFileInteractability":false,"timeouts":{"implicit":0,"pageLoad":300000,"script":30000},"unhandledPromptBehavior":"dismiss and notify","webauthn:extension:credBlob":true,"webauthn:extension:largeBlob":true,"webauthn:virtualAuthenticators":true},"sessionId":"83e3a9ee3c4f2d1b2f0d832d283b9e94"}} | headers=HTTPHeaderDict({'Content-Length': '792', 'Content-Type': 'application/json; charset=utf-8', 'cache-control': 'no-cache'})</msg>
<msg timestamp="20230216 22:21:10.817" level="DEBUG">Finished Request</msg>
<msg timestamp="20230216 22:21:10.818" level="DEBUG">POST http://localhost:59214/session/83e3a9ee3c4f2d1b2f0d832d283b9e94/timeouts {"script": 5000}</msg>
<msg timestamp="20230216 22:21:10.819" level="DEBUG">http://localhost:59214 "POST /session/83e3a9ee3c4f2d1b2f0d832d283b9e94/timeouts HTTP/1.1" 200 14</msg>
<msg timestamp="20230216 22:21:10.819" level="DEBUG">Remote response: status=200 | data={"value":null} | headers=HTTPHeaderDict({'Content-Length': '14', 'Content-Type': 'application/json; charset=utf-8', 'cache-control': 'no-cache'})</msg>
<msg timestamp="20230216 22:21:10.820" level="DEBUG">Finished Request</msg>
<msg timestamp="20230216 22:21:10.820" level="DEBUG">POST http://localhost:59214/session/83e3a9ee3c4f2d1b2f0d832d283b9e94/timeouts {"implicit": 0}</msg>
<msg timestamp="20230216 22:21:10.821" level="DEBUG">http://localhost:59214 "POST /session/83e3a9ee3c4f2d1b2f0d832d283b9e94/timeouts HTTP/1.1" 200 14</msg>
<msg timestamp="20230216 22:21:10.821" level="DEBUG">Remote response: status=200 | data={"value":null} | headers=HTTPHeaderDict({'Content-Length': '14', 'Content-Type': 'application/json; charset=utf-8', 'cache-control': 'no-cache'})</msg>
<msg timestamp="20230216 22:21:10.821" level="DEBUG">Finished Request</msg>
<msg timestamp="20230216 22:21:10.821" level="DEBUG">POST http://localhost:59214/session/83e3a9ee3c4f2d1b2f0d832d283b9e94/url {"url": "about:blank"}</msg>
<msg timestamp="20230216 22:21:10.840" level="DEBUG">http://localhost:59214 "POST /session/83e3a9ee3c4f2d1b2f0d832d283b9e94/url HTTP/1.1" 200 14</msg>
<msg timestamp="20230216 22:21:10.840" level="DEBUG">Remote response: status=200 | data={"value":null} | headers=HTTPHeaderDict({'Content-Length': '14', 'Content-Type': 'application/json; charset=utf-8', 'cache-control': 'no-cache'})</msg>
<msg timestamp="20230216 22:21:10.841" level="DEBUG">Finished Request</msg>
<msg timestamp="20230216 22:21:10.841" level="DEBUG">Opened browser with session id 83e3a9ee3c4f2d1b2f0d832d283b9e94.</msg>
<msg timestamp="20230216 22:21:10.841" level="TRACE">Return: 1</msg>
<status status="PASS" starttime="20230216 22:21:09.262" endtime="20230216 22:21:10.841"/>
</kw>
<kw name="Go To" library="SeleniumLibrary">
<arg>${website}</arg>
<doc>Navigates the current browser window to the provided ``url``.</doc>
<msg timestamp="20230216 22:21:10.842" level="TRACE">Arguments: [ 'http://localhost:3000/' ]</msg>
<msg timestamp="20230216 22:21:10.842" level="INFO">Opening url 'http://localhost:3000/'</msg>
<msg timestamp="20230216 22:21:10.843" level="DEBUG">POST http://localhost:59214/session/83e3a9ee3c4f2d1b2f0d832d283b9e94/url {"url": "http://localhost:3000/"}</msg>
<msg timestamp="20230216 22:21:11.145" level="DEBUG">http://localhost:59214 "POST /session/83e3a9ee3c4f2d1b2f0d832d283b9e94/url HTTP/1.1" 200 14</msg>
<msg timestamp="20230216 22:21:11.146" level="DEBUG">Remote response: status=200 | data={"value":null} | headers=HTTPHeaderDict({'Content-Length': '14', 'Content-Type': 'application/json; charset=utf-8', 'cache-control': 'no-cache'})</msg>
<msg timestamp="20230216 22:21:11.146" level="DEBUG">Finished Request</msg>
<msg timestamp="20230216 22:21:11.146" level="TRACE">Return: None</msg>
<status status="PASS" starttime="20230216 22:21:10.842" endtime="20230216 22:21:11.146"/>
</kw>
<msg timestamp="20230216 22:21:11.146" level="TRACE">Return: None</msg>
<status status="PASS" starttime="20230216 22:21:09.262" endtime="20230216 22:21:11.146"/>
</kw>
<kw name="Sleep" library="BuiltIn">
<arg>10s</arg>
<doc>Pauses the test executed for the given time.</doc>
<msg timestamp="20230216 22:21:11.148" level="TRACE">Arguments: [ '10s' ]</msg>
<msg timestamp="20230216 22:21:21.149" level="INFO">Slept 10 seconds</msg>
<msg timestamp="20230216 22:21:21.149" level="TRACE">Return: None</msg>
<status status="PASS" starttime="20230216 22:21:11.147" endtime="20230216 22:21:21.149"/>
</kw>
<tag>GUIConnection</tag>
<status status="PASS" starttime="20230216 22:21:09.230" endtime="20230216 22:21:21.150"/>
</test>
<doc>Connect in order to run and test the website</doc>
<status status="PASS" starttime="20230216 22:21:08.163" endtime="20230216 22:21:21.154"/>
</suite>
<statistics>
<total>
<stat pass="1" fail="0" skip="0">All Tests</stat>
</total>
<tag>
<stat pass="1" fail="0" skip="0">GUIConnection</stat>
</tag>
<suite>
<stat pass="1" fail="0" skip="0" id="s1" name="Gui-Connect">Gui-Connect</stat>
</suite>
</statistics>
<errors>
</errors>
</robot>
