<?xml version="1.0" encoding="UTF-8"?>
<robot generator="Robot 6.0.2 (Python 3.11.0 on win32)" generated="20230124 23:50:28.782" rpa="false" schemaversion="3">
<suite id="s1" name="Initial" source="C:\Users\kruci\Desktop\d0018e\D0018E\first test\initial.robot">
<test id="s1-t1" name="Test Ahlens" line="11">
<kw name="Open Browser" library="SeleniumLibrary">
<arg>${noWebsite}</arg>
<arg>${browser}</arg>
<doc>Opens a new browser instance to the optional ``url``.</doc>
<msg timestamp="20230124 23:50:29.148" level="INFO">Opening browser 'chrome' to base url 'about:blank'.</msg>
<status status="PASS" starttime="20230124 23:50:29.147" endtime="20230124 23:50:30.554"/>
</kw>
<kw name="Sleep" library="BuiltIn">
<arg>5</arg>
<doc>Pauses the test executed for the given time.</doc>
<msg timestamp="20230124 23:50:35.555" level="INFO">Slept 5 seconds</msg>
<status status="PASS" starttime="20230124 23:50:30.555" endtime="20230124 23:50:35.555"/>
</kw>
<kw name="Go To" library="SeleniumLibrary">
<arg>${website}</arg>
<doc>Navigates the current browser window to the provided ``url``.</doc>
<msg timestamp="20230124 23:50:35.556" level="INFO">Opening url 'https://www.ahlens.se/'</msg>
<status status="PASS" starttime="20230124 23:50:35.556" endtime="20230124 23:50:37.840"/>
</kw>
<kw name="Sleep" library="BuiltIn">
<arg>5</arg>
<doc>Pauses the test executed for the given time.</doc>
<msg timestamp="20230124 23:50:42.842" level="INFO">Slept 5 seconds</msg>
<status status="PASS" starttime="20230124 23:50:37.841" endtime="20230124 23:50:42.842"/>
</kw>
<status status="PASS" starttime="20230124 23:50:29.145" endtime="20230124 23:50:42.843"/>
</test>
<doc>Initial test</doc>
<status status="PASS" starttime="20230124 23:50:28.785" endtime="20230124 23:50:42.845"/>
</suite>
<statistics>
<total>
<stat pass="1" fail="0" skip="0">All Tests</stat>
</total>
<tag>
</tag>
<suite>
<stat pass="1" fail="0" skip="0" id="s1" name="Initial">Initial</stat>
</suite>
</statistics>
<errors>
</errors>
</robot>
